<?xml version="1.0" encoding="UTF-8"?>
<testsuite name="ledger.hadoop.client.HadoopClientControllerTest" tests="1" skipped="0" failures="0" errors="0" timestamp="2017-04-13T07:18:55" hostname="kait-PC" time="6.832">
  <properties/>
  <testcase name="HadoopClient" classname="ledger.hadoop.client.HadoopClientControllerTest" time="6.832"/>
  <system-out><![CDATA[Test Start!
2017-04-13 16:18:56.146 ERROR 1384 --- [    Test worker] org.apache.hadoop.util.Shell             : Failed to locate the winutils binary in the hadoop binary path

java.io.IOException: Could not locate executable null\bin\winutils.exe in the Hadoop binaries.
	at org.apache.hadoop.util.Shell.getQualifiedBinPath(Shell.java:356) [hadoop-common-2.7.1.jar:na]
	at org.apache.hadoop.util.Shell.getWinUtilsPath(Shell.java:371) [hadoop-common-2.7.1.jar:na]
	at org.apache.hadoop.util.Shell.<clinit>(Shell.java:364) [hadoop-common-2.7.1.jar:na]
	at org.apache.hadoop.util.StringUtils.<clinit>(StringUtils.java:80) [hadoop-common-2.7.1.jar:na]
	at org.apache.hadoop.fs.FileSystem$Cache$Key.<init>(FileSystem.java:2807) [hadoop-common-2.7.1.jar:na]
	at org.apache.hadoop.fs.FileSystem$Cache$Key.<init>(FileSystem.java:2802) [hadoop-common-2.7.1.jar:na]
	at org.apache.hadoop.fs.FileSystem$Cache.get(FileSystem.java:2668) [hadoop-common-2.7.1.jar:na]
	at org.apache.hadoop.fs.FileSystem.get(FileSystem.java:371) [hadoop-common-2.7.1.jar:na]
	at org.apache.hadoop.fs.FileSystem.get(FileSystem.java:170) [hadoop-common-2.7.1.jar:na]
	at ledger.hadoop.client.HadoopClientControllerTest.HadoopClient(HadoopClientControllerTest.java:73) [test/:na]
	at sun.reflect.NativeMethodAccessorImpl.invoke0(Native Method) ~[na:1.8.0_111]
	at sun.reflect.NativeMethodAccessorImpl.invoke(NativeMethodAccessorImpl.java:62) ~[na:1.8.0_111]
	at sun.reflect.DelegatingMethodAccessorImpl.invoke(DelegatingMethodAccessorImpl.java:43) ~[na:1.8.0_111]
	at java.lang.reflect.Method.invoke(Method.java:498) ~[na:1.8.0_111]
	at org.junit.runners.model.FrameworkMethod$1.runReflectiveCall(FrameworkMethod.java:50) [junit-4.12.jar:4.12]
	at org.junit.internal.runners.model.ReflectiveCallable.run(ReflectiveCallable.java:12) [junit-4.12.jar:4.12]
	at org.junit.runners.model.FrameworkMethod.invokeExplosively(FrameworkMethod.java:47) [junit-4.12.jar:4.12]
	at org.junit.internal.runners.statements.InvokeMethod.evaluate(InvokeMethod.java:17) [junit-4.12.jar:4.12]
	at org.junit.runners.ParentRunner.runLeaf(ParentRunner.java:325) [junit-4.12.jar:4.12]
	at org.junit.runners.BlockJUnit4ClassRunner.runChild(BlockJUnit4ClassRunner.java:78) [junit-4.12.jar:4.12]
	at org.junit.runners.BlockJUnit4ClassRunner.runChild(BlockJUnit4ClassRunner.java:57) [junit-4.12.jar:4.12]
	at org.junit.runners.ParentRunner$3.run(ParentRunner.java:290) [junit-4.12.jar:4.12]
	at org.junit.runners.ParentRunner$1.schedule(ParentRunner.java:71) [junit-4.12.jar:4.12]
	at org.junit.runners.ParentRunner.runChildren(ParentRunner.java:288) [junit-4.12.jar:4.12]
	at org.junit.runners.ParentRunner.access$000(ParentRunner.java:58) [junit-4.12.jar:4.12]
	at org.junit.runners.ParentRunner$2.evaluate(ParentRunner.java:268) [junit-4.12.jar:4.12]
	at org.junit.runners.ParentRunner.run(ParentRunner.java:363) [junit-4.12.jar:4.12]
	at org.gradle.api.internal.tasks.testing.junit.JUnitTestClassExecuter.runTestClass(JUnitTestClassExecuter.java:112) [gradle-testing-jvm-2.13.jar:2.13]
	at org.gradle.api.internal.tasks.testing.junit.JUnitTestClassExecuter.execute(JUnitTestClassExecuter.java:56) [gradle-testing-jvm-2.13.jar:2.13]
	at org.gradle.api.internal.tasks.testing.junit.JUnitTestClassProcessor.processTestClass(JUnitTestClassProcessor.java:66) [gradle-testing-jvm-2.13.jar:2.13]
	at org.gradle.api.internal.tasks.testing.SuiteTestClassProcessor.processTestClass(SuiteTestClassProcessor.java:51) [gradle-testing-base-2.13.jar:2.13]
	at sun.reflect.NativeMethodAccessorImpl.invoke0(Native Method) ~[na:1.8.0_111]
	at sun.reflect.NativeMethodAccessorImpl.invoke(NativeMethodAccessorImpl.java:62) ~[na:1.8.0_111]
	at sun.reflect.DelegatingMethodAccessorImpl.invoke(DelegatingMethodAccessorImpl.java:43) ~[na:1.8.0_111]
	at java.lang.reflect.Method.invoke(Method.java:498) ~[na:1.8.0_111]
	at org.gradle.messaging.dispatch.ReflectionDispatch.dispatch(ReflectionDispatch.java:35) [gradle-messaging-2.13.jar:2.13]
	at org.gradle.messaging.dispatch.ReflectionDispatch.dispatch(ReflectionDispatch.java:24) [gradle-messaging-2.13.jar:2.13]
	at org.gradle.messaging.dispatch.ContextClassLoaderDispatch.dispatch(ContextClassLoaderDispatch.java:32) [gradle-messaging-2.13.jar:2.13]
	at org.gradle.messaging.dispatch.ProxyDispatchAdapter$DispatchingInvocationHandler.invoke(ProxyDispatchAdapter.java:93) [gradle-messaging-2.13.jar:2.13]
	at com.sun.proxy.$Proxy2.processTestClass(Unknown Source) [na:na]
	at org.gradle.api.internal.tasks.testing.worker.TestWorker.processTestClass(TestWorker.java:109) [gradle-testing-base-2.13.jar:2.13]
	at sun.reflect.NativeMethodAccessorImpl.invoke0(Native Method) ~[na:1.8.0_111]
	at sun.reflect.NativeMethodAccessorImpl.invoke(NativeMethodAccessorImpl.java:62) ~[na:1.8.0_111]
	at sun.reflect.DelegatingMethodAccessorImpl.invoke(DelegatingMethodAccessorImpl.java:43) ~[na:1.8.0_111]
	at java.lang.reflect.Method.invoke(Method.java:498) ~[na:1.8.0_111]
	at org.gradle.messaging.dispatch.ReflectionDispatch.dispatch(ReflectionDispatch.java:35) [gradle-messaging-2.13.jar:2.13]
	at org.gradle.messaging.dispatch.ReflectionDispatch.dispatch(ReflectionDispatch.java:24) [gradle-messaging-2.13.jar:2.13]
	at org.gradle.messaging.remote.internal.hub.MessageHub$Handler.run(MessageHub.java:364) [gradle-messaging-2.13.jar:2.13]
	at org.gradle.internal.concurrent.ExecutorPolicy$CatchAndRecordFailures.onExecute(ExecutorPolicy.java:54) [gradle-base-services-2.13.jar:2.13]
	at org.gradle.internal.concurrent.StoppableExecutorImpl$1.run(StoppableExecutorImpl.java:40) [gradle-base-services-2.13.jar:2.13]
	at java.util.concurrent.ThreadPoolExecutor.runWorker(ThreadPoolExecutor.java:1142) [na:1.8.0_111]
	at java.util.concurrent.ThreadPoolExecutor$Worker.run(ThreadPoolExecutor.java:617) [na:1.8.0_111]
	at java.lang.Thread.run(Thread.java:745) [na:1.8.0_111]

2017-04-13 16:18:56.318  WARN 1384 --- [    Test worker] org.apache.hadoop.util.NativeCodeLoader  : Unable to load native-hadoop library for your platform... using builtin-java classes where applicable
output1 : This product includes software developed by The Apache SoftwareFoundation (http://www.apache.org/).The binary distribution of this product bundles binaries oforg.iq80.leveldb:leveldb-api (https://github.com/dain/leveldb), which has thefollowing notices:* Copyright 2011 Dain Sundstrom <dain@iq80.com>* Copyright 2011 FuseSource Corp. http://fusesource.comThe binary distribution of this product bundles binaries oforg.fusesource.hawtjni:hawtjni-runtime (https://github.com/fusesource/hawtjni),which has the following notices:* This product includes software developed by FuseSource Corp.  http://fusesource.com* This product includes software developed at  Progress Software Corporation and/or its  subsidiaries or affiliates.* This product includes software developed by IBM Corporation and others.The binary distribution of this product bundles binaries ofGson 2.2.4,which has the following notices:                            The Netty Project                            =================Please visit the Netty web site for more information:  * http://netty.io/Copyright 2014 The Netty ProjectThe Netty Project licenses this file to you under the Apache License,version 2.0 (the "License"); you may not use this file except in compliancewith the License. You may obtain a copy of the License at:  http://www.apache.org/licenses/LICENSE-2.0Unless required by applicable law or agreed to in writing, softwaredistributed under the License is distributed on an "AS IS" BASIS, WITHOUTWARRANTIES OR CONDITIONS OF ANY KIND, either express or implied. See theLicense for the specific language governing permissions and limitationsunder the License.Also, please refer to each LICENSE.<component>.txt file, which is located inthe 'license' directory of the distribution file, for the license terms of thecomponents that this product depends on.-------------------------------------------------------------------------------This product contains the extensions to Java Collections Framework which hasbeen derived from the works by JSR-166 EG, Doug Lea, and Jason T. Greene:  * LICENSE:    * license/LICENSE.jsr166y.txt (Public Domain)  * HOMEPAGE:    * http://gee.cs.oswego.edu/cgi-bin/viewcvs.cgi/jsr166/    * http://viewvc.jboss.org/cgi-bin/viewvc.cgi/jbosscache/experimental/jsr166/This product contains a modified version of Robert Harder's Public DomainBase64 Encoder and Decoder, which can be obtained at:  * LICENSE:    * license/LICENSE.base64.txt (Public Domain)  * HOMEPAGE:    * http://iharder.sourceforge.net/current/java/base64/This product contains a modified portion of 'Webbit', an event basedWebSocket and HTTP server, which can be obtained at:  * LICENSE:    * license/LICENSE.webbit.txt (BSD License)  * HOMEPAGE:    * https://github.com/joewalnes/webbitThis product contains a modified portion of 'SLF4J', a simple loggingfacade for Java, which can be obtained at:  * LICENSE:    * license/LICENSE.slf4j.txt (MIT License)  * HOMEPAGE:    * http://www.slf4j.org/This product contains a modified portion of 'ArrayDeque', written by JoshBloch of Google, Inc:  * LICENSE:    * license/LICENSE.deque.txt (Public Domain)This product contains a modified portion of 'Apache Harmony', an open sourceJava SE, which can be obtained at:  * LICENSE:    * license/LICENSE.harmony.txt (Apache License 2.0)  * HOMEPAGE:    * http://archive.apache.org/dist/harmony/This product contains a modified version of Roland Kuhn's ASL2AbstractNodeQueue, which is based on Dmitriy Vyukov's non-intrusive MPSC queue.It can be obtained at:  * LICENSE:    * license/LICENSE.abstractnodequeue.txt (Public Domain)  * HOMEPAGE:    * https://github.com/akka/akka/blob/wip-2.2.3-for-scala-2.11/akka-actor/src/main/java/akka/dispatch/AbstractNodeQueue.javaThis product contains a modified portion of 'jbzip2', a Java bzip2 compressionand decompression library written by Matthew J. Francis. It can be obtained at:  * LICENSE:    * license/LICENSE.jbzip2.txt (MIT License)  * HOMEPAGE:    * https://code.google.com/p/jbzip2/This product contains a modified portion of 'libdivsufsort', a C API library to constructthe suffix array and the Burrows-Wheeler transformed string for any input string ofa constant-size alphabet written by Yuta Mori. It can be obtained at:  * LICENSE:    * license/LICENSE.libdivsufsort.txt (MIT License)  * HOMEPAGE:    * https://code.google.com/p/libdivsufsort/This product contains a modified portion of Nitsan Wakart's 'JCTools', Java Concurrency Tools for the JVM, which can be obtained at:  * LICENSE:    * license/LICENSE.jctools.txt (ASL2 License)  * HOMEPAGE:    * https://github.com/JCTools/JCToolsThis product optionally depends on 'JZlib', a re-implementation of zlib inpure Java, which can be obtained at:  * LICENSE:    * license/LICENSE.jzlib.txt (BSD style License)  * HOMEPAGE:    * http://www.jcraft.com/jzlib/This product optionally depends on 'Compress-LZF', a Java library for encoding anddecoding data in LZF format, written by Tatu Saloranta. It can be obtained at:  * LICENSE:    * license/LICENSE.compress-lzf.txt (Apache License 2.0)  * HOMEPAGE:    * https://github.com/ning/compressThis product optionally depends on 'lz4', a LZ4 Java compressionand decompression library written by Adrien Grand. It can be obtained at:  * LICENSE:    * license/LICENSE.lz4.txt (Apache License 2.0)  * HOMEPAGE:    * https://github.com/jpountz/lz4-javaThis product optionally depends on 'lzma-java', a LZMA Java compressionand decompression library, which can be obtained at:  * LICENSE:    * license/LICENSE.lzma-java.txt (Apache License 2.0)  * HOMEPAGE:    * https://github.com/jponge/lzma-javaThis product contains a modified portion of 'jfastlz', a Java port of FastLZ compressionand decompression library written by William Kinney. It can be obtained at:  * LICENSE:    * license/LICENSE.jfastlz.txt (MIT License)  * HOMEPAGE:    * https://code.google.com/p/jfastlz/This product contains a modified portion of and optionally depends on 'Protocol Buffers', Google's datainterchange format, which can be obtained at:  * LICENSE:    * license/LICENSE.protobuf.txt (New BSD License)  * HOMEPAGE:    * http://code.google.com/p/protobuf/This product optionally depends on 'Bouncy Castle Crypto APIs' to generatea temporary self-signed X.509 certificate when the JVM does not provide theequivalent functionality.  It can be obtained at:  * LICENSE:    * license/LICENSE.bouncycastle.txt (MIT License)  * HOMEPAGE:    * http://www.bouncycastle.org/This product optionally depends on 'Snappy', a compression library producedby Google Inc, which can be obtained at:  * LICENSE:    * license/LICENSE.snappy.txt (New BSD License)  * HOMEPAGE:    * http://code.google.com/p/snappy/This product optionally depends on 'JBoss Marshalling', an alternative Javaserialization API, which can be obtained at:  * LICENSE:    * license/LICENSE.jboss-marshalling.txt (GNU LGPL 2.1)  * HOMEPAGE:    * http://www.jboss.org/jbossmarshallingThis product optionally depends on 'Caliper', Google's micro-benchmarking framework, which can be obtained at:  * LICENSE:    * license/LICENSE.caliper.txt (Apache License 2.0)  * HOMEPAGE:    * http://code.google.com/p/caliper/This product optionally depends on 'Apache Commons Logging', a loggingframework, which can be obtained at:  * LICENSE:    * license/LICENSE.commons-logging.txt (Apache License 2.0)  * HOMEPAGE:    * http://commons.apache.org/logging/This product optionally depends on 'Apache Log4J', a logging framework, whichcan be obtained at:  * LICENSE:    * license/LICENSE.log4j.txt (Apache License 2.0)  * HOMEPAGE:    * http://logging.apache.org/log4j/This product optionally depends on 'Aalto XML', an ultra-high performancenon-blocking XML processor, which can be obtained at:  * LICENSE:    * license/LICENSE.aalto-xml.txt (Apache License 2.0)  * HOMEPAGE:    * http://wiki.fasterxml.com/AaltoHomeThis product contains a modified version of 'HPACK', a Java implementation ofthe HTTP/2 HPACK algorithm written by Twitter. It can be obtained at:  * LICENSE:    * license/LICENSE.hpack.txt (Apache License 2.0)  * HOMEPAGE:    * https://github.com/twitter/hpackThis product contains a modified portion of 'Apache Commons Lang', a Java libraryprovides utilities for the java.lang API, which can be obtained at:  * LICENSE:    * license/LICENSE.commons-lang.txt (Apache License 2.0)  * HOMEPAGE:    * https://commons.apache.org/proper/commons-lang/The binary distribution of this product bundles binaries ofCommons Codec 1.4,which has the following notices: * src/test/org/apache/commons/codec/language/DoubleMetaphoneTest.javacontains test data from http://aspell.net/test/orig/batch0.tab.Copyright (C) 2002 Kevin Atkinson (kevina@gnu.org)  ===============================================================================  The content of package org.apache.commons.codec.language.bm has been translated  from the original php source code available at http://stevemorse.org/phoneticinfo.htm  with permission from the original authors.  Original source copyright:Copyright (c) 2008 Alexander Beider & Stephen P. Morse.The binary distribution of this product bundles binaries ofCommons Lang 2.6,which has the following notices: * This product includes software from the Spring Framework,under the Apache License 2.0 (see: StringUtils.containsWhitespace())The binary distribution of this product bundles binaries ofApache Log4j 1.2.17,which has the following notices: * ResolverUtil.java    Copyright 2005-2006 Tim Fennell  Dumbster SMTP test server    Copyright 2004 Jason Paul Kitchen  TypeUtil.java    Copyright 2002-2012 Ramnivas Laddad, Juergen Hoeller, Chris BeamsThe binary distribution of this product bundles binaries ofJetty 6.1.26,which has the following notices: * ==============================================================    Jetty Web Container    Copyright 1995-2016 Mort Bay Consulting Pty Ltd.   ==============================================================   The Jetty Web Container is Copyright Mort Bay Consulting Pty Ltd   unless otherwise noted.   Jetty is dual licensed under both     * The Apache 2.0 License       http://www.apache.org/licenses/LICENSE-2.0.html         and     * The Eclipse Public 1.0 License       http://www.eclipse.org/legal/epl-v10.html   Jetty may be distributed under either license.   ------   Eclipse   The following artifacts are EPL.    * org.eclipse.jetty.orbit:org.eclipse.jdt.core   The following artifacts are EPL and ASL2.    * org.eclipse.jetty.orbit:javax.security.auth.message   The following artifacts are EPL and CDDL 1.0.    * org.eclipse.jetty.orbit:javax.mail.glassfish   ------   Oracle   The following artifacts are CDDL + GPLv2 with classpath exception.   https://glassfish.dev.java.net/nonav/public/CDDL+GPL.html    * javax.servlet:javax.servlet-api    * javax.annotation:javax.annotation-api    * javax.transaction:javax.transaction-api    * javax.websocket:javax.websocket-api   ------   Oracle OpenJDK   If ALPN is used to negotiate HTTP/2 connections, then the following   artifacts may be included in the distribution or downloaded when ALPN   module is selected.    * java.sun.security.ssl   These artifacts replace/modify OpenJDK classes.  The modififications   are hosted at github and both modified and original are under GPL v2 with   classpath exceptions.   http://openjdk.java.net/legal/gplv2+ce.html   ------   OW2   The following artifacts are licensed by the OW2 Foundation according to the   terms of http://asm.ow2.org/license.html   org.ow2.asm:asm-commons   org.ow2.asm:asm   ------   Apache   The following artifacts are ASL2 licensed.   org.apache.taglibs:taglibs-standard-spec   org.apache.taglibs:taglibs-standard-impl   ------   MortBay   The following artifacts are ASL2 licensed.  Based on selected classes from   following Apache Tomcat jars, all ASL2 licensed.   org.mortbay.jasper:apache-jsp     org.apache.tomcat:tomcat-jasper     org.apache.tomcat:tomcat-juli     org.apache.tomcat:tomcat-jsp-api     org.apache.tomcat:tomcat-el-api     org.apache.tomcat:tomcat-jasper-el     org.apache.tomcat:tomcat-api     org.apache.tomcat:tomcat-util-scan     org.apache.tomcat:tomcat-util   org.mortbay.jasper:apache-el     org.apache.tomcat:tomcat-jasper-el     org.apache.tomcat:tomcat-el-api   ------   Mortbay   The following artifacts are CDDL + GPLv2 with classpath exception.   https://glassfish.dev.java.net/nonav/public/CDDL+GPL.html   org.eclipse.jetty.toolchain:jetty-schemas   ------   Assorted   The UnixCrypt.java code implements the one way cryptography used by   Unix systems for simple password protection.  Copyright 1996 Aki Yoshida,   modified April 2001  by Iris Van den Broeke, Daniel Deville.   Permission to use, copy, modify and distribute UnixCrypt   for non-commercial or commercial purposes and without fee is   granted provided that the copyright notice appears in all copies./The binary distribution of this product bundles binaries ofSnappy for Java 1.0.4.1,which has the following notices: * This product includes software developed by Google    Snappy: http://code.google.com/p/snappy/ (New BSD License)   This product includes software developed by Apache    PureJavaCrc32C from apache-hadoop-common http://hadoop.apache.org/    (Apache 2.0 license)   This library containd statically linked libstdc++. This inclusion is allowed by   "GCC RUntime Library Exception"   http://gcc.gnu.org/onlinedocs/libstdc++/manual/license.html   == Contributors ==     * Tatu Saloranta       * Providing benchmark suite     * Alec Wysoker       * Performance and memory usage improvementThe binary distribution of this product bundles binaries ofXerces2 Java Parser 2.9.1,which has the following notices: * =========================================================================   ==  NOTICE file corresponding to section 4(d) of the Apache License,   ==   ==  Version 2.0, in this case for the Apache Xerces Java distribution. ==   =========================================================================   Apache Xerces Java   Copyright 1999-2007 The Apache Software Foundation   This product includes software developed at   The Apache Software Foundation (http://www.apache.org/).   Portions of this software were originally based on the following:     - software copyright (c) 1999, IBM Corporation., http://www.ibm.com.     - software copyright (c) 1999, Sun Microsystems., http://www.sun.com.     - voluntary contributions made by Paul Eng on behalf of the       Apache Software Foundation that were originally developed at iClick, Inc.,       software copyright (c) 1999.
This product includes software developed by The Apache SoftwareFoundation (http://www.apache.org/).The binary distribution of this product bundles binaries oforg.iq80.leveldb:leveldb-api (https://github.com/dain/leveldb), which has thefollowing notices:* Copyright 2011 Dain Sundstrom <dain@iq80.com>* Copyright 2011 FuseSource Corp. http://fusesource.comThe binary distribution of this product bundles binaries oforg.fusesource.hawtjni:hawtjni-runtime (https://github.com/fusesource/hawtjni),which has the following notices:* This product includes software developed by FuseSource Corp.  http://fusesource.com* This product includes software developed at  Progress Software Corporation and/or its  subsidiaries or affiliates.* This product includes software developed by IBM Corporation and others.The binary distribution of this product bundles binaries ofGson 2.2.4,which has the following notices:                            The Netty Project                            =================Please visit the Netty web site for more information:  * http://netty.io/Copyright 2014 The Netty ProjectThe Netty Project licenses this file to you under the Apache License,version 2.0 (the "License"); you may not use this file except in compliancewith the License. You may obtain a copy of the License at:  http://www.apache.org/licenses/LICENSE-2.0Unless required by applicable law or agreed to in writing, softwaredistributed under the License is distributed on an "AS IS" BASIS, WITHOUTWARRANTIES OR CONDITIONS OF ANY KIND, either express or implied. See theLicense for the specific language governing permissions and limitationsunder the License.Also, please refer to each LICENSE.<component>.txt file, which is located inthe 'license' directory of the distribution file, for the license terms of thecomponents that this product depends on.-------------------------------------------------------------------------------This product contains the extensions to Java Collections Framework which hasbeen derived from the works by JSR-166 EG, Doug Lea, and Jason T. Greene:  * LICENSE:    * license/LICENSE.jsr166y.txt (Public Domain)  * HOMEPAGE:    * http://gee.cs.oswego.edu/cgi-bin/viewcvs.cgi/jsr166/    * http://viewvc.jboss.org/cgi-bin/viewvc.cgi/jbosscache/experimental/jsr166/This product contains a modified version of Robert Harder's Public DomainBase64 Encoder and Decoder, which can be obtained at:  * LICENSE:    * license/LICENSE.base64.txt (Public Domain)  * HOMEPAGE:    * http://iharder.sourceforge.net/current/java/base64/This product contains a modified portion of 'Webbit', an event basedWebSocket and HTTP server, which can be obtained at:  * LICENSE:    * license/LICENSE.webbit.txt (BSD License)  * HOMEPAGE:    * https://github.com/joewalnes/webbitThis product contains a modified portion of 'SLF4J', a simple loggingfacade for Java, which can be obtained at:  * LICENSE:    * license/LICENSE.slf4j.txt (MIT License)  * HOMEPAGE:    * http://www.slf4j.org/This product contains a modified portion of 'ArrayDeque', written by JoshBloch of Google, Inc:  * LICENSE:    * license/LICENSE.deque.txt (Public Domain)This product contains a modified portion of 'Apache Harmony', an open sourceJava SE, which can be obtained at:  * LICENSE:    * license/LICENSE.harmony.txt (Apache License 2.0)  * HOMEPAGE:    * http://archive.apache.org/dist/harmony/This product contains a modified version of Roland Kuhn's ASL2AbstractNodeQueue, which is based on Dmitriy Vyukov's non-intrusive MPSC queue.It can be obtained at:  * LICENSE:    * license/LICENSE.abstractnodequeue.txt (Public Domain)  * HOMEPAGE:    * https://github.com/akka/akka/blob/wip-2.2.3-for-scala-2.11/akka-actor/src/main/java/akka/dispatch/AbstractNodeQueue.javaThis product contains a modified portion of 'jbzip2', a Java bzip2 compressionand decompression library written by Matthew J. Francis. It can be obtained at:  * LICENSE:    * license/LICENSE.jbzip2.txt (MIT License)  * HOMEPAGE:    * https://code.google.com/p/jbzip2/This product contains a modified portion of 'libdivsufsort', a C API library to constructthe suffix array and the Burrows-Wheeler transformed string for any input string ofa constant-size alphabet written by Yuta Mori. It can be obtained at:  * LICENSE:    * license/LICENSE.libdivsufsort.txt (MIT License)  * HOMEPAGE:    * https://code.google.com/p/libdivsufsort/This product contains a modified portion of Nitsan Wakart's 'JCTools', Java Concurrency Tools for the JVM, which can be obtained at:  * LICENSE:    * license/LICENSE.jctools.txt (ASL2 License)  * HOMEPAGE:    * https://github.com/JCTools/JCToolsThis product optionally depends on 'JZlib', a re-implementation of zlib inpure Java, which can be obtained at:  * LICENSE:    * license/LICENSE.jzlib.txt (BSD style License)  * HOMEPAGE:    * http://www.jcraft.com/jzlib/This product optionally depends on 'Compress-LZF', a Java library for encoding anddecoding data in LZF format, written by Tatu Saloranta. It can be obtained at:  * LICENSE:    * license/LICENSE.compress-lzf.txt (Apache License 2.0)  * HOMEPAGE:    * https://github.com/ning/compressThis product optionally depends on 'lz4', a LZ4 Java compressionand decompression library written by Adrien Grand. It can be obtained at:  * LICENSE:    * license/LICENSE.lz4.txt (Apache License 2.0)  * HOMEPAGE:    * https://github.com/jpountz/lz4-javaThis product optionally depends on 'lzma-java', a LZMA Java compressionand decompression library, which can be obtained at:  * LICENSE:    * license/LICENSE.lzma-java.txt (Apache License 2.0)  * HOMEPAGE:    * https://github.com/jponge/lzma-javaThis product contains a modified portion of 'jfastlz', a Java port of FastLZ compressionand decompression library written by William Kinney. It can be obtained at:  * LICENSE:    * license/LICENSE.jfastlz.txt (MIT License)  * HOMEPAGE:    * https://code.google.com/p/jfastlz/This product contains a modified portion of and optionally depends on 'Protocol Buffers', Google's datainterchange format, which can be obtained at:  * LICENSE:    * license/LICENSE.protobuf.txt (New BSD License)  * HOMEPAGE:    * http://code.google.com/p/protobuf/This product optionally depends on 'Bouncy Castle Crypto APIs' to generatea temporary self-signed X.509 certificate when the JVM does not provide theequivalent functionality.  It can be obtained at:  * LICENSE:    * license/LICENSE.bouncycastle.txt (MIT License)  * HOMEPAGE:    * http://www.bouncycastle.org/This product optionally depends on 'Snappy', a compression library producedby Google Inc, which can be obtained at:  * LICENSE:    * license/LICENSE.snappy.txt (New BSD License)  * HOMEPAGE:    * http://code.google.com/p/snappy/This product optionally depends on 'JBoss Marshalling', an alternative Javaserialization API, which can be obtained at:  * LICENSE:    * license/LICENSE.jboss-marshalling.txt (GNU LGPL 2.1)  * HOMEPAGE:    * http://www.jboss.org/jbossmarshallingThis product optionally depends on 'Caliper', Google's micro-benchmarking framework, which can be obtained at:  * LICENSE:    * license/LICENSE.caliper.txt (Apache License 2.0)  * HOMEPAGE:    * http://code.google.com/p/caliper/This product optionally depends on 'Apache Commons Logging', a loggingframework, which can be obtained at:  * LICENSE:    * license/LICENSE.commons-logging.txt (Apache License 2.0)  * HOMEPAGE:    * http://commons.apache.org/logging/This product optionally depends on 'Apache Log4J', a logging framework, whichcan be obtained at:  * LICENSE:    * license/LICENSE.log4j.txt (Apache License 2.0)  * HOMEPAGE:    * http://logging.apache.org/log4j/This product optionally depends on 'Aalto XML', an ultra-high performancenon-blocking XML processor, which can be obtained at:  * LICENSE:    * license/LICENSE.aalto-xml.txt (Apache License 2.0)  * HOMEPAGE:    * http://wiki.fasterxml.com/AaltoHomeThis product contains a modified version of 'HPACK', a Java implementation ofthe HTTP/2 HPACK algorithm written by Twitter. It can be obtained at:  * LICENSE:    * license/LICENSE.hpack.txt (Apache License 2.0)  * HOMEPAGE:    * https://github.com/twitter/hpackThis product contains a modified portion of 'Apache Commons Lang', a Java libraryprovides utilities for the java.lang API, which can be obtained at:  * LICENSE:    * license/LICENSE.commons-lang.txt (Apache License 2.0)  * HOMEPAGE:    * https://commons.apache.org/proper/commons-lang/The binary distribution of this product bundles binaries ofCommons Codec 1.4,which has the following notices: * src/test/org/apache/commons/codec/language/DoubleMetaphoneTest.javacontains test data from http://aspell.net/test/orig/batch0.tab.Copyright (C) 2002 Kevin Atkinson (kevina@gnu.org)  ===============================================================================  The content of package org.apache.commons.codec.language.bm has been translated  from the original php source code available at http://stevemorse.org/phoneticinfo.htm  with permission from the original authors.  Original source copyright:Copyright (c) 2008 Alexander Beider & Stephen P. Morse.The binary distribution of this product bundles binaries ofCommons Lang 2.6,which has the following notices: * This product includes software from the Spring Framework,under the Apache License 2.0 (see: StringUtils.containsWhitespace())The binary distribution of this product bundles binaries ofApache Log4j 1.2.17,which has the following notices: * ResolverUtil.java    Copyright 2005-2006 Tim Fennell  Dumbster SMTP test server    Copyright 2004 Jason Paul Kitchen  TypeUtil.java    Copyright 2002-2012 Ramnivas Laddad, Juergen Hoeller, Chris BeamsThe binary distribution of this product bundles binaries ofJetty 6.1.26,which has the following notices: * ==============================================================    Jetty Web Container    Copyright 1995-2016 Mort Bay Consulting Pty Ltd.   ==============================================================   The Jetty Web Container is Copyright Mort Bay Consulting Pty Ltd   unless otherwise noted.   Jetty is dual licensed under both     * The Apache 2.0 License       http://www.apache.org/licenses/LICENSE-2.0.html         and     * The Eclipse Public 1.0 License       http://www.eclipse.org/legal/epl-v10.html   Jetty may be distributed under either license.   ------   Eclipse   The following artifacts are EPL.    * org.eclipse.jetty.orbit:org.eclipse.jdt.core   The following artifacts are EPL and ASL2.    * org.eclipse.jetty.orbit:javax.security.auth.message   The following artifacts are EPL and CDDL 1.0.    * org.eclipse.jetty.orbit:javax.mail.glassfish   ------   Oracle   The following artifacts are CDDL + GPLv2 with classpath exception.   https://glassfish.dev.java.net/nonav/public/CDDL+GPL.html    * javax.servlet:javax.servlet-api    * javax.annotation:javax.annotation-api    * javax.transaction:javax.transaction-api    * javax.websocket:javax.websocket-api   ------   Oracle OpenJDK   If ALPN is used to negotiate HTTP/2 connections, then the following   artifacts may be included in the distribution or downloaded when ALPN   module is selected.    * java.sun.security.ssl   These artifacts replace/modify OpenJDK classes.  The modififications   are hosted at github and both modified and original are under GPL v2 with   classpath exceptions.   http://openjdk.java.net/legal/gplv2+ce.html   ------   OW2   The following artifacts are licensed by the OW2 Foundation according to the   terms of http://asm.ow2.org/license.html   org.ow2.asm:asm-commons   org.ow2.asm:asm   ------   Apache   The following artifacts are ASL2 licensed.   org.apache.taglibs:taglibs-standard-spec   org.apache.taglibs:taglibs-standard-impl   ------   MortBay   The following artifacts are ASL2 licensed.  Based on selected classes from   following Apache Tomcat jars, all ASL2 licensed.   org.mortbay.jasper:apache-jsp     org.apache.tomcat:tomcat-jasper     org.apache.tomcat:tomcat-juli     org.apache.tomcat:tomcat-jsp-api     org.apache.tomcat:tomcat-el-api     org.apache.tomcat:tomcat-jasper-el     org.apache.tomcat:tomcat-api     org.apache.tomcat:tomcat-util-scan     org.apache.tomcat:tomcat-util   org.mortbay.jasper:apache-el     org.apache.tomcat:tomcat-jasper-el     org.apache.tomcat:tomcat-el-api   ------   Mortbay   The following artifacts are CDDL + GPLv2 with classpath exception.   https://glassfish.dev.java.net/nonav/public/CDDL+GPL.html   org.eclipse.jetty.toolchain:jetty-schemas   ------   Assorted   The UnixCrypt.java code implements the one way cryptography used by   Unix systems for simple password protection.  Copyright 1996 Aki Yoshida,   modified April 2001  by Iris Van den Broeke, Daniel Deville.   Permission to use, copy, modify and distribute UnixCrypt   for non-commercial or commercial purposes and without fee is   granted provided that the copyright notice appears in all copies./The binary distribution of this product bundles binaries ofSnappy for Java 1.0.4.1,which has the following notices: * This product includes software developed by Google    Snappy: http://code.google.com/p/snappy/ (New BSD License)   This product includes software developed by Apache    PureJavaCrc32C from apache-hadoop-common http://hadoop.apache.org/    (Apache 2.0 license)   This library containd statically linked libstdc++. This inclusion is allowed by   "GCC RUntime Library Exception"   http://gcc.gnu.org/onlinedocs/libstdc++/manual/license.html   == Contributors ==     * Tatu Saloranta       * Providing benchmark suite     * Alec Wysoker       * Performance and memory usage improvementThe binary distribution of this product bundles binaries ofXerces2 Java Parser 2.9.1,which has the following notices: * =========================================================================   ==  NOTICE file corresponding to section 4(d) of the Apache License,   ==   ==  Version 2.0, in this case for the Apache Xerces Java distribution. ==   =========================================================================   Apache Xerces Java   Copyright 1999-2007 The Apache Software Foundation   This product includes software developed at   The Apache Software Foundation (http://www.apache.org/).   Portions of this software were originally based on the following:     - software copyright (c) 1999, IBM Corporation., http://www.ibm.com.     - software copyright (c) 1999, Sun Microsystems., http://www.sun.com.     - voluntary contributions made by Paul Eng on behalf of the       Apache Software Foundation that were originally developed at iClick, Inc.,       software copyright (c) 1999.
2017-04-13 16:19:02.713  WARN 1384 --- [    Test worker] org.apache.hadoop.hdfs.DFSClient         : DFSInputStream has been closed already
output2 : This product includes software developed by The Apache SoftwareFoundation (http://www.apache.org/).The binary distribution of this product bundles binaries oforg.iq80.leveldb:leveldb-api (https://github.com/dain/leveldb), which has thefollowing notices:* Copyright 2011 Dain Sundstrom <dain@iq80.com>* Copyright 2011 FuseSource Corp. http://fusesource.comThe binary distribution of this product bundles binaries oforg.fusesource.hawtjni:hawtjni-runtime (https://github.com/fusesource/hawtjni),which has the following notices:* This product includes software developed by FuseSource Corp.  http://fusesource.com* This product includes software developed at  Progress Software Corporation and/or its  subsidiaries or affiliates.* This product includes software developed by IBM Corporation and others.The binary distribution of this product bundles binaries ofGson 2.2.4,which has the following notices:                            The Netty Project                            =================Please visit the Netty web site for more information:  * http://netty.io/Copyright 2014 The Netty ProjectThe Netty Project licenses this file to you under the Apache License,version 2.0 (the "License"); you may not use this file except in compliancewith the License. You may obtain a copy of the License at:  http://www.apache.org/licenses/LICENSE-2.0Unless required by applicable law or agreed to in writing, softwaredistributed under the License is distributed on an "AS IS" BASIS, WITHOUTWARRANTIES OR CONDITIONS OF ANY KIND, either express or implied. See theLicense for the specific language governing permissions and limitationsunder the License.Also, please refer to each LICENSE.<component>.txt file, which is located inthe 'license' directory of the distribution file, for the license terms of thecomponents that this product depends on.-------------------------------------------------------------------------------This product contains the extensions to Java Collections Framework which hasbeen derived from the works by JSR-166 EG, Doug Lea, and Jason T. Greene:  * LICENSE:    * license/LICENSE.jsr166y.txt (Public Domain)  * HOMEPAGE:    * http://gee.cs.oswego.edu/cgi-bin/viewcvs.cgi/jsr166/    * http://viewvc.jboss.org/cgi-bin/viewvc.cgi/jbosscache/experimental/jsr166/This product contains a modified version of Robert Harder's Public DomainBase64 Encoder and Decoder, which can be obtained at:  * LICENSE:    * license/LICENSE.base64.txt (Public Domain)  * HOMEPAGE:    * http://iharder.sourceforge.net/current/java/base64/This product contains a modified portion of 'Webbit', an event basedWebSocket and HTTP server, which can be obtained at:  * LICENSE:    * license/LICENSE.webbit.txt (BSD License)  * HOMEPAGE:    * https://github.com/joewalnes/webbitThis product contains a modified portion of 'SLF4J', a simple loggingfacade for Java, which can be obtained at:  * LICENSE:    * license/LICENSE.slf4j.txt (MIT License)  * HOMEPAGE:    * http://www.slf4j.org/This product contains a modified portion of 'ArrayDeque', written by JoshBloch of Google, Inc:  * LICENSE:    * license/LICENSE.deque.txt (Public Domain)This product contains a modified portion of 'Apache Harmony', an open sourceJava SE, which can be obtained at:  * LICENSE:    * license/LICENSE.harmony.txt (Apache License 2.0)  * HOMEPAGE:    * http://archive.apache.org/dist/harmony/This product contains a modified version of Roland Kuhn's ASL2AbstractNodeQueue, which is based on Dmitriy Vyukov's non-intrusive MPSC queue.It can be obtained at:  * LICENSE:    * license/LICENSE.abstractnodequeue.txt (Public Domain)  * HOMEPAGE:    * https://github.com/akka/akka/blob/wip-2.2.3-for-scala-2.11/akka-actor/src/main/java/akka/dispatch/AbstractNodeQueue.javaThis product contains a modified portion of 'jbzip2', a Java bzip2 compressionand decompression library written by Matthew J. Francis. It can be obtained at:  * LICENSE:    * license/LICENSE.jbzip2.txt (MIT License)  * HOMEPAGE:    * https://code.google.com/p/jbzip2/This product contains a modified portion of 'libdivsufsort', a C API library to constructthe suffix array and the Burrows-Wheeler transformed string for any input string ofa constant-size alphabet written by Yuta Mori. It can be obtained at:  * LICENSE:    * license/LICENSE.libdivsufsort.txt (MIT License)  * HOMEPAGE:    * https://code.google.com/p/libdivsufsort/This product contains a modified portion of Nitsan Wakart's 'JCTools', Java Concurrency Tools for the JVM, which can be obtained at:  * LICENSE:    * license/LICENSE.jctools.txt (ASL2 License)  * HOMEPAGE:    * https://github.com/JCTools/JCToolsThis product optionally depends on 'JZlib', a re-implementation of zlib inpure Java, which can be obtained at:  * LICENSE:    * license/LICENSE.jzlib.txt (BSD style License)  * HOMEPAGE:    * http://www.jcraft.com/jzlib/This product optionally depends on 'Compress-LZF', a Java library for encoding anddecoding data in LZF format, written by Tatu Saloranta. It can be obtained at:  * LICENSE:    * license/LICENSE.compress-lzf.txt (Apache License 2.0)  * HOMEPAGE:    * https://github.com/ning/compressThis product optionally depends on 'lz4', a LZ4 Java compressionand decompression library written by Adrien Grand. It can be obtained at:  * LICENSE:    * license/LICENSE.lz4.txt (Apache License 2.0)  * HOMEPAGE:    * https://github.com/jpountz/lz4-javaThis product optionally depends on 'lzma-java', a LZMA Java compressionand decompression library, which can be obtained at:  * LICENSE:    * license/LICENSE.lzma-java.txt (Apache License 2.0)  * HOMEPAGE:    * https://github.com/jponge/lzma-javaThis product contains a modified portion of 'jfastlz', a Java port of FastLZ compressionand decompression library written by William Kinney. It can be obtained at:  * LICENSE:    * license/LICENSE.jfastlz.txt (MIT License)  * HOMEPAGE:    * https://code.google.com/p/jfastlz/This product contains a modified portion of and optionally depends on 'Protocol Buffers', Google's datainterchange format, which can be obtained at:  * LICENSE:    * license/LICENSE.protobuf.txt (New BSD License)  * HOMEPAGE:    * http://code.google.com/p/protobuf/This product optionally depends on 'Bouncy Castle Crypto APIs' to generatea temporary self-signed X.509 certificate when the JVM does not provide theequivalent functionality.  It can be obtained at:  * LICENSE:    * license/LICENSE.bouncycastle.txt (MIT License)  * HOMEPAGE:    * http://www.bouncycastle.org/This product optionally depends on 'Snappy', a compression library producedby Google Inc, which can be obtained at:  * LICENSE:    * license/LICENSE.snappy.txt (New BSD License)  * HOMEPAGE:    * http://code.google.com/p/snappy/This product optionally depends on 'JBoss Marshalling', an alternative Javaserialization API, which can be obtained at:  * LICENSE:    * license/LICENSE.jboss-marshalling.txt (GNU LGPL 2.1)  * HOMEPAGE:    * http://www.jboss.org/jbossmarshallingThis product optionally depends on 'Caliper', Google's micro-benchmarking framework, which can be obtained at:  * LICENSE:    * license/LICENSE.caliper.txt (Apache License 2.0)  * HOMEPAGE:    * http://code.google.com/p/caliper/This product optionally depends on 'Apache Commons Logging', a loggingframework, which can be obtained at:  * LICENSE:    * license/LICENSE.commons-logging.txt (Apache License 2.0)  * HOMEPAGE:    * http://commons.apache.org/logging/This product optionally depends on 'Apache Log4J', a logging framework, whichcan be obtained at:  * LICENSE:    * license/LICENSE.log4j.txt (Apache License 2.0)  * HOMEPAGE:    * http://logging.apache.org/log4j/This product optionally depends on 'Aalto XML', an ultra-high performancenon-blocking XML processor, which can be obtained at:  * LICENSE:    * license/LICENSE.aalto-xml.txt (Apache License 2.0)  * HOMEPAGE:    * http://wiki.fasterxml.com/AaltoHomeThis product contains a modified version of 'HPACK', a Java implementation ofthe HTTP/2 HPACK algorithm written by Twitter. It can be obtained at:  * LICENSE:    * license/LICENSE.hpack.txt (Apache License 2.0)  * HOMEPAGE:    * https://github.com/twitter/hpackThis product contains a modified portion of 'Apache Commons Lang', a Java libraryprovides utilities for the java.lang API, which can be obtained at:  * LICENSE:    * license/LICENSE.commons-lang.txt (Apache License 2.0)  * HOMEPAGE:    * https://commons.apache.org/proper/commons-lang/The binary distribution of this product bundles binaries ofCommons Codec 1.4,which has the following notices: * src/test/org/apache/commons/codec/language/DoubleMetaphoneTest.javacontains test data from http://aspell.net/test/orig/batch0.tab.Copyright (C) 2002 Kevin Atkinson (kevina@gnu.org)  ===============================================================================  The content of package org.apache.commons.codec.language.bm has been translated  from the original php source code available at http://stevemorse.org/phoneticinfo.htm  with permission from the original authors.  Original source copyright:Copyright (c) 2008 Alexander Beider & Stephen P. Morse.The binary distribution of this product bundles binaries ofCommons Lang 2.6,which has the following notices: * This product includes software from the Spring Framework,under the Apache License 2.0 (see: StringUtils.containsWhitespace())The binary distribution of this product bundles binaries ofApache Log4j 1.2.17,which has the following notices: * ResolverUtil.java    Copyright 2005-2006 Tim Fennell  Dumbster SMTP test server    Copyright 2004 Jason Paul Kitchen  TypeUtil.java    Copyright 2002-2012 Ramnivas Laddad, Juergen Hoeller, Chris BeamsThe binary distribution of this product bundles binaries ofJetty 6.1.26,which has the following notices: * ==============================================================    Jetty Web Container    Copyright 1995-2016 Mort Bay Consulting Pty Ltd.   ==============================================================   The Jetty Web Container is Copyright Mort Bay Consulting Pty Ltd   unless otherwise noted.   Jetty is dual licensed under both     * The Apache 2.0 License       http://www.apache.org/licenses/LICENSE-2.0.html         and     * The Eclipse Public 1.0 License       http://www.eclipse.org/legal/epl-v10.html   Jetty may be distributed under either license.   ------   Eclipse   The following artifacts are EPL.    * org.eclipse.jetty.orbit:org.eclipse.jdt.core   The following artifacts are EPL and ASL2.    * org.eclipse.jetty.orbit:javax.security.auth.message   The following artifacts are EPL and CDDL 1.0.    * org.eclipse.jetty.orbit:javax.mail.glassfish   ------   Oracle   The following artifacts are CDDL + GPLv2 with classpath exception.   https://glassfish.dev.java.net/nonav/public/CDDL+GPL.html    * javax.servlet:javax.servlet-api    * javax.annotation:javax.annotation-api    * javax.transaction:javax.transaction-api    * javax.websocket:javax.websocket-api   ------   Oracle OpenJDK   If ALPN is used to negotiate HTTP/2 connections, then the following   artifacts may be included in the distribution or downloaded when ALPN   module is selected.    * java.sun.security.ssl   These artifacts replace/modify OpenJDK classes.  The modififications   are hosted at github and both modified and original are under GPL v2 with   classpath exceptions.   http://openjdk.java.net/legal/gplv2+ce.html   ------   OW2   The following artifacts are licensed by the OW2 Foundation according to the   terms of http://asm.ow2.org/license.html   org.ow2.asm:asm-commons   org.ow2.asm:asm   ------   Apache   The following artifacts are ASL2 licensed.   org.apache.taglibs:taglibs-standard-spec   org.apache.taglibs:taglibs-standard-impl   ------   MortBay   The following artifacts are ASL2 licensed.  Based on selected classes from   following Apache Tomcat jars, all ASL2 licensed.   org.mortbay.jasper:apache-jsp     org.apache.tomcat:tomcat-jasper     org.apache.tomcat:tomcat-juli     org.apache.tomcat:tomcat-jsp-api     org.apache.tomcat:tomcat-el-api     org.apache.tomcat:tomcat-jasper-el     org.apache.tomcat:tomcat-api     org.apache.tomcat:tomcat-util-scan     org.apache.tomcat:tomcat-util   org.mortbay.jasper:apache-el     org.apache.tomcat:tomcat-jasper-el     org.apache.tomcat:tomcat-el-api   ------   Mortbay   The following artifacts are CDDL + GPLv2 with classpath exception.   https://glassfish.dev.java.net/nonav/public/CDDL+GPL.html   org.eclipse.jetty.toolchain:jetty-schemas   ------   Assorted   The UnixCrypt.java code implements the one way cryptography used by   Unix systems for simple password protection.  Copyright 1996 Aki Yoshida,   modified April 2001  by Iris Van den Broeke, Daniel Deville.   Permission to use, copy, modify and distribute UnixCrypt   for non-commercial or commercial purposes and without fee is   granted provided that the copyright notice appears in all copies./The binary distribution of this product bundles binaries ofSnappy for Java 1.0.4.1,which has the following notices: * This product includes software developed by Google    Snappy: http://code.google.com/p/snappy/ (New BSD License)   This product includes software developed by Apache    PureJavaCrc32C from apache-hadoop-common http://hadoop.apache.org/    (Apache 2.0 license)   This library containd statically linked libstdc++. This inclusion is allowed by   "GCC RUntime Library Exception"   http://gcc.gnu.org/onlinedocs/libstdc++/manual/license.html   == Contributors ==     * Tatu Saloranta       * Providing benchmark suite     * Alec Wysoker       * Performance and memory usage improvementThe binary distribution of this product bundles binaries ofXerces2 Java Parser 2.9.1,which has the following notices: * =========================================================================   ==  NOTICE file corresponding to section 4(d) of the Apache License,   ==   ==  Version 2.0, in this case for the Apache Xerces Java distribution. ==   =========================================================================   Apache Xerces Java   Copyright 1999-2007 The Apache Software Foundation   This product includes software developed at   The Apache Software Foundation (http://www.apache.org/).   Portions of this software were originally based on the following:     - software copyright (c) 1999, IBM Corporation., http://www.ibm.com.     - software copyright (c) 1999, Sun Microsystems., http://www.sun.com.     - voluntary contributions made by Paul Eng on behalf of the       Apache Software Foundation that were originally developed at iClick, Inc.,       software copyright (c) 1999.
Test End!
]]></system-out>
  <system-err><![CDATA[]]></system-err>
</testsuite>
