<?xml version="1.0" encoding="UTF-8"?>
<testsuite name="ledger.hadoop.client.file.HadoopClientFileTransferFromHDFSTest" tests="1" skipped="0" failures="0" errors="0" timestamp="2017-04-14T02:18:16" hostname="kait-PC" time="0.018">
  <properties/>
  <testcase name="HadoopClient" classname="ledger.hadoop.client.file.HadoopClientFileTransferFromHDFSTest" time="0.018"/>
  <system-out><![CDATA[11:18:16.101 [Test worker] DEBUG org.springframework.test.context.junit4.SpringJUnit4ClassRunner - SpringJUnit4ClassRunner constructor called with [class ledger.hadoop.client.file.HadoopClientFileTransferFromHDFSTest]
11:18:16.101 [Test worker] DEBUG org.springframework.test.context.BootstrapUtils - Instantiating CacheAwareContextLoaderDelegate from class [org.springframework.test.context.cache.DefaultCacheAwareContextLoaderDelegate]
11:18:16.101 [Test worker] DEBUG org.springframework.test.context.BootstrapUtils - Instantiating BootstrapContext using constructor [public org.springframework.test.context.support.DefaultBootstrapContext(java.lang.Class,org.springframework.test.context.CacheAwareContextLoaderDelegate)]
11:18:16.102 [Test worker] DEBUG org.springframework.test.context.BootstrapUtils - Instantiating TestContextBootstrapper for test class [ledger.hadoop.client.file.HadoopClientFileTransferFromHDFSTest] from class [org.springframework.test.context.support.DefaultTestContextBootstrapper]
11:18:16.104 [Test worker] DEBUG org.springframework.test.context.support.DefaultTestContextBootstrapper - Found explicit ContextLoader class [org.springframework.test.context.support.AnnotationConfigContextLoader] for context configuration attributes [ContextConfigurationAttributes@2cd3e6d7 declaringClass = 'ledger.hadoop.client.file.HadoopClientFileTransferFromHDFSTest', classes = '{class ledger.hadoop.config.HadoopConfig}', locations = '{}', inheritLocations = true, initializers = '{}', inheritInitializers = true, name = [null], contextLoaderClass = 'org.springframework.test.context.support.AnnotationConfigContextLoader']
11:18:16.110 [Test worker] DEBUG org.springframework.test.context.support.ActiveProfilesUtils - Could not find an 'annotation declaring class' for annotation type [org.springframework.test.context.ActiveProfiles] and class [ledger.hadoop.client.file.HadoopClientFileTransferFromHDFSTest]
11:18:16.111 [Test worker] DEBUG org.springframework.test.context.support.DefaultTestContextBootstrapper - @TestExecutionListeners is not present for class [ledger.hadoop.client.file.HadoopClientFileTransferFromHDFSTest]: using defaults.
11:18:16.126 [Test worker] INFO org.springframework.test.context.support.DefaultTestContextBootstrapper - Loaded default TestExecutionListener class names from location [META-INF/spring.factories]: [org.springframework.boot.test.mock.mockito.MockitoTestExecutionListener, org.springframework.boot.test.mock.mockito.ResetMocksTestExecutionListener, org.springframework.boot.test.autoconfigure.restdocs.RestDocsTestExecutionListener, org.springframework.boot.test.autoconfigure.web.client.MockRestServiceServerResetTestExecutionListener, org.springframework.boot.test.autoconfigure.web.servlet.MockMvcPrintOnlyOnFailureTestExecutionListener, org.springframework.boot.test.autoconfigure.web.servlet.WebDriverTestExecutionListener, org.springframework.test.context.web.ServletTestExecutionListener, org.springframework.test.context.support.DirtiesContextBeforeModesTestExecutionListener, org.springframework.test.context.support.DependencyInjectionTestExecutionListener, org.springframework.test.context.support.DirtiesContextTestExecutionListener, org.springframework.test.context.transaction.TransactionalTestExecutionListener, org.springframework.test.context.jdbc.SqlScriptsTestExecutionListener]
11:18:16.128 [Test worker] INFO org.springframework.test.context.support.DefaultTestContextBootstrapper - Using TestExecutionListeners: [org.springframework.test.context.web.ServletTestExecutionListener@d32030b, org.springframework.test.context.support.DirtiesContextBeforeModesTestExecutionListener@7a583d29, org.springframework.test.context.support.DependencyInjectionTestExecutionListener@47122c48, org.springframework.test.context.support.DirtiesContextTestExecutionListener@22f7ce6, org.springframework.test.context.transaction.TransactionalTestExecutionListener@1f180df3, org.springframework.test.context.jdbc.SqlScriptsTestExecutionListener@2412ca4c, org.springframework.boot.test.autoconfigure.restdocs.RestDocsTestExecutionListener@7234c2ea, org.springframework.boot.test.autoconfigure.web.servlet.WebDriverTestExecutionListener@b855806, org.springframework.boot.test.mock.mockito.ResetMocksTestExecutionListener@542dab10, org.springframework.boot.test.autoconfigure.web.client.MockRestServiceServerResetTestExecutionListener@665f4b73, org.springframework.boot.test.autoconfigure.web.servlet.MockMvcPrintOnlyOnFailureTestExecutionListener@3228f6c0, org.springframework.boot.test.mock.mockito.MockitoTestExecutionListener@13ccddeb]
11:18:16.128 [Test worker] DEBUG org.springframework.test.annotation.ProfileValueUtils - Retrieved @ProfileValueSourceConfiguration [null] for test class [ledger.hadoop.client.file.HadoopClientFileTransferFromHDFSTest]
11:18:16.128 [Test worker] DEBUG org.springframework.test.annotation.ProfileValueUtils - Retrieved ProfileValueSource type [class org.springframework.test.annotation.SystemProfileValueSource] for class [ledger.hadoop.client.file.HadoopClientFileTransferFromHDFSTest]
11:18:16.129 [Test worker] DEBUG org.springframework.test.annotation.ProfileValueUtils - Retrieved @ProfileValueSourceConfiguration [null] for test class [ledger.hadoop.client.file.HadoopClientFileTransferFromHDFSTest]
11:18:16.129 [Test worker] DEBUG org.springframework.test.annotation.ProfileValueUtils - Retrieved ProfileValueSource type [class org.springframework.test.annotation.SystemProfileValueSource] for class [ledger.hadoop.client.file.HadoopClientFileTransferFromHDFSTest]
11:18:16.131 [Test worker] DEBUG org.springframework.test.context.support.AbstractDirtiesContextTestExecutionListener - Before test class: context [DefaultTestContext@2a8091a9 testClass = HadoopClientFileTransferFromHDFSTest, testInstance = [null], testMethod = [null], testException = [null], mergedContextConfiguration = [MergedContextConfiguration@36185359 testClass = HadoopClientFileTransferFromHDFSTest, locations = '{}', classes = '{class ledger.hadoop.config.HadoopConfig}', contextInitializerClasses = '[]', activeProfiles = '{}', propertySourceLocations = '{}', propertySourceProperties = '{}', contextCustomizers = set[org.springframework.boot.test.context.filter.ExcludeFilterContextCustomizer@54611cdd, org.springframework.boot.test.mock.mockito.MockitoContextCustomizer@0, org.springframework.boot.test.autoconfigure.properties.PropertyMappingContextCustomizer@0, org.springframework.boot.test.autoconfigure.web.servlet.WebDriverContextCustomizerFactory$Customizer@310c557a], contextLoader = 'org.springframework.test.context.support.AnnotationConfigContextLoader', parent = [null]]], class annotated with @DirtiesContext [false] with mode [null].
11:18:16.131 [Test worker] DEBUG org.springframework.test.annotation.ProfileValueUtils - Retrieved @ProfileValueSourceConfiguration [null] for test class [ledger.hadoop.client.file.HadoopClientFileTransferFromHDFSTest]
11:18:16.131 [Test worker] DEBUG org.springframework.test.annotation.ProfileValueUtils - Retrieved ProfileValueSource type [class org.springframework.test.annotation.SystemProfileValueSource] for class [ledger.hadoop.client.file.HadoopClientFileTransferFromHDFSTest]
11:18:16.131 [Test worker] DEBUG org.springframework.test.context.support.DependencyInjectionTestExecutionListener - Performing dependency injection for test context [[DefaultTestContext@2a8091a9 testClass = HadoopClientFileTransferFromHDFSTest, testInstance = ledger.hadoop.client.file.HadoopClientFileTransferFromHDFSTest@43f33dac, testMethod = [null], testException = [null], mergedContextConfiguration = [MergedContextConfiguration@36185359 testClass = HadoopClientFileTransferFromHDFSTest, locations = '{}', classes = '{class ledger.hadoop.config.HadoopConfig}', contextInitializerClasses = '[]', activeProfiles = '{}', propertySourceLocations = '{}', propertySourceProperties = '{}', contextCustomizers = set[org.springframework.boot.test.context.filter.ExcludeFilterContextCustomizer@54611cdd, org.springframework.boot.test.mock.mockito.MockitoContextCustomizer@0, org.springframework.boot.test.autoconfigure.properties.PropertyMappingContextCustomizer@0, org.springframework.boot.test.autoconfigure.web.servlet.WebDriverContextCustomizerFactory$Customizer@310c557a], contextLoader = 'org.springframework.test.context.support.AnnotationConfigContextLoader', parent = [null]]]].
11:18:16.132 [Test worker] DEBUG org.springframework.test.context.cache.DefaultCacheAwareContextLoaderDelegate - Retrieved ApplicationContext from cache with key [[MergedContextConfiguration@36185359 testClass = HadoopClientFileTransferFromHDFSTest, locations = '{}', classes = '{class ledger.hadoop.config.HadoopConfig}', contextInitializerClasses = '[]', activeProfiles = '{}', propertySourceLocations = '{}', propertySourceProperties = '{}', contextCustomizers = set[org.springframework.boot.test.context.filter.ExcludeFilterContextCustomizer@54611cdd, org.springframework.boot.test.mock.mockito.MockitoContextCustomizer@0, org.springframework.boot.test.autoconfigure.properties.PropertyMappingContextCustomizer@0, org.springframework.boot.test.autoconfigure.web.servlet.WebDriverContextCustomizerFactory$Customizer@310c557a], contextLoader = 'org.springframework.test.context.support.AnnotationConfigContextLoader', parent = [null]]]
11:18:16.132 [Test worker] DEBUG org.springframework.test.context.cache - Spring test ApplicationContext cache statistics: [DefaultContextCache@48f5424f size = 2, maxSize = 32, parentContextCount = 0, hitCount = 9, missCount = 2]
11:18:16.135 [Test worker] DEBUG org.springframework.beans.factory.annotation.InjectionMetadata - Processing injected element of bean 'ledger.hadoop.client.file.HadoopClientFileTransferFromHDFSTest': ResourceElement for private ledger.hadoop.config.LedgerHdfsClient ledger.hadoop.client.file.HadoopClientFileTransferFromHDFSTest.ledgerHdfsClient
11:18:16.135 [Test worker] DEBUG org.springframework.beans.factory.support.DefaultListableBeanFactory - Returning cached instance of singleton bean 'LedgerHdfsClient'
11:18:16.137 [Test worker] DEBUG org.springframework.test.context.support.AbstractDirtiesContextTestExecutionListener - Before test method: context [DefaultTestContext@2a8091a9 testClass = HadoopClientFileTransferFromHDFSTest, testInstance = ledger.hadoop.client.file.HadoopClientFileTransferFromHDFSTest@43f33dac, testMethod = HadoopClient@HadoopClientFileTransferFromHDFSTest, testException = [null], mergedContextConfiguration = [MergedContextConfiguration@36185359 testClass = HadoopClientFileTransferFromHDFSTest, locations = '{}', classes = '{class ledger.hadoop.config.HadoopConfig}', contextInitializerClasses = '[]', activeProfiles = '{}', propertySourceLocations = '{}', propertySourceProperties = '{}', contextCustomizers = set[org.springframework.boot.test.context.filter.ExcludeFilterContextCustomizer@54611cdd, org.springframework.boot.test.mock.mockito.MockitoContextCustomizer@0, org.springframework.boot.test.autoconfigure.properties.PropertyMappingContextCustomizer@0, org.springframework.boot.test.autoconfigure.web.servlet.WebDriverContextCustomizerFactory$Customizer@310c557a], contextLoader = 'org.springframework.test.context.support.AnnotationConfigContextLoader', parent = [null]]], class annotated with @DirtiesContext [false] with mode [null], method annotated with @DirtiesContext [false] with mode [null].
11:18:16.140 [Test worker] DEBUG org.springframework.test.context.cache.DefaultCacheAwareContextLoaderDelegate - Retrieved ApplicationContext from cache with key [[MergedContextConfiguration@36185359 testClass = HadoopClientFileTransferFromHDFSTest, locations = '{}', classes = '{class ledger.hadoop.config.HadoopConfig}', contextInitializerClasses = '[]', activeProfiles = '{}', propertySourceLocations = '{}', propertySourceProperties = '{}', contextCustomizers = set[org.springframework.boot.test.context.filter.ExcludeFilterContextCustomizer@54611cdd, org.springframework.boot.test.mock.mockito.MockitoContextCustomizer@0, org.springframework.boot.test.autoconfigure.properties.PropertyMappingContextCustomizer@0, org.springframework.boot.test.autoconfigure.web.servlet.WebDriverContextCustomizerFactory$Customizer@310c557a], contextLoader = 'org.springframework.test.context.support.AnnotationConfigContextLoader', parent = [null]]]
11:18:16.140 [Test worker] DEBUG org.springframework.test.context.cache - Spring test ApplicationContext cache statistics: [DefaultContextCache@48f5424f size = 2, maxSize = 32, parentContextCount = 0, hitCount = 10, missCount = 2]
11:18:16.140 [Test worker] DEBUG org.springframework.beans.factory.support.DefaultListableBeanFactory - Returning cached instance of singleton bean 'org.springframework.boot.test.mock.mockito.MockitoBeans'
11:18:16.142 [IPC Parameter Sending Thread #0] DEBUG org.apache.hadoop.ipc.Client - IPC Client (1652626143) connection to /192.168.1.129:9000 from kait sending #3
11:18:16.145 [IPC Client (1652626143) connection to /192.168.1.129:9000 from kait] DEBUG org.apache.hadoop.ipc.Client - IPC Client (1652626143) connection to /192.168.1.129:9000 from kait got value #3
11:18:16.146 [Test worker] DEBUG org.apache.hadoop.ipc.ProtobufRpcEngine - Call: getBlockLocations took 5ms
11:18:16.147 [Test worker] DEBUG org.apache.hadoop.hdfs.DFSClient - newInfo = LocatedBlocks{
  fileLength=28
  underConstruction=false
  blocks=[LocatedBlock{BP-1570460884-127.0.1.1-1492130562839:blk_1073741831_1007; getBlockSize()=28; corrupt=false; offset=0; locs=[DatanodeInfoWithStorage[192.168.1.129:50010,DS-240452f0-89de-4ce4-895d-43ca9884bd8c,DISK]]}]
  lastLocatedBlock=LocatedBlock{BP-1570460884-127.0.1.1-1492130562839:blk_1073741831_1007; getBlockSize()=28; corrupt=false; offset=0; locs=[DatanodeInfoWithStorage[192.168.1.129:50010,DS-240452f0-89de-4ce4-895d-43ca9884bd8c,DISK]]}
  isLastBlockComplete=true}
11:18:16.147 [Test worker] DEBUG org.apache.hadoop.hdfs.DFSClient - Connecting to datanode 192.168.1.129:50010
11:18:16.152 [Test worker] WARN org.apache.hadoop.hdfs.DFSClient - DFSInputStream has been closed already
Output : Hello, I'm Youngseok Joung.
File Transfers (Writes) To HDFS End!
11:18:16.153 [Test worker] DEBUG org.springframework.test.context.cache.DefaultCacheAwareContextLoaderDelegate - Retrieved ApplicationContext from cache with key [[MergedContextConfiguration@36185359 testClass = HadoopClientFileTransferFromHDFSTest, locations = '{}', classes = '{class ledger.hadoop.config.HadoopConfig}', contextInitializerClasses = '[]', activeProfiles = '{}', propertySourceLocations = '{}', propertySourceProperties = '{}', contextCustomizers = set[org.springframework.boot.test.context.filter.ExcludeFilterContextCustomizer@54611cdd, org.springframework.boot.test.mock.mockito.MockitoContextCustomizer@0, org.springframework.boot.test.autoconfigure.properties.PropertyMappingContextCustomizer@0, org.springframework.boot.test.autoconfigure.web.servlet.WebDriverContextCustomizerFactory$Customizer@310c557a], contextLoader = 'org.springframework.test.context.support.AnnotationConfigContextLoader', parent = [null]]]
11:18:16.153 [Test worker] DEBUG org.springframework.test.context.cache - Spring test ApplicationContext cache statistics: [DefaultContextCache@48f5424f size = 2, maxSize = 32, parentContextCount = 0, hitCount = 11, missCount = 2]
11:18:16.154 [Test worker] DEBUG org.springframework.test.context.cache.DefaultCacheAwareContextLoaderDelegate - Retrieved ApplicationContext from cache with key [[MergedContextConfiguration@36185359 testClass = HadoopClientFileTransferFromHDFSTest, locations = '{}', classes = '{class ledger.hadoop.config.HadoopConfig}', contextInitializerClasses = '[]', activeProfiles = '{}', propertySourceLocations = '{}', propertySourceProperties = '{}', contextCustomizers = set[org.springframework.boot.test.context.filter.ExcludeFilterContextCustomizer@54611cdd, org.springframework.boot.test.mock.mockito.MockitoContextCustomizer@0, org.springframework.boot.test.autoconfigure.properties.PropertyMappingContextCustomizer@0, org.springframework.boot.test.autoconfigure.web.servlet.WebDriverContextCustomizerFactory$Customizer@310c557a], contextLoader = 'org.springframework.test.context.support.AnnotationConfigContextLoader', parent = [null]]]
11:18:16.154 [Test worker] DEBUG org.springframework.test.context.cache - Spring test ApplicationContext cache statistics: [DefaultContextCache@48f5424f size = 2, maxSize = 32, parentContextCount = 0, hitCount = 12, missCount = 2]
11:18:16.154 [Test worker] DEBUG org.springframework.beans.factory.support.DefaultListableBeanFactory - Returning cached instance of singleton bean 'org.springframework.boot.test.mock.mockito.MockitoBeans'
11:18:16.154 [Test worker] DEBUG org.springframework.test.context.cache.DefaultCacheAwareContextLoaderDelegate - Retrieved ApplicationContext from cache with key [[MergedContextConfiguration@36185359 testClass = HadoopClientFileTransferFromHDFSTest, locations = '{}', classes = '{class ledger.hadoop.config.HadoopConfig}', contextInitializerClasses = '[]', activeProfiles = '{}', propertySourceLocations = '{}', propertySourceProperties = '{}', contextCustomizers = set[org.springframework.boot.test.context.filter.ExcludeFilterContextCustomizer@54611cdd, org.springframework.boot.test.mock.mockito.MockitoContextCustomizer@0, org.springframework.boot.test.autoconfigure.properties.PropertyMappingContextCustomizer@0, org.springframework.boot.test.autoconfigure.web.servlet.WebDriverContextCustomizerFactory$Customizer@310c557a], contextLoader = 'org.springframework.test.context.support.AnnotationConfigContextLoader', parent = [null]]]
11:18:16.154 [Test worker] DEBUG org.springframework.test.context.cache - Spring test ApplicationContext cache statistics: [DefaultContextCache@48f5424f size = 2, maxSize = 32, parentContextCount = 0, hitCount = 13, missCount = 2]
11:18:16.155 [Test worker] DEBUG org.springframework.test.context.support.AbstractDirtiesContextTestExecutionListener - After test method: context [DefaultTestContext@2a8091a9 testClass = HadoopClientFileTransferFromHDFSTest, testInstance = ledger.hadoop.client.file.HadoopClientFileTransferFromHDFSTest@43f33dac, testMethod = HadoopClient@HadoopClientFileTransferFromHDFSTest, testException = [null], mergedContextConfiguration = [MergedContextConfiguration@36185359 testClass = HadoopClientFileTransferFromHDFSTest, locations = '{}', classes = '{class ledger.hadoop.config.HadoopConfig}', contextInitializerClasses = '[]', activeProfiles = '{}', propertySourceLocations = '{}', propertySourceProperties = '{}', contextCustomizers = set[org.springframework.boot.test.context.filter.ExcludeFilterContextCustomizer@54611cdd, org.springframework.boot.test.mock.mockito.MockitoContextCustomizer@0, org.springframework.boot.test.autoconfigure.properties.PropertyMappingContextCustomizer@0, org.springframework.boot.test.autoconfigure.web.servlet.WebDriverContextCustomizerFactory$Customizer@310c557a], contextLoader = 'org.springframework.test.context.support.AnnotationConfigContextLoader', parent = [null]]], class annotated with @DirtiesContext [false] with mode [null], method annotated with @DirtiesContext [false] with mode [null].
11:18:16.156 [Test worker] DEBUG org.springframework.test.context.support.AbstractDirtiesContextTestExecutionListener - After test class: context [DefaultTestContext@2a8091a9 testClass = HadoopClientFileTransferFromHDFSTest, testInstance = [null], testMethod = [null], testException = [null], mergedContextConfiguration = [MergedContextConfiguration@36185359 testClass = HadoopClientFileTransferFromHDFSTest, locations = '{}', classes = '{class ledger.hadoop.config.HadoopConfig}', contextInitializerClasses = '[]', activeProfiles = '{}', propertySourceLocations = '{}', propertySourceProperties = '{}', contextCustomizers = set[org.springframework.boot.test.context.filter.ExcludeFilterContextCustomizer@54611cdd, org.springframework.boot.test.mock.mockito.MockitoContextCustomizer@0, org.springframework.boot.test.autoconfigure.properties.PropertyMappingContextCustomizer@0, org.springframework.boot.test.autoconfigure.web.servlet.WebDriverContextCustomizerFactory$Customizer@310c557a], contextLoader = 'org.springframework.test.context.support.AnnotationConfigContextLoader', parent = [null]]], class annotated with @DirtiesContext [false] with mode [null].
]]></system-out>
  <system-err><![CDATA[]]></system-err>
</testsuite>
