<?xml version="1.0" encoding="UTF-8"?>
<testsuite name="ledger.hadoop.client.HadoopClientControllerTest" tests="1" skipped="0" failures="0" errors="0" timestamp="2017-04-12T02:49:40" hostname="kait-PC" time="0.046">
  <properties/>
  <testcase name="HadoopClient" classname="ledger.hadoop.client.HadoopClientControllerTest" time="0.046"/>
  <system-out><![CDATA[]]></system-out>
  <system-err><![CDATA[]]></system-err>
</testsuite>
