<?xml version="1.0" encoding="UTF-8"?>
<testsuite name="ledger.ApplicationTest" tests="1" skipped="0" failures="0" errors="0" timestamp="2017-04-13T01:11:57" hostname="kait-PC" time="0.051">
  <properties/>
  <testcase name="contextLoads" classname="ledger.ApplicationTest" time="0.051"/>
  <system-out><![CDATA[10:11:49.785 [Test worker] DEBUG org.springframework.test.context.junit4.SpringJUnit4ClassRunner - SpringJUnit4ClassRunner constructor called with [class ledger.ApplicationTest]
10:11:49.793 [Test worker] DEBUG org.springframework.test.context.BootstrapUtils - Instantiating CacheAwareContextLoaderDelegate from class [org.springframework.test.context.cache.DefaultCacheAwareContextLoaderDelegate]
10:11:49.810 [Test worker] DEBUG org.springframework.test.context.BootstrapUtils - Instantiating BootstrapContext using constructor [public org.springframework.test.context.support.DefaultBootstrapContext(java.lang.Class,org.springframework.test.context.CacheAwareContextLoaderDelegate)]
10:11:49.929 [Test worker] DEBUG org.springframework.test.context.BootstrapUtils - Instantiating TestContextBootstrapper for test class [ledger.ApplicationTest] from class [org.springframework.boot.test.context.SpringBootTestContextBootstrapper]
10:11:49.951 [Test worker] INFO org.springframework.boot.test.context.SpringBootTestContextBootstrapper - Neither @ContextConfiguration nor @ContextHierarchy found for test class [ledger.ApplicationTest], using SpringBootContextLoader
10:11:49.958 [Test worker] DEBUG org.springframework.test.context.support.AbstractContextLoader - Did not detect default resource location for test class [ledger.ApplicationTest]: class path resource [ledger/ApplicationTest-context.xml] does not exist
10:11:49.958 [Test worker] DEBUG org.springframework.test.context.support.AbstractContextLoader - Did not detect default resource location for test class [ledger.ApplicationTest]: class path resource [ledger/ApplicationTestContext.groovy] does not exist
10:11:49.958 [Test worker] INFO org.springframework.test.context.support.AbstractContextLoader - Could not detect default resource locations for test class [ledger.ApplicationTest]: no resource found for suffixes {-context.xml, Context.groovy}.
10:11:49.958 [Test worker] INFO org.springframework.test.context.support.AnnotationConfigContextLoaderUtils - Could not detect default configuration classes for test class [ledger.ApplicationTest]: ApplicationTest does not declare any static, non-private, non-final, nested classes annotated with @Configuration.
10:11:50.006 [Test worker] DEBUG org.springframework.test.context.support.ActiveProfilesUtils - Could not find an 'annotation declaring class' for annotation type [org.springframework.test.context.ActiveProfiles] and class [ledger.ApplicationTest]
10:11:50.015 [Test worker] DEBUG org.springframework.core.env.StandardEnvironment - Adding [systemProperties] PropertySource with lowest search precedence
10:11:50.016 [Test worker] DEBUG org.springframework.core.env.StandardEnvironment - Adding [systemEnvironment] PropertySource with lowest search precedence
10:11:50.016 [Test worker] DEBUG org.springframework.core.env.StandardEnvironment - Initialized StandardEnvironment with PropertySources [systemProperties,systemEnvironment]
10:11:50.028 [Test worker] DEBUG org.springframework.core.io.support.PathMatchingResourcePatternResolver - Resolved classpath location [ledger/] to resources [URL [file:/C:/Users/kait/git/hadoopfirstapp/firsthadoopapp/build/classes/test/ledger/], URL [file:/C:/Users/kait/git/hadoopfirstapp/firsthadoopapp/build/classes/main/ledger/]]
10:11:50.028 [Test worker] DEBUG org.springframework.core.io.support.PathMatchingResourcePatternResolver - Looking for matching resources in directory tree [C:\Users\kait\git\hadoopfirstapp\firsthadoopapp\build\classes\test\ledger]
10:11:50.028 [Test worker] DEBUG org.springframework.core.io.support.PathMatchingResourcePatternResolver - Searching directory [C:\Users\kait\git\hadoopfirstapp\firsthadoopapp\build\classes\test\ledger] for files matching pattern [C:/Users/kait/git/hadoopfirstapp/firsthadoopapp/build/classes/test/ledger/*.class]
10:11:50.032 [Test worker] DEBUG org.springframework.core.io.support.PathMatchingResourcePatternResolver - Looking for matching resources in directory tree [C:\Users\kait\git\hadoopfirstapp\firsthadoopapp\build\classes\main\ledger]
10:11:50.032 [Test worker] DEBUG org.springframework.core.io.support.PathMatchingResourcePatternResolver - Searching directory [C:\Users\kait\git\hadoopfirstapp\firsthadoopapp\build\classes\main\ledger] for files matching pattern [C:/Users/kait/git/hadoopfirstapp/firsthadoopapp/build/classes/main/ledger/*.class]
10:11:50.033 [Test worker] DEBUG org.springframework.core.io.support.PathMatchingResourcePatternResolver - Resolved location pattern [classpath*:ledger/*.class] to resources [file [C:\Users\kait\git\hadoopfirstapp\firsthadoopapp\build\classes\test\ledger\ApplicationTest.class], file [C:\Users\kait\git\hadoopfirstapp\firsthadoopapp\build\classes\main\ledger\Application.class]]
10:11:50.121 [Test worker] DEBUG org.springframework.context.annotation.ClassPathScanningCandidateComponentProvider - Identified candidate component class: file [C:\Users\kait\git\hadoopfirstapp\firsthadoopapp\build\classes\main\ledger\Application.class]
10:11:50.123 [Test worker] INFO org.springframework.boot.test.context.SpringBootTestContextBootstrapper - Found @SpringBootConfiguration ledger.Application for test class ledger.ApplicationTest
10:11:50.132 [Test worker] DEBUG org.springframework.boot.test.context.SpringBootTestContextBootstrapper - @TestExecutionListeners is not present for class [ledger.ApplicationTest]: using defaults.
10:11:50.146 [Test worker] INFO org.springframework.boot.test.context.SpringBootTestContextBootstrapper - Loaded default TestExecutionListener class names from location [META-INF/spring.factories]: [org.springframework.boot.test.mock.mockito.MockitoTestExecutionListener, org.springframework.boot.test.mock.mockito.ResetMocksTestExecutionListener, org.springframework.boot.test.autoconfigure.restdocs.RestDocsTestExecutionListener, org.springframework.boot.test.autoconfigure.web.client.MockRestServiceServerResetTestExecutionListener, org.springframework.boot.test.autoconfigure.web.servlet.MockMvcPrintOnlyOnFailureTestExecutionListener, org.springframework.boot.test.autoconfigure.web.servlet.WebDriverTestExecutionListener, org.springframework.test.context.web.ServletTestExecutionListener, org.springframework.test.context.support.DirtiesContextBeforeModesTestExecutionListener, org.springframework.test.context.support.DependencyInjectionTestExecutionListener, org.springframework.test.context.support.DirtiesContextTestExecutionListener, org.springframework.test.context.transaction.TransactionalTestExecutionListener, org.springframework.test.context.jdbc.SqlScriptsTestExecutionListener]
10:11:50.185 [Test worker] INFO org.springframework.boot.test.context.SpringBootTestContextBootstrapper - Using TestExecutionListeners: [org.springframework.test.context.web.ServletTestExecutionListener@14882b4f, org.springframework.test.context.support.DirtiesContextBeforeModesTestExecutionListener@23e3571a, org.springframework.boot.test.autoconfigure.SpringBootDependencyInjectionTestExecutionListener@5f86a781, org.springframework.test.context.support.DirtiesContextTestExecutionListener@505022f1, org.springframework.test.context.transaction.TransactionalTestExecutionListener@5d7b9e7, org.springframework.test.context.jdbc.SqlScriptsTestExecutionListener@3c3575c0, org.springframework.boot.test.mock.mockito.MockitoTestExecutionListener@56656768, org.springframework.boot.test.autoconfigure.web.servlet.MockMvcPrintOnlyOnFailureTestExecutionListener@77390ff, org.springframework.boot.test.autoconfigure.web.servlet.WebDriverTestExecutionListener@3f531977, org.springframework.boot.test.autoconfigure.web.client.MockRestServiceServerResetTestExecutionListener@285fe028, org.springframework.boot.test.autoconfigure.restdocs.RestDocsTestExecutionListener@55fc9c6c, org.springframework.boot.test.mock.mockito.ResetMocksTestExecutionListener@4e131a44]
10:11:50.190 [Test worker] DEBUG org.springframework.test.annotation.ProfileValueUtils - Retrieved @ProfileValueSourceConfiguration [null] for test class [ledger.ApplicationTest]
10:11:50.191 [Test worker] DEBUG org.springframework.test.annotation.ProfileValueUtils - Retrieved ProfileValueSource type [class org.springframework.test.annotation.SystemProfileValueSource] for class [ledger.ApplicationTest]
10:11:50.192 [Test worker] DEBUG org.springframework.test.annotation.ProfileValueUtils - Retrieved @ProfileValueSourceConfiguration [null] for test class [ledger.ApplicationTest]
10:11:50.192 [Test worker] DEBUG org.springframework.test.annotation.ProfileValueUtils - Retrieved ProfileValueSource type [class org.springframework.test.annotation.SystemProfileValueSource] for class [ledger.ApplicationTest]
10:11:50.200 [Test worker] DEBUG org.springframework.test.context.support.AbstractDirtiesContextTestExecutionListener - Before test class: context [DefaultTestContext@7d348144 testClass = ApplicationTest, testInstance = [null], testMethod = [null], testException = [null], mergedContextConfiguration = [WebMergedContextConfiguration@5349d641 testClass = ApplicationTest, locations = '{}', classes = '{class ledger.Application}', contextInitializerClasses = '[]', activeProfiles = '{}', propertySourceLocations = '{}', propertySourceProperties = '{org.springframework.boot.test.context.SpringBootTestContextBootstrapper=true}', contextCustomizers = set[org.springframework.boot.test.context.SpringBootTestContextCustomizer@588da0e8, org.springframework.boot.test.context.filter.ExcludeFilterContextCustomizer@7269a7d6, org.springframework.boot.test.mock.mockito.MockitoContextCustomizer@0, org.springframework.boot.test.autoconfigure.properties.PropertyMappingContextCustomizer@0, org.springframework.boot.test.autoconfigure.web.servlet.WebDriverContextCustomizerFactory$Customizer@140f8af4], resourceBasePath = 'src/main/webapp', contextLoader = 'org.springframework.boot.test.context.SpringBootContextLoader', parent = [null]]], class annotated with @DirtiesContext [false] with mode [null].
10:11:50.201 [Test worker] DEBUG org.springframework.test.annotation.ProfileValueUtils - Retrieved @ProfileValueSourceConfiguration [null] for test class [ledger.ApplicationTest]
10:11:50.202 [Test worker] DEBUG org.springframework.test.annotation.ProfileValueUtils - Retrieved ProfileValueSource type [class org.springframework.test.annotation.SystemProfileValueSource] for class [ledger.ApplicationTest]
10:11:50.322 [Test worker] DEBUG org.springframework.core.env.StandardEnvironment - Adding [systemProperties] PropertySource with lowest search precedence
10:11:50.323 [Test worker] DEBUG org.springframework.core.env.StandardEnvironment - Adding [systemEnvironment] PropertySource with lowest search precedence
10:11:50.323 [Test worker] DEBUG org.springframework.core.env.StandardEnvironment - Initialized StandardEnvironment with PropertySources [systemProperties,systemEnvironment]
10:11:50.324 [Test worker] DEBUG org.springframework.core.env.MutablePropertySources - Adding [inline] PropertySource with highest search precedence
10:11:50.332 [Test worker] DEBUG org.springframework.test.context.support.TestPropertySourceUtils - Adding inlined properties to environment: {spring.jmx.enabled=false, org.springframework.boot.test.context.SpringBootTestContextBootstrapper=true, server.port=-1}
10:11:50.333 [Test worker] DEBUG org.springframework.core.env.StandardEnvironment - Adding [Inlined Test Properties] PropertySource with highest search precedence

  .   ____          _            __ _ _
 /\\ / ___'_ __ _ _(_)_ __  __ _ \ \ \ \
( ( )\___ | '_ | '_| | '_ \/ _` | \ \ \ \
 \\/  ___)| |_)| | | | | || (_| |  ) ) ) )
  '  |____| .__|_| |_|_| |_\__, | / / / /
 =========|_|==============|___/=/_/_/_/
 :: Spring Boot ::        (v1.5.2.RELEASE)

2017-04-13 10:11:50.842  INFO 5952 --- [    Test worker] ledger.ApplicationTest                   : Starting ApplicationTest on kait-PC with PID 5952 (started by kait in C:\Users\kait\git\hadoopfirstapp\firsthadoopapp)
2017-04-13 10:11:50.848  INFO 5952 --- [    Test worker] ledger.ApplicationTest                   : No active profile set, falling back to default profiles: default
2017-04-13 10:11:50.917  INFO 5952 --- [    Test worker] o.s.w.c.s.GenericWebApplicationContext   : Refreshing org.springframework.web.context.support.GenericWebApplicationContext@ded4082: startup date [Thu Apr 13 10:11:50 KST 2017]; root of context hierarchy
2017-04-13 10:11:53.165  INFO 5952 --- [    Test worker] f.a.AutowiredAnnotationBeanPostProcessor : JSR-330 'javax.inject.Inject' annotation found and supported for autowiring
2017-04-13 10:11:53.299  INFO 5952 --- [    Test worker] trationDelegate$BeanPostProcessorChecker : Bean 'dataSource' of type [org.apache.commons.dbcp2.BasicDataSource] is not eligible for getting processed by all BeanPostProcessors (for example: not eligible for auto-proxying)
2017-04-13 10:11:53.362  INFO 5952 --- [    Test worker] j.LocalContainerEntityManagerFactoryBean : Building JPA container EntityManagerFactory for persistence unit 'default'
2017-04-13 10:11:53.388  INFO 5952 --- [    Test worker] o.hibernate.jpa.internal.util.LogHelper  : HHH000204: Processing PersistenceUnitInfo [
	name: default
	...]
2017-04-13 10:11:53.526  INFO 5952 --- [    Test worker] org.hibernate.Version                    : HHH000412: Hibernate Core {5.2.9.Final}
2017-04-13 10:11:53.529  INFO 5952 --- [    Test worker] org.hibernate.cfg.Environment            : HHH000206: hibernate.properties not found
2017-04-13 10:11:53.604  INFO 5952 --- [    Test worker] o.hibernate.annotations.common.Version   : HCANN000001: Hibernate Commons Annotations {5.0.1.Final}
2017-04-13 10:11:54.424  INFO 5952 --- [    Test worker] org.hibernate.dialect.Dialect            : HHH000400: Using dialect: org.hibernate.dialect.Oracle10gDialect
2017-04-13 10:11:54.957  INFO 5952 --- [    Test worker] j.LocalContainerEntityManagerFactoryBean : Initialized JPA EntityManagerFactory for persistence unit 'default'
2017-04-13 10:11:54.958  INFO 5952 --- [    Test worker] trationDelegate$BeanPostProcessorChecker : Bean 'entityManagerFactory' of type [org.springframework.orm.jpa.LocalContainerEntityManagerFactoryBean] is not eligible for getting processed by all BeanPostProcessors (for example: not eligible for auto-proxying)
2017-04-13 10:11:54.959  INFO 5952 --- [    Test worker] trationDelegate$BeanPostProcessorChecker : Bean 'hibernateConfig' of type [ledger.config.HibernateConfig$$EnhancerBySpringCGLIB$$23707de5] is not eligible for getting processed by all BeanPostProcessors (for example: not eligible for auto-proxying)
2017-04-13 10:11:55.072  INFO 5952 --- [    Test worker] trationDelegate$BeanPostProcessorChecker : Bean 'org.springframework.transaction.annotation.ProxyTransactionManagementConfiguration' of type [org.springframework.transaction.annotation.ProxyTransactionManagementConfiguration$$EnhancerBySpringCGLIB$$1b9bc853] is not eligible for getting processed by all BeanPostProcessors (for example: not eligible for auto-proxying)
2017-04-13 10:11:56.248  INFO 5952 --- [    Test worker] s.w.s.m.m.a.RequestMappingHandlerAdapter : Looking for @ControllerAdvice: org.springframework.web.context.support.GenericWebApplicationContext@ded4082: startup date [Thu Apr 13 10:11:50 KST 2017]; root of context hierarchy
2017-04-13 10:11:56.398  INFO 5952 --- [    Test worker] s.w.s.m.m.a.RequestMappingHandlerMapping : Mapped "{[/hadoop/client]}" onto public java.lang.String ledger.hadoop.client.web.HadoopClientController.HadoopClient(java.lang.String) throws java.io.IOException
2017-04-13 10:11:56.400  INFO 5952 --- [    Test worker] s.w.s.m.m.a.RequestMappingHandlerMapping : Mapped "{[/ysindex]}" onto public ledger.index.domain.Index ledger.index.web.IndexController.index(java.lang.String)
2017-04-13 10:11:56.405  INFO 5952 --- [    Test worker] s.w.s.m.m.a.RequestMappingHandlerMapping : Mapped "{[/error]}" onto public org.springframework.http.ResponseEntity<java.util.Map<java.lang.String, java.lang.Object>> org.springframework.boot.autoconfigure.web.BasicErrorController.error(javax.servlet.http.HttpServletRequest)
2017-04-13 10:11:56.408  INFO 5952 --- [    Test worker] s.w.s.m.m.a.RequestMappingHandlerMapping : Mapped "{[/error],produces=[text/html]}" onto public org.springframework.web.servlet.ModelAndView org.springframework.boot.autoconfigure.web.BasicErrorController.errorHtml(javax.servlet.http.HttpServletRequest,javax.servlet.http.HttpServletResponse)
2017-04-13 10:11:56.478  INFO 5952 --- [    Test worker] o.s.w.s.handler.SimpleUrlHandlerMapping  : Mapped URL path [/webjars/**] onto handler of type [class org.springframework.web.servlet.resource.ResourceHttpRequestHandler]
2017-04-13 10:11:56.488  INFO 5952 --- [    Test worker] o.s.w.s.handler.SimpleUrlHandlerMapping  : Mapped URL path [/**] onto handler of type [class org.springframework.web.servlet.resource.ResourceHttpRequestHandler]
2017-04-13 10:11:56.597  INFO 5952 --- [    Test worker] o.s.w.s.handler.SimpleUrlHandlerMapping  : Mapped URL path [/**/favicon.ico] onto handler of type [class org.springframework.web.servlet.resource.ResourceHttpRequestHandler]
2017-04-13 10:11:56.643  INFO 5952 --- [    Test worker] oConfiguration$WelcomePageHandlerMapping : Adding welcome page: ServletContext resource [/index.html]
2017-04-13 10:11:57.180  INFO 5952 --- [    Test worker] ledger.ApplicationTest                   : Started ApplicationTest in 6.835 seconds (JVM running for 9.044)
]]></system-out>
  <system-err><![CDATA[]]></system-err>
</testsuite>
