<?xml version="1.0" encoding="UTF-8"?>
<testsuite name="ledger.hadoop.client.HadoopClientControllerTest2" tests="1" skipped="0" failures="0" errors="0" timestamp="2017-04-14T00:50:20" hostname="kait-PC" time="0.427">
  <properties/>
  <testcase name="HadoopClient" classname="ledger.hadoop.client.HadoopClientControllerTest2" time="0.427"/>
  <system-out><![CDATA[09:50:18.500 [Test worker] DEBUG org.springframework.test.context.junit4.SpringJUnit4ClassRunner - SpringJUnit4ClassRunner constructor called with [class ledger.hadoop.client.HadoopClientControllerTest2]
09:50:18.507 [Test worker] DEBUG org.springframework.test.context.BootstrapUtils - Instantiating CacheAwareContextLoaderDelegate from class [org.springframework.test.context.cache.DefaultCacheAwareContextLoaderDelegate]
09:50:18.523 [Test worker] DEBUG org.springframework.test.context.BootstrapUtils - Instantiating BootstrapContext using constructor [public org.springframework.test.context.support.DefaultBootstrapContext(java.lang.Class,org.springframework.test.context.CacheAwareContextLoaderDelegate)]
09:50:18.560 [Test worker] DEBUG org.springframework.test.context.BootstrapUtils - Instantiating TestContextBootstrapper for test class [ledger.hadoop.client.HadoopClientControllerTest2] from class [org.springframework.test.context.support.DefaultTestContextBootstrapper]
09:50:18.583 [Test worker] DEBUG org.springframework.test.context.support.DefaultTestContextBootstrapper - Found explicit ContextLoader class [org.springframework.test.context.support.AnnotationConfigContextLoader] for context configuration attributes [ContextConfigurationAttributes@6d176dd9 declaringClass = 'ledger.hadoop.client.HadoopClientControllerTest2', classes = '{class ledger.hadoop.config.HadoopConfig}', locations = '{}', inheritLocations = true, initializers = '{}', inheritInitializers = true, name = [null], contextLoaderClass = 'org.springframework.test.context.support.AnnotationConfigContextLoader']
09:50:18.635 [Test worker] DEBUG org.springframework.test.context.support.ActiveProfilesUtils - Could not find an 'annotation declaring class' for annotation type [org.springframework.test.context.ActiveProfiles] and class [ledger.hadoop.client.HadoopClientControllerTest2]
09:50:18.636 [Test worker] DEBUG org.springframework.test.context.support.DefaultTestContextBootstrapper - @TestExecutionListeners is not present for class [ledger.hadoop.client.HadoopClientControllerTest2]: using defaults.
09:50:18.642 [Test worker] INFO org.springframework.test.context.support.DefaultTestContextBootstrapper - Loaded default TestExecutionListener class names from location [META-INF/spring.factories]: [org.springframework.boot.test.mock.mockito.MockitoTestExecutionListener, org.springframework.boot.test.mock.mockito.ResetMocksTestExecutionListener, org.springframework.boot.test.autoconfigure.restdocs.RestDocsTestExecutionListener, org.springframework.boot.test.autoconfigure.web.client.MockRestServiceServerResetTestExecutionListener, org.springframework.boot.test.autoconfigure.web.servlet.MockMvcPrintOnlyOnFailureTestExecutionListener, org.springframework.boot.test.autoconfigure.web.servlet.WebDriverTestExecutionListener, org.springframework.test.context.web.ServletTestExecutionListener, org.springframework.test.context.support.DirtiesContextBeforeModesTestExecutionListener, org.springframework.test.context.support.DependencyInjectionTestExecutionListener, org.springframework.test.context.support.DirtiesContextTestExecutionListener, org.springframework.test.context.transaction.TransactionalTestExecutionListener, org.springframework.test.context.jdbc.SqlScriptsTestExecutionListener]
09:50:18.661 [Test worker] INFO org.springframework.test.context.support.DefaultTestContextBootstrapper - Using TestExecutionListeners: [org.springframework.test.context.web.ServletTestExecutionListener@765ff798, org.springframework.test.context.support.DirtiesContextBeforeModesTestExecutionListener@4958c504, org.springframework.test.context.support.DependencyInjectionTestExecutionListener@214021d0, org.springframework.test.context.support.DirtiesContextTestExecutionListener@84e86a8, org.springframework.test.context.transaction.TransactionalTestExecutionListener@124430e, org.springframework.test.context.jdbc.SqlScriptsTestExecutionListener@edbd6cb, org.springframework.boot.test.mock.mockito.ResetMocksTestExecutionListener@2eb52861, org.springframework.boot.test.autoconfigure.restdocs.RestDocsTestExecutionListener@523280d9, org.springframework.boot.test.autoconfigure.web.client.MockRestServiceServerResetTestExecutionListener@712d85a2, org.springframework.boot.test.autoconfigure.web.servlet.MockMvcPrintOnlyOnFailureTestExecutionListener@211068c2, org.springframework.boot.test.mock.mockito.MockitoTestExecutionListener@26e1baa1, org.springframework.boot.test.autoconfigure.web.servlet.WebDriverTestExecutionListener@6013c2ec]
09:50:18.663 [Test worker] DEBUG org.springframework.test.annotation.ProfileValueUtils - Retrieved @ProfileValueSourceConfiguration [null] for test class [ledger.hadoop.client.HadoopClientControllerTest2]
09:50:18.664 [Test worker] DEBUG org.springframework.test.annotation.ProfileValueUtils - Retrieved ProfileValueSource type [class org.springframework.test.annotation.SystemProfileValueSource] for class [ledger.hadoop.client.HadoopClientControllerTest2]
09:50:18.665 [Test worker] DEBUG org.springframework.test.annotation.ProfileValueUtils - Retrieved @ProfileValueSourceConfiguration [null] for test class [ledger.hadoop.client.HadoopClientControllerTest2]
09:50:18.665 [Test worker] DEBUG org.springframework.test.annotation.ProfileValueUtils - Retrieved ProfileValueSource type [class org.springframework.test.annotation.SystemProfileValueSource] for class [ledger.hadoop.client.HadoopClientControllerTest2]
09:50:18.667 [Test worker] DEBUG org.springframework.test.context.support.AbstractDirtiesContextTestExecutionListener - Before test class: context [DefaultTestContext@57926527 testClass = HadoopClientControllerTest2, testInstance = [null], testMethod = [null], testException = [null], mergedContextConfiguration = [MergedContextConfiguration@797ab0fa testClass = HadoopClientControllerTest2, locations = '{}', classes = '{class ledger.hadoop.config.HadoopConfig}', contextInitializerClasses = '[]', activeProfiles = '{}', propertySourceLocations = '{}', propertySourceProperties = '{}', contextCustomizers = set[org.springframework.boot.test.context.filter.ExcludeFilterContextCustomizer@1765f62f, org.springframework.boot.test.mock.mockito.MockitoContextCustomizer@0, org.springframework.boot.test.autoconfigure.properties.PropertyMappingContextCustomizer@0, org.springframework.boot.test.autoconfigure.web.servlet.WebDriverContextCustomizerFactory$Customizer@4a74524], contextLoader = 'org.springframework.test.context.support.AnnotationConfigContextLoader', parent = [null]]], class annotated with @DirtiesContext [false] with mode [null].
09:50:18.668 [Test worker] DEBUG org.springframework.test.annotation.ProfileValueUtils - Retrieved @ProfileValueSourceConfiguration [null] for test class [ledger.hadoop.client.HadoopClientControllerTest2]
09:50:18.668 [Test worker] DEBUG org.springframework.test.annotation.ProfileValueUtils - Retrieved ProfileValueSource type [class org.springframework.test.annotation.SystemProfileValueSource] for class [ledger.hadoop.client.HadoopClientControllerTest2]
09:50:18.670 [Test worker] DEBUG org.springframework.test.context.support.DependencyInjectionTestExecutionListener - Performing dependency injection for test context [[DefaultTestContext@57926527 testClass = HadoopClientControllerTest2, testInstance = ledger.hadoop.client.HadoopClientControllerTest2@7bc6029a, testMethod = [null], testException = [null], mergedContextConfiguration = [MergedContextConfiguration@797ab0fa testClass = HadoopClientControllerTest2, locations = '{}', classes = '{class ledger.hadoop.config.HadoopConfig}', contextInitializerClasses = '[]', activeProfiles = '{}', propertySourceLocations = '{}', propertySourceProperties = '{}', contextCustomizers = set[org.springframework.boot.test.context.filter.ExcludeFilterContextCustomizer@1765f62f, org.springframework.boot.test.mock.mockito.MockitoContextCustomizer@0, org.springframework.boot.test.autoconfigure.properties.PropertyMappingContextCustomizer@0, org.springframework.boot.test.autoconfigure.web.servlet.WebDriverContextCustomizerFactory$Customizer@4a74524], contextLoader = 'org.springframework.test.context.support.AnnotationConfigContextLoader', parent = [null]]]].
09:50:18.671 [Test worker] DEBUG org.springframework.test.context.support.AbstractGenericContextLoader - Loading ApplicationContext for merged context configuration [[MergedContextConfiguration@797ab0fa testClass = HadoopClientControllerTest2, locations = '{}', classes = '{class ledger.hadoop.config.HadoopConfig}', contextInitializerClasses = '[]', activeProfiles = '{}', propertySourceLocations = '{}', propertySourceProperties = '{}', contextCustomizers = set[org.springframework.boot.test.context.filter.ExcludeFilterContextCustomizer@1765f62f, org.springframework.boot.test.mock.mockito.MockitoContextCustomizer@0, org.springframework.boot.test.autoconfigure.properties.PropertyMappingContextCustomizer@0, org.springframework.boot.test.autoconfigure.web.servlet.WebDriverContextCustomizerFactory$Customizer@4a74524], contextLoader = 'org.springframework.test.context.support.AnnotationConfigContextLoader', parent = [null]]].
09:50:18.718 [Test worker] DEBUG org.springframework.core.env.StandardEnvironment - Adding [systemProperties] PropertySource with lowest search precedence
09:50:18.718 [Test worker] DEBUG org.springframework.core.env.StandardEnvironment - Adding [systemEnvironment] PropertySource with lowest search precedence
09:50:18.719 [Test worker] DEBUG org.springframework.core.env.StandardEnvironment - Initialized StandardEnvironment with PropertySources [systemProperties,systemEnvironment]
09:50:18.719 [Test worker] DEBUG org.springframework.test.context.support.AnnotationConfigContextLoader - Registering annotated classes: {class ledger.hadoop.config.HadoopConfig}
09:50:18.783 [Test worker] INFO org.springframework.context.support.GenericApplicationContext - Refreshing org.springframework.context.support.GenericApplicationContext@56fdc93f: startup date [Fri Apr 14 09:50:18 KST 2017]; root of context hierarchy
09:50:18.784 [Test worker] DEBUG org.springframework.context.support.GenericApplicationContext - Bean factory for org.springframework.context.support.GenericApplicationContext@56fdc93f: org.springframework.beans.factory.support.DefaultListableBeanFactory@72f1e0e: defining beans [org.springframework.context.annotation.internalConfigurationAnnotationProcessor,org.springframework.context.annotation.internalAutowiredAnnotationProcessor,org.springframework.context.annotation.internalRequiredAnnotationProcessor,org.springframework.context.annotation.internalCommonAnnotationProcessor,org.springframework.context.annotation.internalPersistenceAnnotationProcessor,org.springframework.context.event.internalEventListenerProcessor,org.springframework.context.event.internalEventListenerFactory,hadoopConfig,org.springframework.boot.test.mock.mockito.MockitoPostProcessor$SpyPostProcessor,org.springframework.boot.test.mock.mockito.MockitoPostProcessor]; root of factory hierarchy
09:50:18.806 [Test worker] DEBUG org.springframework.beans.factory.support.DefaultListableBeanFactory - Creating shared instance of singleton bean 'org.springframework.context.annotation.internalConfigurationAnnotationProcessor'
09:50:18.806 [Test worker] DEBUG org.springframework.beans.factory.support.DefaultListableBeanFactory - Creating instance of bean 'org.springframework.context.annotation.internalConfigurationAnnotationProcessor'
09:50:18.829 [Test worker] DEBUG org.springframework.beans.factory.support.DefaultListableBeanFactory - Eagerly caching bean 'org.springframework.context.annotation.internalConfigurationAnnotationProcessor' to allow for resolving potential circular references
09:50:18.832 [Test worker] DEBUG org.springframework.beans.factory.support.DefaultListableBeanFactory - Finished creating instance of bean 'org.springframework.context.annotation.internalConfigurationAnnotationProcessor'
09:50:18.864 [Test worker] DEBUG org.springframework.context.annotation.ConfigurationClassBeanDefinitionReader - Registering bean definition for @Bean method ledger.hadoop.config.HadoopConfig.LedgerHdfsClient()
09:50:19.021 [Test worker] DEBUG org.springframework.context.annotation.ConfigurationClassEnhancer - Successfully enhanced ledger.hadoop.config.HadoopConfig; enhanced class name is: ledger.hadoop.config.HadoopConfig$$EnhancerBySpringCGLIB$$40745444
09:50:19.021 [Test worker] DEBUG org.springframework.context.annotation.ConfigurationClassPostProcessor - Replacing bean definition 'hadoopConfig' existing class 'ledger.hadoop.config.HadoopConfig' with enhanced class 'ledger.hadoop.config.HadoopConfig$$EnhancerBySpringCGLIB$$40745444'
09:50:19.022 [Test worker] DEBUG org.springframework.beans.factory.support.DefaultListableBeanFactory - Creating shared instance of singleton bean 'org.springframework.boot.test.mock.mockito.MockitoPostProcessor'
09:50:19.023 [Test worker] DEBUG org.springframework.beans.factory.support.DefaultListableBeanFactory - Creating instance of bean 'org.springframework.boot.test.mock.mockito.MockitoPostProcessor'
09:50:19.050 [Test worker] DEBUG org.springframework.beans.factory.support.DefaultListableBeanFactory - Eagerly caching bean 'org.springframework.boot.test.mock.mockito.MockitoPostProcessor' to allow for resolving potential circular references
09:50:19.076 [Test worker] DEBUG org.springframework.beans.factory.support.DefaultListableBeanFactory - Finished creating instance of bean 'org.springframework.boot.test.mock.mockito.MockitoPostProcessor'
09:50:19.078 [Test worker] DEBUG org.springframework.beans.factory.support.DefaultListableBeanFactory - Creating shared instance of singleton bean 'org.springframework.context.annotation.internalAutowiredAnnotationProcessor'
09:50:19.078 [Test worker] DEBUG org.springframework.beans.factory.support.DefaultListableBeanFactory - Creating instance of bean 'org.springframework.context.annotation.internalAutowiredAnnotationProcessor'
09:50:19.079 [Test worker] INFO org.springframework.beans.factory.annotation.AutowiredAnnotationBeanPostProcessor - JSR-330 'javax.inject.Inject' annotation found and supported for autowiring
09:50:19.079 [Test worker] DEBUG org.springframework.beans.factory.support.DefaultListableBeanFactory - Eagerly caching bean 'org.springframework.context.annotation.internalAutowiredAnnotationProcessor' to allow for resolving potential circular references
09:50:19.084 [Test worker] DEBUG org.springframework.beans.factory.support.DefaultListableBeanFactory - Finished creating instance of bean 'org.springframework.context.annotation.internalAutowiredAnnotationProcessor'
09:50:19.084 [Test worker] DEBUG org.springframework.beans.factory.support.DefaultListableBeanFactory - Creating shared instance of singleton bean 'org.springframework.context.annotation.internalRequiredAnnotationProcessor'
09:50:19.085 [Test worker] DEBUG org.springframework.beans.factory.support.DefaultListableBeanFactory - Creating instance of bean 'org.springframework.context.annotation.internalRequiredAnnotationProcessor'
09:50:19.086 [Test worker] DEBUG org.springframework.beans.factory.support.DefaultListableBeanFactory - Eagerly caching bean 'org.springframework.context.annotation.internalRequiredAnnotationProcessor' to allow for resolving potential circular references
09:50:19.092 [Test worker] DEBUG org.springframework.beans.factory.support.DefaultListableBeanFactory - Finished creating instance of bean 'org.springframework.context.annotation.internalRequiredAnnotationProcessor'
09:50:19.092 [Test worker] DEBUG org.springframework.beans.factory.support.DefaultListableBeanFactory - Creating shared instance of singleton bean 'org.springframework.context.annotation.internalCommonAnnotationProcessor'
09:50:19.092 [Test worker] DEBUG org.springframework.beans.factory.support.DefaultListableBeanFactory - Creating instance of bean 'org.springframework.context.annotation.internalCommonAnnotationProcessor'
09:50:19.095 [Test worker] DEBUG org.springframework.beans.factory.support.DefaultListableBeanFactory - Eagerly caching bean 'org.springframework.context.annotation.internalCommonAnnotationProcessor' to allow for resolving potential circular references
09:50:19.106 [Test worker] DEBUG org.springframework.beans.factory.support.DefaultListableBeanFactory - Finished creating instance of bean 'org.springframework.context.annotation.internalCommonAnnotationProcessor'
09:50:19.106 [Test worker] DEBUG org.springframework.beans.factory.support.DefaultListableBeanFactory - Creating shared instance of singleton bean 'org.springframework.context.annotation.internalPersistenceAnnotationProcessor'
09:50:19.106 [Test worker] DEBUG org.springframework.beans.factory.support.DefaultListableBeanFactory - Creating instance of bean 'org.springframework.context.annotation.internalPersistenceAnnotationProcessor'
09:50:19.108 [Test worker] DEBUG org.springframework.beans.factory.support.DefaultListableBeanFactory - Eagerly caching bean 'org.springframework.context.annotation.internalPersistenceAnnotationProcessor' to allow for resolving potential circular references
09:50:19.114 [Test worker] DEBUG org.springframework.beans.factory.support.DefaultListableBeanFactory - Finished creating instance of bean 'org.springframework.context.annotation.internalPersistenceAnnotationProcessor'
09:50:19.114 [Test worker] DEBUG org.springframework.beans.factory.support.DefaultListableBeanFactory - Creating shared instance of singleton bean 'org.springframework.boot.test.mock.mockito.MockitoPostProcessor$SpyPostProcessor'
09:50:19.115 [Test worker] DEBUG org.springframework.beans.factory.support.DefaultListableBeanFactory - Creating instance of bean 'org.springframework.boot.test.mock.mockito.MockitoPostProcessor$SpyPostProcessor'
09:50:19.122 [Test worker] DEBUG org.springframework.beans.factory.support.DefaultListableBeanFactory - Returning cached instance of singleton bean 'org.springframework.boot.test.mock.mockito.MockitoPostProcessor'
09:50:19.123 [Test worker] DEBUG org.springframework.beans.factory.support.DefaultListableBeanFactory - Eagerly caching bean 'org.springframework.boot.test.mock.mockito.MockitoPostProcessor$SpyPostProcessor' to allow for resolving potential circular references
09:50:19.125 [Test worker] DEBUG org.springframework.beans.factory.support.DefaultListableBeanFactory - Finished creating instance of bean 'org.springframework.boot.test.mock.mockito.MockitoPostProcessor$SpyPostProcessor'
09:50:19.125 [Test worker] DEBUG org.springframework.beans.factory.support.DefaultListableBeanFactory - Returning cached instance of singleton bean 'org.springframework.boot.test.mock.mockito.MockitoPostProcessor'
09:50:19.125 [Test worker] DEBUG org.springframework.beans.factory.support.DefaultListableBeanFactory - Returning cached instance of singleton bean 'org.springframework.boot.test.autoconfigure.properties.PropertyMappingContextCustomizer$PropertyMappingCheckBeanPostProcessor'
09:50:19.127 [Test worker] DEBUG org.springframework.context.support.GenericApplicationContext - Unable to locate MessageSource with name 'messageSource': using default [org.springframework.context.support.DelegatingMessageSource@2f9520f6]
09:50:19.129 [Test worker] DEBUG org.springframework.context.support.GenericApplicationContext - Unable to locate ApplicationEventMulticaster with name 'applicationEventMulticaster': using default [org.springframework.context.event.SimpleApplicationEventMulticaster@514b53fb]
09:50:19.131 [Test worker] DEBUG org.springframework.beans.factory.support.DefaultListableBeanFactory - Pre-instantiating singletons in org.springframework.beans.factory.support.DefaultListableBeanFactory@72f1e0e: defining beans [org.springframework.context.annotation.internalConfigurationAnnotationProcessor,org.springframework.context.annotation.internalAutowiredAnnotationProcessor,org.springframework.context.annotation.internalRequiredAnnotationProcessor,org.springframework.context.annotation.internalCommonAnnotationProcessor,org.springframework.context.annotation.internalPersistenceAnnotationProcessor,org.springframework.context.event.internalEventListenerProcessor,org.springframework.context.event.internalEventListenerFactory,hadoopConfig,org.springframework.boot.test.mock.mockito.MockitoPostProcessor$SpyPostProcessor,org.springframework.boot.test.mock.mockito.MockitoPostProcessor,LedgerHdfsClient]; root of factory hierarchy
09:50:19.131 [Test worker] DEBUG org.springframework.beans.factory.support.DefaultListableBeanFactory - Returning cached instance of singleton bean 'org.springframework.context.annotation.internalConfigurationAnnotationProcessor'
09:50:19.131 [Test worker] DEBUG org.springframework.beans.factory.support.DefaultListableBeanFactory - Returning cached instance of singleton bean 'org.springframework.context.annotation.internalAutowiredAnnotationProcessor'
09:50:19.131 [Test worker] DEBUG org.springframework.beans.factory.support.DefaultListableBeanFactory - Returning cached instance of singleton bean 'org.springframework.context.annotation.internalRequiredAnnotationProcessor'
09:50:19.131 [Test worker] DEBUG org.springframework.beans.factory.support.DefaultListableBeanFactory - Returning cached instance of singleton bean 'org.springframework.context.annotation.internalCommonAnnotationProcessor'
09:50:19.131 [Test worker] DEBUG org.springframework.beans.factory.support.DefaultListableBeanFactory - Returning cached instance of singleton bean 'org.springframework.context.annotation.internalPersistenceAnnotationProcessor'
09:50:19.131 [Test worker] DEBUG org.springframework.beans.factory.support.DefaultListableBeanFactory - Creating shared instance of singleton bean 'org.springframework.context.event.internalEventListenerProcessor'
09:50:19.131 [Test worker] DEBUG org.springframework.beans.factory.support.DefaultListableBeanFactory - Creating instance of bean 'org.springframework.context.event.internalEventListenerProcessor'
09:50:19.138 [Test worker] DEBUG org.springframework.beans.factory.support.DefaultListableBeanFactory - Eagerly caching bean 'org.springframework.context.event.internalEventListenerProcessor' to allow for resolving potential circular references
09:50:19.141 [Test worker] DEBUG org.springframework.beans.factory.support.DefaultListableBeanFactory - Finished creating instance of bean 'org.springframework.context.event.internalEventListenerProcessor'
09:50:19.141 [Test worker] DEBUG org.springframework.beans.factory.support.DefaultListableBeanFactory - Creating shared instance of singleton bean 'org.springframework.context.event.internalEventListenerFactory'
09:50:19.141 [Test worker] DEBUG org.springframework.beans.factory.support.DefaultListableBeanFactory - Creating instance of bean 'org.springframework.context.event.internalEventListenerFactory'
09:50:19.142 [Test worker] DEBUG org.springframework.beans.factory.support.DefaultListableBeanFactory - Eagerly caching bean 'org.springframework.context.event.internalEventListenerFactory' to allow for resolving potential circular references
09:50:19.145 [Test worker] DEBUG org.springframework.beans.factory.support.DefaultListableBeanFactory - Finished creating instance of bean 'org.springframework.context.event.internalEventListenerFactory'
09:50:19.146 [Test worker] DEBUG org.springframework.beans.factory.support.DefaultListableBeanFactory - Creating shared instance of singleton bean 'hadoopConfig'
09:50:19.146 [Test worker] DEBUG org.springframework.beans.factory.support.DefaultListableBeanFactory - Creating instance of bean 'hadoopConfig'
09:50:19.146 [Test worker] DEBUG org.springframework.beans.factory.support.DefaultListableBeanFactory - Eagerly caching bean 'hadoopConfig' to allow for resolving potential circular references
09:50:19.151 [Test worker] DEBUG org.springframework.beans.factory.support.DefaultListableBeanFactory - Finished creating instance of bean 'hadoopConfig'
09:50:19.151 [Test worker] DEBUG org.springframework.beans.factory.support.DefaultListableBeanFactory - Returning cached instance of singleton bean 'org.springframework.boot.test.mock.mockito.MockitoPostProcessor$SpyPostProcessor'
09:50:19.151 [Test worker] DEBUG org.springframework.beans.factory.support.DefaultListableBeanFactory - Returning cached instance of singleton bean 'org.springframework.boot.test.mock.mockito.MockitoPostProcessor'
09:50:19.151 [Test worker] DEBUG org.springframework.beans.factory.support.DefaultListableBeanFactory - Creating shared instance of singleton bean 'LedgerHdfsClient'
09:50:19.151 [Test worker] DEBUG org.springframework.beans.factory.support.DefaultListableBeanFactory - Creating instance of bean 'LedgerHdfsClient'
09:50:19.151 [Test worker] DEBUG org.springframework.beans.factory.support.DefaultListableBeanFactory - Returning cached instance of singleton bean 'hadoopConfig'
LedgerHdfsClient from bean
09:50:19.176 [Test worker] WARN org.springframework.beans.factory.annotation.AutowiredAnnotationBeanPostProcessor - Autowired annotation should only be used on methods with parameters: public void ledger.hadoop.config.LedgerHdfsClient.setSimpleFS()
09:50:19.180 [Test worker] DEBUG org.springframework.beans.factory.annotation.InjectionMetadata - Registered injected element on class [ledger.hadoop.config.LedgerHdfsClient]: AutowiredMethodElement for public void ledger.hadoop.config.LedgerHdfsClient.setSimpleFS()
09:50:19.180 [Test worker] DEBUG org.springframework.beans.factory.support.DefaultListableBeanFactory - Eagerly caching bean 'LedgerHdfsClient' to allow for resolving potential circular references
09:50:19.180 [Test worker] DEBUG org.springframework.beans.factory.annotation.InjectionMetadata - Processing injected element of bean 'LedgerHdfsClient': AutowiredMethodElement for public void ledger.hadoop.config.LedgerHdfsClient.setSimpleFS()
09:50:19.416 [Test worker] DEBUG org.apache.hadoop.util.Shell - Failed to detect a valid hadoop home directory
java.io.IOException: HADOOP_HOME or hadoop.home.dir are not set.
	at org.apache.hadoop.util.Shell.checkHadoopHome(Shell.java:303)
	at org.apache.hadoop.util.Shell.<clinit>(Shell.java:328)
	at org.apache.hadoop.util.StringUtils.<clinit>(StringUtils.java:80)
	at org.apache.hadoop.fs.FileSystem$Cache$Key.<init>(FileSystem.java:2807)
	at org.apache.hadoop.fs.FileSystem$Cache$Key.<init>(FileSystem.java:2802)
	at org.apache.hadoop.fs.FileSystem$Cache.get(FileSystem.java:2668)
	at org.apache.hadoop.fs.FileSystem.get(FileSystem.java:371)
	at org.apache.hadoop.fs.FileSystem.get(FileSystem.java:170)
	at ledger.hadoop.config.LedgerHdfsClient.setSimpleFS(LedgerHdfsClient.java:29)
	at sun.reflect.NativeMethodAccessorImpl.invoke0(Native Method)
	at sun.reflect.NativeMethodAccessorImpl.invoke(NativeMethodAccessorImpl.java:62)
	at sun.reflect.DelegatingMethodAccessorImpl.invoke(DelegatingMethodAccessorImpl.java:43)
	at java.lang.reflect.Method.invoke(Method.java:498)
	at org.springframework.beans.factory.annotation.AutowiredAnnotationBeanPostProcessor$AutowiredMethodElement.inject(AutowiredAnnotationBeanPostProcessor.java:701)
	at org.springframework.beans.factory.annotation.InjectionMetadata.inject(InjectionMetadata.java:88)
	at org.springframework.beans.factory.annotation.AutowiredAnnotationBeanPostProcessor.postProcessPropertyValues(AutowiredAnnotationBeanPostProcessor.java:366)
	at org.springframework.beans.factory.support.AbstractAutowireCapableBeanFactory.populateBean(AbstractAutowireCapableBeanFactory.java:1264)
	at org.springframework.beans.factory.support.AbstractAutowireCapableBeanFactory.doCreateBean(AbstractAutowireCapableBeanFactory.java:553)
	at org.springframework.beans.factory.support.AbstractAutowireCapableBeanFactory.createBean(AbstractAutowireCapableBeanFactory.java:483)
	at org.springframework.beans.factory.support.AbstractBeanFactory$1.getObject(AbstractBeanFactory.java:306)
	at org.springframework.beans.factory.support.DefaultSingletonBeanRegistry.getSingleton(DefaultSingletonBeanRegistry.java:230)
	at org.springframework.beans.factory.support.AbstractBeanFactory.doGetBean(AbstractBeanFactory.java:302)
	at org.springframework.beans.factory.support.AbstractBeanFactory.getBean(AbstractBeanFactory.java:197)
	at org.springframework.beans.factory.support.DefaultListableBeanFactory.preInstantiateSingletons(DefaultListableBeanFactory.java:761)
	at org.springframework.context.support.AbstractApplicationContext.finishBeanFactoryInitialization(AbstractApplicationContext.java:866)
	at org.springframework.context.support.AbstractApplicationContext.refresh(AbstractApplicationContext.java:542)
	at org.springframework.test.context.support.AbstractGenericContextLoader.loadContext(AbstractGenericContextLoader.java:128)
	at org.springframework.test.context.support.AbstractGenericContextLoader.loadContext(AbstractGenericContextLoader.java:60)
	at org.springframework.test.context.cache.DefaultCacheAwareContextLoaderDelegate.loadContextInternal(DefaultCacheAwareContextLoaderDelegate.java:98)
	at org.springframework.test.context.cache.DefaultCacheAwareContextLoaderDelegate.loadContext(DefaultCacheAwareContextLoaderDelegate.java:116)
	at org.springframework.test.context.support.DefaultTestContext.getApplicationContext(DefaultTestContext.java:83)
	at org.springframework.test.context.support.DependencyInjectionTestExecutionListener.injectDependencies(DependencyInjectionTestExecutionListener.java:117)
	at org.springframework.test.context.support.DependencyInjectionTestExecutionListener.prepareTestInstance(DependencyInjectionTestExecutionListener.java:83)
	at org.springframework.test.context.TestContextManager.prepareTestInstance(TestContextManager.java:230)
	at org.springframework.test.context.junit4.SpringJUnit4ClassRunner.createTest(SpringJUnit4ClassRunner.java:228)
	at org.springframework.test.context.junit4.SpringJUnit4ClassRunner$1.runReflectiveCall(SpringJUnit4ClassRunner.java:287)
	at org.junit.internal.runners.model.ReflectiveCallable.run(ReflectiveCallable.java:12)
	at org.springframework.test.context.junit4.SpringJUnit4ClassRunner.methodBlock(SpringJUnit4ClassRunner.java:289)
	at org.springframework.test.context.junit4.SpringJUnit4ClassRunner.runChild(SpringJUnit4ClassRunner.java:247)
	at org.springframework.test.context.junit4.SpringJUnit4ClassRunner.runChild(SpringJUnit4ClassRunner.java:94)
	at org.junit.runners.ParentRunner$3.run(ParentRunner.java:290)
	at org.junit.runners.ParentRunner$1.schedule(ParentRunner.java:71)
	at org.junit.runners.ParentRunner.runChildren(ParentRunner.java:288)
	at org.junit.runners.ParentRunner.access$000(ParentRunner.java:58)
	at org.junit.runners.ParentRunner$2.evaluate(ParentRunner.java:268)
	at org.springframework.test.context.junit4.statements.RunBeforeTestClassCallbacks.evaluate(RunBeforeTestClassCallbacks.java:61)
	at org.springframework.test.context.junit4.statements.RunAfterTestClassCallbacks.evaluate(RunAfterTestClassCallbacks.java:70)
	at org.junit.runners.ParentRunner.run(ParentRunner.java:363)
	at org.springframework.test.context.junit4.SpringJUnit4ClassRunner.run(SpringJUnit4ClassRunner.java:191)
	at org.gradle.api.internal.tasks.testing.junit.JUnitTestClassExecuter.runTestClass(JUnitTestClassExecuter.java:112)
	at org.gradle.api.internal.tasks.testing.junit.JUnitTestClassExecuter.execute(JUnitTestClassExecuter.java:56)
	at org.gradle.api.internal.tasks.testing.junit.JUnitTestClassProcessor.processTestClass(JUnitTestClassProcessor.java:66)
	at org.gradle.api.internal.tasks.testing.SuiteTestClassProcessor.processTestClass(SuiteTestClassProcessor.java:51)
	at sun.reflect.NativeMethodAccessorImpl.invoke0(Native Method)
	at sun.reflect.NativeMethodAccessorImpl.invoke(NativeMethodAccessorImpl.java:62)
	at sun.reflect.DelegatingMethodAccessorImpl.invoke(DelegatingMethodAccessorImpl.java:43)
	at java.lang.reflect.Method.invoke(Method.java:498)
	at org.gradle.messaging.dispatch.ReflectionDispatch.dispatch(ReflectionDispatch.java:35)
	at org.gradle.messaging.dispatch.ReflectionDispatch.dispatch(ReflectionDispatch.java:24)
	at org.gradle.messaging.dispatch.ContextClassLoaderDispatch.dispatch(ContextClassLoaderDispatch.java:32)
	at org.gradle.messaging.dispatch.ProxyDispatchAdapter$DispatchingInvocationHandler.invoke(ProxyDispatchAdapter.java:93)
	at com.sun.proxy.$Proxy2.processTestClass(Unknown Source)
	at org.gradle.api.internal.tasks.testing.worker.TestWorker.processTestClass(TestWorker.java:109)
	at sun.reflect.NativeMethodAccessorImpl.invoke0(Native Method)
	at sun.reflect.NativeMethodAccessorImpl.invoke(NativeMethodAccessorImpl.java:62)
	at sun.reflect.DelegatingMethodAccessorImpl.invoke(DelegatingMethodAccessorImpl.java:43)
	at java.lang.reflect.Method.invoke(Method.java:498)
	at org.gradle.messaging.dispatch.ReflectionDispatch.dispatch(ReflectionDispatch.java:35)
	at org.gradle.messaging.dispatch.ReflectionDispatch.dispatch(ReflectionDispatch.java:24)
	at org.gradle.messaging.remote.internal.hub.MessageHub$Handler.run(MessageHub.java:364)
	at org.gradle.internal.concurrent.ExecutorPolicy$CatchAndRecordFailures.onExecute(ExecutorPolicy.java:54)
	at org.gradle.internal.concurrent.StoppableExecutorImpl$1.run(StoppableExecutorImpl.java:40)
	at java.util.concurrent.ThreadPoolExecutor.runWorker(ThreadPoolExecutor.java:1142)
	at java.util.concurrent.ThreadPoolExecutor$Worker.run(ThreadPoolExecutor.java:617)
	at java.lang.Thread.run(Thread.java:745)
09:50:19.417 [Test worker] ERROR org.apache.hadoop.util.Shell - Failed to locate the winutils binary in the hadoop binary path
java.io.IOException: Could not locate executable null\bin\winutils.exe in the Hadoop binaries.
	at org.apache.hadoop.util.Shell.getQualifiedBinPath(Shell.java:356)
	at org.apache.hadoop.util.Shell.getWinUtilsPath(Shell.java:371)
	at org.apache.hadoop.util.Shell.<clinit>(Shell.java:364)
	at org.apache.hadoop.util.StringUtils.<clinit>(StringUtils.java:80)
	at org.apache.hadoop.fs.FileSystem$Cache$Key.<init>(FileSystem.java:2807)
	at org.apache.hadoop.fs.FileSystem$Cache$Key.<init>(FileSystem.java:2802)
	at org.apache.hadoop.fs.FileSystem$Cache.get(FileSystem.java:2668)
	at org.apache.hadoop.fs.FileSystem.get(FileSystem.java:371)
	at org.apache.hadoop.fs.FileSystem.get(FileSystem.java:170)
	at ledger.hadoop.config.LedgerHdfsClient.setSimpleFS(LedgerHdfsClient.java:29)
	at sun.reflect.NativeMethodAccessorImpl.invoke0(Native Method)
	at sun.reflect.NativeMethodAccessorImpl.invoke(NativeMethodAccessorImpl.java:62)
	at sun.reflect.DelegatingMethodAccessorImpl.invoke(DelegatingMethodAccessorImpl.java:43)
	at java.lang.reflect.Method.invoke(Method.java:498)
	at org.springframework.beans.factory.annotation.AutowiredAnnotationBeanPostProcessor$AutowiredMethodElement.inject(AutowiredAnnotationBeanPostProcessor.java:701)
	at org.springframework.beans.factory.annotation.InjectionMetadata.inject(InjectionMetadata.java:88)
	at org.springframework.beans.factory.annotation.AutowiredAnnotationBeanPostProcessor.postProcessPropertyValues(AutowiredAnnotationBeanPostProcessor.java:366)
	at org.springframework.beans.factory.support.AbstractAutowireCapableBeanFactory.populateBean(AbstractAutowireCapableBeanFactory.java:1264)
	at org.springframework.beans.factory.support.AbstractAutowireCapableBeanFactory.doCreateBean(AbstractAutowireCapableBeanFactory.java:553)
	at org.springframework.beans.factory.support.AbstractAutowireCapableBeanFactory.createBean(AbstractAutowireCapableBeanFactory.java:483)
	at org.springframework.beans.factory.support.AbstractBeanFactory$1.getObject(AbstractBeanFactory.java:306)
	at org.springframework.beans.factory.support.DefaultSingletonBeanRegistry.getSingleton(DefaultSingletonBeanRegistry.java:230)
	at org.springframework.beans.factory.support.AbstractBeanFactory.doGetBean(AbstractBeanFactory.java:302)
	at org.springframework.beans.factory.support.AbstractBeanFactory.getBean(AbstractBeanFactory.java:197)
	at org.springframework.beans.factory.support.DefaultListableBeanFactory.preInstantiateSingletons(DefaultListableBeanFactory.java:761)
	at org.springframework.context.support.AbstractApplicationContext.finishBeanFactoryInitialization(AbstractApplicationContext.java:866)
	at org.springframework.context.support.AbstractApplicationContext.refresh(AbstractApplicationContext.java:542)
	at org.springframework.test.context.support.AbstractGenericContextLoader.loadContext(AbstractGenericContextLoader.java:128)
	at org.springframework.test.context.support.AbstractGenericContextLoader.loadContext(AbstractGenericContextLoader.java:60)
	at org.springframework.test.context.cache.DefaultCacheAwareContextLoaderDelegate.loadContextInternal(DefaultCacheAwareContextLoaderDelegate.java:98)
	at org.springframework.test.context.cache.DefaultCacheAwareContextLoaderDelegate.loadContext(DefaultCacheAwareContextLoaderDelegate.java:116)
	at org.springframework.test.context.support.DefaultTestContext.getApplicationContext(DefaultTestContext.java:83)
	at org.springframework.test.context.support.DependencyInjectionTestExecutionListener.injectDependencies(DependencyInjectionTestExecutionListener.java:117)
	at org.springframework.test.context.support.DependencyInjectionTestExecutionListener.prepareTestInstance(DependencyInjectionTestExecutionListener.java:83)
	at org.springframework.test.context.TestContextManager.prepareTestInstance(TestContextManager.java:230)
	at org.springframework.test.context.junit4.SpringJUnit4ClassRunner.createTest(SpringJUnit4ClassRunner.java:228)
	at org.springframework.test.context.junit4.SpringJUnit4ClassRunner$1.runReflectiveCall(SpringJUnit4ClassRunner.java:287)
	at org.junit.internal.runners.model.ReflectiveCallable.run(ReflectiveCallable.java:12)
	at org.springframework.test.context.junit4.SpringJUnit4ClassRunner.methodBlock(SpringJUnit4ClassRunner.java:289)
	at org.springframework.test.context.junit4.SpringJUnit4ClassRunner.runChild(SpringJUnit4ClassRunner.java:247)
	at org.springframework.test.context.junit4.SpringJUnit4ClassRunner.runChild(SpringJUnit4ClassRunner.java:94)
	at org.junit.runners.ParentRunner$3.run(ParentRunner.java:290)
	at org.junit.runners.ParentRunner$1.schedule(ParentRunner.java:71)
	at org.junit.runners.ParentRunner.runChildren(ParentRunner.java:288)
	at org.junit.runners.ParentRunner.access$000(ParentRunner.java:58)
	at org.junit.runners.ParentRunner$2.evaluate(ParentRunner.java:268)
	at org.springframework.test.context.junit4.statements.RunBeforeTestClassCallbacks.evaluate(RunBeforeTestClassCallbacks.java:61)
	at org.springframework.test.context.junit4.statements.RunAfterTestClassCallbacks.evaluate(RunAfterTestClassCallbacks.java:70)
	at org.junit.runners.ParentRunner.run(ParentRunner.java:363)
	at org.springframework.test.context.junit4.SpringJUnit4ClassRunner.run(SpringJUnit4ClassRunner.java:191)
	at org.gradle.api.internal.tasks.testing.junit.JUnitTestClassExecuter.runTestClass(JUnitTestClassExecuter.java:112)
	at org.gradle.api.internal.tasks.testing.junit.JUnitTestClassExecuter.execute(JUnitTestClassExecuter.java:56)
	at org.gradle.api.internal.tasks.testing.junit.JUnitTestClassProcessor.processTestClass(JUnitTestClassProcessor.java:66)
	at org.gradle.api.internal.tasks.testing.SuiteTestClassProcessor.processTestClass(SuiteTestClassProcessor.java:51)
	at sun.reflect.NativeMethodAccessorImpl.invoke0(Native Method)
	at sun.reflect.NativeMethodAccessorImpl.invoke(NativeMethodAccessorImpl.java:62)
	at sun.reflect.DelegatingMethodAccessorImpl.invoke(DelegatingMethodAccessorImpl.java:43)
	at java.lang.reflect.Method.invoke(Method.java:498)
	at org.gradle.messaging.dispatch.ReflectionDispatch.dispatch(ReflectionDispatch.java:35)
	at org.gradle.messaging.dispatch.ReflectionDispatch.dispatch(ReflectionDispatch.java:24)
	at org.gradle.messaging.dispatch.ContextClassLoaderDispatch.dispatch(ContextClassLoaderDispatch.java:32)
	at org.gradle.messaging.dispatch.ProxyDispatchAdapter$DispatchingInvocationHandler.invoke(ProxyDispatchAdapter.java:93)
	at com.sun.proxy.$Proxy2.processTestClass(Unknown Source)
	at org.gradle.api.internal.tasks.testing.worker.TestWorker.processTestClass(TestWorker.java:109)
	at sun.reflect.NativeMethodAccessorImpl.invoke0(Native Method)
	at sun.reflect.NativeMethodAccessorImpl.invoke(NativeMethodAccessorImpl.java:62)
	at sun.reflect.DelegatingMethodAccessorImpl.invoke(DelegatingMethodAccessorImpl.java:43)
	at java.lang.reflect.Method.invoke(Method.java:498)
	at org.gradle.messaging.dispatch.ReflectionDispatch.dispatch(ReflectionDispatch.java:35)
	at org.gradle.messaging.dispatch.ReflectionDispatch.dispatch(ReflectionDispatch.java:24)
	at org.gradle.messaging.remote.internal.hub.MessageHub$Handler.run(MessageHub.java:364)
	at org.gradle.internal.concurrent.ExecutorPolicy$CatchAndRecordFailures.onExecute(ExecutorPolicy.java:54)
	at org.gradle.internal.concurrent.StoppableExecutorImpl$1.run(StoppableExecutorImpl.java:40)
	at java.util.concurrent.ThreadPoolExecutor.runWorker(ThreadPoolExecutor.java:1142)
	at java.util.concurrent.ThreadPoolExecutor$Worker.run(ThreadPoolExecutor.java:617)
	at java.lang.Thread.run(Thread.java:745)
09:50:19.478 [Test worker] DEBUG org.apache.hadoop.metrics2.lib.MutableMetricsFactory - field org.apache.hadoop.metrics2.lib.MutableRate org.apache.hadoop.security.UserGroupInformation$UgiMetrics.loginSuccess with annotation @org.apache.hadoop.metrics2.annotation.Metric(always=false, about=, sampleName=Ops, type=DEFAULT, value=[Rate of successful kerberos logins and latency (milliseconds)], valueName=Time)
09:50:19.493 [Test worker] DEBUG org.apache.hadoop.metrics2.lib.MutableMetricsFactory - field org.apache.hadoop.metrics2.lib.MutableRate org.apache.hadoop.security.UserGroupInformation$UgiMetrics.loginFailure with annotation @org.apache.hadoop.metrics2.annotation.Metric(always=false, about=, sampleName=Ops, type=DEFAULT, value=[Rate of failed kerberos logins and latency (milliseconds)], valueName=Time)
09:50:19.493 [Test worker] DEBUG org.apache.hadoop.metrics2.lib.MutableMetricsFactory - field org.apache.hadoop.metrics2.lib.MutableRate org.apache.hadoop.security.UserGroupInformation$UgiMetrics.getGroups with annotation @org.apache.hadoop.metrics2.annotation.Metric(always=false, about=, sampleName=Ops, type=DEFAULT, value=[GetGroups], valueName=Time)
09:50:19.495 [Test worker] DEBUG org.apache.hadoop.metrics2.impl.MetricsSystemImpl - UgiMetrics, User and group related metrics
09:50:19.542 [Test worker] DEBUG org.apache.hadoop.security.authentication.util.KerberosName - Kerberos krb5 configuration not found, setting default realm to empty
09:50:19.548 [Test worker] DEBUG org.apache.hadoop.security.Groups -  Creating new Groups object
09:50:19.552 [Test worker] DEBUG org.apache.hadoop.util.NativeCodeLoader - Trying to load the custom-built native-hadoop library...
09:50:19.553 [Test worker] DEBUG org.apache.hadoop.util.NativeCodeLoader - Failed to load native-hadoop with error: java.lang.UnsatisfiedLinkError: no hadoop in java.library.path
09:50:19.553 [Test worker] DEBUG org.apache.hadoop.util.NativeCodeLoader - java.library.path=C:\Program Files\Java\jdk1.8.0_111\bin;C:\Windows\Sun\Java\bin;C:\Windows\system32;C:\Windows;C:/Program Files/Java/jre1.8.0_111/bin/server;C:/Program Files/Java/jre1.8.0_111/bin;C:/Program Files/Java/jre1.8.0_111/lib/amd64;;C:\ProgramData\Oracle\Java\javapath;C:\app\kait\product\11.2.0\client_1;C:\Windows\system32;C:\Windows;C:\Windows\System32\Wbem;C:\Windows\System32\WindowsPowerShell\v1.0\;C:\Program Files (x86)\NVIDIA Corporation\PhysX\Common;C:\Program Files\TortoiseSVN\bin;C:\Program Files (x86)\Windows Kits\8.1\Windows Performance Toolkit\;C:\Users\kait\Anaconda3;C:\Users\kait\Anaconda3\Scripts;C:\Users\kait\Anaconda3\Library\bin;C:\MinGW\bin;C:\sts-bundle\gradle-3.4.1\bin;C:\Program Files\Java\jdk1.8.0_111\bin;C:\sts-bundle\sts-3.8.4.RELEASE;;.
09:50:19.553 [Test worker] WARN org.apache.hadoop.util.NativeCodeLoader - Unable to load native-hadoop library for your platform... using builtin-java classes where applicable
09:50:19.554 [Test worker] DEBUG org.apache.hadoop.util.PerformanceAdvisory - Falling back to shell based
09:50:19.554 [Test worker] DEBUG org.apache.hadoop.security.JniBasedUnixGroupsMappingWithFallback - Group mapping impl=org.apache.hadoop.security.ShellBasedUnixGroupsMapping
09:50:19.699 [Test worker] DEBUG org.apache.hadoop.security.Groups - Group mapping impl=org.apache.hadoop.security.JniBasedUnixGroupsMappingWithFallback; cacheTimeout=300000; warningDeltaMs=5000
09:50:19.704 [Test worker] DEBUG org.apache.hadoop.security.UserGroupInformation - hadoop login
09:50:19.705 [Test worker] DEBUG org.apache.hadoop.security.UserGroupInformation - hadoop login commit
09:50:19.708 [Test worker] DEBUG org.apache.hadoop.security.UserGroupInformation - using local user:NTUserPrincipal: kait
09:50:19.708 [Test worker] DEBUG org.apache.hadoop.security.UserGroupInformation - Using user: "NTUserPrincipal: kait" with name kait
09:50:19.709 [Test worker] DEBUG org.apache.hadoop.security.UserGroupInformation - User entry: "kait"
09:50:19.709 [Test worker] DEBUG org.apache.hadoop.security.UserGroupInformation - UGI loginUser:kait (auth:SIMPLE)
09:50:19.864 [Test worker] DEBUG org.apache.hadoop.hdfs.BlockReaderLocal - dfs.client.use.legacy.blockreader.local = false
09:50:19.864 [Test worker] DEBUG org.apache.hadoop.hdfs.BlockReaderLocal - dfs.client.read.shortcircuit = false
09:50:19.864 [Test worker] DEBUG org.apache.hadoop.hdfs.BlockReaderLocal - dfs.client.domain.socket.data.traffic = false
09:50:19.864 [Test worker] DEBUG org.apache.hadoop.hdfs.BlockReaderLocal - dfs.domain.socket.path = 
09:50:19.913 [Test worker] DEBUG org.apache.hadoop.io.retry.RetryUtils - multipleLinearRandomRetry = null
09:50:19.932 [Test worker] DEBUG org.apache.hadoop.ipc.Server - rpcKind=RPC_PROTOCOL_BUFFER, rpcRequestWrapperClass=class org.apache.hadoop.ipc.ProtobufRpcEngine$RpcRequestWrapper, rpcInvoker=org.apache.hadoop.ipc.ProtobufRpcEngine$Server$ProtoBufRpcInvoker@24c7e6c5
09:50:19.938 [Test worker] DEBUG org.apache.hadoop.ipc.Client - getting client out of cache: org.apache.hadoop.ipc.Client@6a879c9b
09:50:20.305 [Test worker] DEBUG org.apache.hadoop.util.PerformanceAdvisory - Both short-circuit local reads and UNIX domain socket are disabled.
09:50:20.312 [Test worker] DEBUG org.apache.hadoop.hdfs.protocol.datatransfer.sasl.DataTransferSaslUtil - DataTransferProtocol not using SaslPropertiesResolver, no QOP found in configuration for dfs.data.transfer.protection
09:50:20.316 [Test worker] DEBUG org.springframework.beans.factory.support.DefaultListableBeanFactory - Finished creating instance of bean 'LedgerHdfsClient'
09:50:20.317 [Test worker] DEBUG org.springframework.beans.factory.support.DefaultListableBeanFactory - Returning cached instance of singleton bean 'org.springframework.context.event.internalEventListenerFactory'
09:50:20.341 [Test worker] DEBUG org.springframework.context.support.GenericApplicationContext - Unable to locate LifecycleProcessor with name 'lifecycleProcessor': using default [org.springframework.context.support.DefaultLifecycleProcessor@5bd0cac1]
09:50:20.341 [Test worker] DEBUG org.springframework.beans.factory.support.DefaultListableBeanFactory - Returning cached instance of singleton bean 'lifecycleProcessor'
09:50:20.344 [Test worker] DEBUG org.springframework.core.env.PropertySourcesPropertyResolver - Could not find key 'spring.liveBeansView.mbeanDomain' in any property source
09:50:20.346 [Test worker] DEBUG org.springframework.test.context.cache.DefaultCacheAwareContextLoaderDelegate - Storing ApplicationContext in cache under key [[MergedContextConfiguration@797ab0fa testClass = HadoopClientControllerTest2, locations = '{}', classes = '{class ledger.hadoop.config.HadoopConfig}', contextInitializerClasses = '[]', activeProfiles = '{}', propertySourceLocations = '{}', propertySourceProperties = '{}', contextCustomizers = set[org.springframework.boot.test.context.filter.ExcludeFilterContextCustomizer@1765f62f, org.springframework.boot.test.mock.mockito.MockitoContextCustomizer@0, org.springframework.boot.test.autoconfigure.properties.PropertyMappingContextCustomizer@0, org.springframework.boot.test.autoconfigure.web.servlet.WebDriverContextCustomizerFactory$Customizer@4a74524], contextLoader = 'org.springframework.test.context.support.AnnotationConfigContextLoader', parent = [null]]]
09:50:20.346 [Test worker] DEBUG org.springframework.test.context.cache - Spring test ApplicationContext cache statistics: [DefaultContextCache@ee24acb size = 1, maxSize = 32, parentContextCount = 0, hitCount = 0, missCount = 1]
09:50:20.352 [Test worker] DEBUG org.springframework.beans.factory.annotation.InjectionMetadata - Processing injected element of bean 'ledger.hadoop.client.HadoopClientControllerTest2': ResourceElement for private ledger.hadoop.config.LedgerHdfsClient ledger.hadoop.client.HadoopClientControllerTest2.ledgerHdfsClient
09:50:20.353 [Test worker] DEBUG org.springframework.beans.factory.support.DefaultListableBeanFactory - Returning cached instance of singleton bean 'LedgerHdfsClient'
09:50:20.358 [Test worker] DEBUG org.springframework.test.context.support.AbstractDirtiesContextTestExecutionListener - Before test method: context [DefaultTestContext@57926527 testClass = HadoopClientControllerTest2, testInstance = ledger.hadoop.client.HadoopClientControllerTest2@7bc6029a, testMethod = HadoopClient@HadoopClientControllerTest2, testException = [null], mergedContextConfiguration = [MergedContextConfiguration@797ab0fa testClass = HadoopClientControllerTest2, locations = '{}', classes = '{class ledger.hadoop.config.HadoopConfig}', contextInitializerClasses = '[]', activeProfiles = '{}', propertySourceLocations = '{}', propertySourceProperties = '{}', contextCustomizers = set[org.springframework.boot.test.context.filter.ExcludeFilterContextCustomizer@1765f62f, org.springframework.boot.test.mock.mockito.MockitoContextCustomizer@0, org.springframework.boot.test.autoconfigure.properties.PropertyMappingContextCustomizer@0, org.springframework.boot.test.autoconfigure.web.servlet.WebDriverContextCustomizerFactory$Customizer@4a74524], contextLoader = 'org.springframework.test.context.support.AnnotationConfigContextLoader', parent = [null]]], class annotated with @DirtiesContext [false] with mode [null], method annotated with @DirtiesContext [false] with mode [null].
09:50:20.363 [Test worker] DEBUG org.springframework.test.context.cache.DefaultCacheAwareContextLoaderDelegate - Retrieved ApplicationContext from cache with key [[MergedContextConfiguration@797ab0fa testClass = HadoopClientControllerTest2, locations = '{}', classes = '{class ledger.hadoop.config.HadoopConfig}', contextInitializerClasses = '[]', activeProfiles = '{}', propertySourceLocations = '{}', propertySourceProperties = '{}', contextCustomizers = set[org.springframework.boot.test.context.filter.ExcludeFilterContextCustomizer@1765f62f, org.springframework.boot.test.mock.mockito.MockitoContextCustomizer@0, org.springframework.boot.test.autoconfigure.properties.PropertyMappingContextCustomizer@0, org.springframework.boot.test.autoconfigure.web.servlet.WebDriverContextCustomizerFactory$Customizer@4a74524], contextLoader = 'org.springframework.test.context.support.AnnotationConfigContextLoader', parent = [null]]]
09:50:20.363 [Test worker] DEBUG org.springframework.test.context.cache - Spring test ApplicationContext cache statistics: [DefaultContextCache@ee24acb size = 1, maxSize = 32, parentContextCount = 0, hitCount = 1, missCount = 1]
09:50:20.392 [Test worker] DEBUG org.springframework.beans.factory.support.DefaultListableBeanFactory - Returning cached instance of singleton bean 'org.springframework.boot.test.mock.mockito.MockitoBeans'
Test2 Start!
09:50:20.425 [Test worker] DEBUG org.apache.hadoop.ipc.Client - The ping interval is 60000 ms.
09:50:20.427 [Test worker] DEBUG org.apache.hadoop.ipc.Client - Connecting to /192.168.1.129:9000
09:50:20.442 [IPC Client (346331221) connection to /192.168.1.129:9000 from kait] DEBUG org.apache.hadoop.ipc.Client - IPC Client (346331221) connection to /192.168.1.129:9000 from kait: starting, having connections 1
09:50:20.444 [IPC Parameter Sending Thread #0] DEBUG org.apache.hadoop.ipc.Client - IPC Client (346331221) connection to /192.168.1.129:9000 from kait sending #0
09:50:20.457 [IPC Client (346331221) connection to /192.168.1.129:9000 from kait] DEBUG org.apache.hadoop.ipc.Client - IPC Client (346331221) connection to /192.168.1.129:9000 from kait got value #0
09:50:20.457 [Test worker] DEBUG org.apache.hadoop.ipc.ProtobufRpcEngine - Call: getBlockLocations took 49ms
09:50:20.524 [Test worker] DEBUG org.apache.hadoop.hdfs.DFSClient - newInfo = LocatedBlocks{
  fileLength=14978
  underConstruction=false
  blocks=[LocatedBlock{BP-1570460884-127.0.1.1-1492130562839:blk_1073741825_1001; getBlockSize()=14978; corrupt=false; offset=0; locs=[DatanodeInfoWithStorage[192.168.1.129:50010,DS-240452f0-89de-4ce4-895d-43ca9884bd8c,DISK]]}]
  lastLocatedBlock=LocatedBlock{BP-1570460884-127.0.1.1-1492130562839:blk_1073741825_1001; getBlockSize()=14978; corrupt=false; offset=0; locs=[DatanodeInfoWithStorage[192.168.1.129:50010,DS-240452f0-89de-4ce4-895d-43ca9884bd8c,DISK]]}
  isLastBlockComplete=true}
09:50:20.527 [Test worker] DEBUG org.apache.hadoop.hdfs.DFSClient - Connecting to datanode 192.168.1.129:50010
09:50:20.538 [IPC Parameter Sending Thread #0] DEBUG org.apache.hadoop.ipc.Client - IPC Client (346331221) connection to /192.168.1.129:9000 from kait sending #1
09:50:20.540 [IPC Client (346331221) connection to /192.168.1.129:9000 from kait] DEBUG org.apache.hadoop.ipc.Client - IPC Client (346331221) connection to /192.168.1.129:9000 from kait got value #1
09:50:20.540 [Test worker] DEBUG org.apache.hadoop.ipc.ProtobufRpcEngine - Call: getServerDefaults took 3ms
09:50:20.546 [Test worker] DEBUG org.apache.hadoop.hdfs.protocol.datatransfer.sasl.SaslDataTransferClient - SASL client skipping handshake in unsecured configuration for addr = /192.168.1.129, datanodeId = DatanodeInfoWithStorage[192.168.1.129:50010,DS-240452f0-89de-4ce4-895d-43ca9884bd8c,DISK]
This product includes software developed by The Apache SoftwareFoundation (http://www.apache.org/).The binary distribution of this product bundles binaries oforg.iq80.leveldb:leveldb-api (https://github.com/dain/leveldb), which has thefollowing notices:* Copyright 2011 Dain Sundstrom <dain@iq80.com>* Copyright 2011 FuseSource Corp. http://fusesource.comThe binary distribution of this product bundles binaries oforg.fusesource.hawtjni:hawtjni-runtime (https://github.com/fusesource/hawtjni),which has the following notices:* This product includes software developed by FuseSource Corp.  http://fusesource.com* This product includes software developed at  Progress Software Corporation and/or its  subsidiaries or affiliates.* This product includes software developed by IBM Corporation and others.The binary distribution of this product bundles binaries ofGson 2.2.4,which has the following notices:                            The Netty Project                            =================Please visit the Netty web site for more information:  * http://netty.io/Copyright 2014 The Netty ProjectThe Netty Project licenses this file to you under the Apache License,version 2.0 (the "License"); you may not use this file except in compliancewith the License. You may obtain a copy of the License at:  http://www.apache.org/licenses/LICENSE-2.0Unless required by applicable law or agreed to in writing, softwaredistributed under the License is distributed on an "AS IS" BASIS, WITHOUTWARRANTIES OR CONDITIONS OF ANY KIND, either express or implied. See theLicense for the specific language governing permissions and limitationsunder the License.Also, please refer to each LICENSE.<component>.txt file, which is located inthe 'license' directory of the distribution file, for the license terms of thecomponents that this product depends on.-------------------------------------------------------------------------------This product contains the extensions to Java Collections Framework which hasbeen derived from the works by JSR-166 EG, Doug Lea, and Jason T. Greene:  * LICENSE:    * license/LICENSE.jsr166y.txt (Public Domain)  * HOMEPAGE:    * http://gee.cs.oswego.edu/cgi-bin/viewcvs.cgi/jsr166/    * http://viewvc.jboss.org/cgi-bin/viewvc.cgi/jbosscache/experimental/jsr166/This product contains a modified version of Robert Harder's Public DomainBase64 Encoder and Decoder, which can be obtained at:  * LICENSE:    * license/LICENSE.base64.txt (Public Domain)  * HOMEPAGE:    * http://iharder.sourceforge.net/current/java/base64/This product contains a modified portion of 'Webbit', an event basedWebSocket and HTTP server, which can be obtained at:  * LICENSE:    * license/LICENSE.webbit.txt (BSD License)  * HOMEPAGE:    * https://github.com/joewalnes/webbitThis product contains a modified portion of 'SLF4J', a simple loggingfacade for Java, which can be obtained at:  * LICENSE:    * license/LICENSE.slf4j.txt (MIT License)  * HOMEPAGE:    * http://www.slf4j.org/This product contains a modified portion of 'ArrayDeque', written by JoshBloch of Google, Inc:  * LICENSE:    * license/LICENSE.deque.txt (Public Domain)This product contains a modified portion of 'Apache Harmony', an open sourceJava SE, which can be obtained at:  * LICENSE:    * license/LICENSE.harmony.txt (Apache License 2.0)  * HOMEPAGE:    * http://archive.apache.org/dist/harmony/This product contains a modified version of Roland Kuhn's ASL2AbstractNodeQueue, which is based on Dmitriy Vyukov's non-intrusive MPSC queue.It can be obtained at:  * LICENSE:    * license/LICENSE.abstractnodequeue.txt (Public Domain)  * HOMEPAGE:    * https://github.com/akka/akka/blob/wip-2.2.3-for-scala-2.11/akka-actor/src/main/java/akka/dispatch/AbstractNodeQueue.javaThis product contains a modified portion of 'jbzip2', a Java bzip2 compressionand decompression library written by Matthew J. Francis. It can be obtained at:  * LICENSE:    * license/LICENSE.jbzip2.txt (MIT License)  * HOMEPAGE:    * https://code.google.com/p/jbzip2/This product contains a modified portion of 'libdivsufsort', a C API library to constructthe suffix array and the Burrows-Wheeler transformed string for any input string ofa constant-size alphabet written by Yuta Mori. It can be obtained at:  * LICENSE:    * license/LICENSE.libdivsufsort.txt (MIT License)  * HOMEPAGE:    * https://code.google.com/p/libdivsufsort/This product contains a modified portion of Nitsan Wakart's 'JCTools', Java Concurrency Tools for the JVM, which can be obtained at:  * LICENSE:    * license/LICENSE.jctools.txt (ASL2 License)  * HOMEPAGE:    * https://github.com/JCTools/JCToolsThis product optionally depends on 'JZlib', a re-implementation of zlib inpure Java, which can be obtained at:  * LICENSE:    * license/LICENSE.jzlib.txt (BSD style License)  * HOMEPAGE:    * http://www.jcraft.com/jzlib/This product optionally depends on 'Compress-LZF', a Java library for encoding anddecoding data in LZF format, written by Tatu Saloranta. It can be obtained at:  * LICENSE:    * license/LICENSE.compress-lzf.txt (Apache License 2.0)  * HOMEPAGE:    * https://github.com/ning/compressThis product optionally depends on 'lz4', a LZ4 Java compressionand decompression library written by Adrien Grand. It can be obtained at:  * LICENSE:    * license/LICENSE.lz4.txt (Apache License 2.0)  * HOMEPAGE:    * https://github.com/jpountz/lz4-javaThis product optionally depends on 'lzma-java', a LZMA Java compressionand decompression library, which can be obtained at:  * LICENSE:    * license/LICENSE.lzma-java.txt (Apache License 2.0)  * HOMEPAGE:    * https://github.com/jponge/lzma-javaThis product contains a modified portion of 'jfastlz', a Java port of FastLZ compressionand decompression library written by William Kinney. It can be obtained at:  * LICENSE:    * license/LICENSE.jfastlz.txt (MIT License)  * HOMEPAGE:    * https://code.google.com/p/jfastlz/This product contains a modified portion of and optionally depends on 'Protocol Buffers', Google's datainterchange format, which can be obtained at:  * LICENSE:    * license/LICENSE.protobuf.txt (New BSD License)  * HOMEPAGE:    * http://code.google.com/p/protobuf/This product optionally depends on 'Bouncy Castle Crypto APIs' to generatea temporary self-signed X.509 certificate when the JVM does not provide theequivalent functionality.  It can be obtained at:  * LICENSE:    * license/LICENSE.bouncycastle.txt (MIT License)  * HOMEPAGE:    * http://www.bouncycastle.org/This product optionally depends on 'Snappy', a compression library producedby Google Inc, which can be obtained at:  * LICENSE:    * license/LICENSE.snappy.txt (New BSD License)  * HOMEPAGE:    * http://code.google.com/p/snappy/This product optionally depends on 'JBoss Marshalling', an alternative Javaserialization API, which can be obtained at:  * LICENSE:    * license/LICENSE.jboss-marshalling.txt (GNU LGPL 2.1)  * HOMEPAGE:    * http://www.jboss.org/jbossmarshallingThis product optionally depends on 'Caliper', Google's micro-benchmarking framework, which can be obtained at:  * LICENSE:    * license/LICENSE.caliper.txt (Apache License 2.0)  * HOMEPAGE:    * http://code.google.com/p/caliper/This product optionally depends on 'Apache Commons Logging', a loggingframework, which can be obtained at:  * LICENSE:    * license/LICENSE.commons-logging.txt (Apache License 2.0)  * HOMEPAGE:    * http://commons.apache.org/logging/This product optionally depends on 'Apache Log4J', a logging framework, whichcan be obtained at:  * LICENSE:    * license/LICENSE.log4j.txt (Apache License 2.0)  * HOMEPAGE:    * http://logging.apache.org/log4j/This product optionally depends on 'Aalto XML', an ultra-high performancenon-blocking XML processor, which can be obtained at:  * LICENSE:    * license/LICENSE.aalto-xml.txt (Apache License 2.0)  * HOMEPAGE:    * http://wiki.fasterxml.com/AaltoHomeThis product contains a modified version of 'HPACK', a Java implementation ofthe HTTP/2 HPACK algorithm written by Twitter. It can be obtained at:  * LICENSE:    * license/LICENSE.hpack.txt (Apache License 2.0)  * HOMEPAGE:    * https://github.com/twitter/hpackThis product contains a modified portion of 'Apache Commons Lang', a Java libraryprovides utilities for the java.lang API, which can be obtained at:  * LICENSE:    * license/LICENSE.commons-lang.txt (Apache License 2.0)  * HOMEPAGE:    * https://commons.apache.org/proper/commons-lang/The binary distribution of this product bundles binaries ofCommons Codec 1.4,which has the following notices: * src/test/org/apache/commons/codec/language/DoubleMetaphoneTest.javacontains test data from http://aspell.net/test/orig/batch0.tab.Copyright (C) 2002 Kevin Atkinson (kevina@gnu.org)  ===============================================================================  The content of package org.apache.commons.codec.language.bm has been translated  from the original php source code available at http://stevemorse.org/phoneticinfo.htm  with permission from the original authors.  Original source copyright:Copyright (c) 2008 Alexander Beider & Stephen P. Morse.The binary distribution of this product bundles binaries ofCommons Lang 2.6,which has the following notices: * This product includes software from the Spring Framework,under the Apache License 2.0 (see: StringUtils.containsWhitespace())The binary distribution of this product bundles binaries ofApache Log4j 1.2.17,which has the following notices: * ResolverUtil.java    Copyright 2005-2006 Tim Fennell  Dumbster SMTP test server    Copyright 2004 Jason Paul Kitchen  TypeUtil.java    Copyright 2002-2012 Ramnivas Laddad, Juergen Hoeller, Chris BeamsThe binary distribution of this product bundles binaries ofJetty 6.1.26,which has the following notices: * ==============================================================    Jetty Web Container    Copyright 1995-2016 Mort Bay Consulting Pty Ltd.   ==============================================================   The Jetty Web Container is Copyright Mort Bay Consulting Pty Ltd   unless otherwise noted.   Jetty is dual licensed under both     * The Apache 2.0 License       http://www.apache.org/licenses/LICENSE-2.0.html         and     * The Eclipse Public 1.0 License       http://www.eclipse.org/legal/epl-v10.html   Jetty may be distributed under either license.   ------   Eclipse   The following artifacts are EPL.    * org.eclipse.jetty.orbit:org.eclipse.jdt.core   The following artifacts are EPL and ASL2.    * org.eclipse.jetty.orbit:javax.security.auth.message   The following artifacts are EPL and CDDL 1.0.    * org.eclipse.jetty.orbit:javax.mail.glassfish   ------   Oracle   The following artifacts are CDDL + GPLv2 with classpath exception.   https://glassfish.dev.java.net/nonav/public/CDDL+GPL.html    * javax.servlet:javax.servlet-api    * javax.annotation:javax.annotation-api    * javax.transaction:javax.transaction-api    * javax.websocket:javax.websocket-api   ------   Oracle OpenJDK   If ALPN is used to negotiate HTTP/2 connections, then the following   artifacts may be included in the distribution or downloaded when ALPN   module is selected.    * java.sun.security.ssl   These artifacts replace/modify OpenJDK classes.  The modififications   are hosted at github and both modified and original are under GPL v2 with   classpath exceptions.   http://openjdk.java.net/legal/gplv2+ce.html   ------   OW2   The following artifacts are licensed by the OW2 Foundation according to the   terms of http://asm.ow2.org/license.html   org.ow2.asm:asm-commons   org.ow2.asm:asm   ------   Apache   The following artifacts are ASL2 licensed.   org.apache.taglibs:taglibs-standard-spec   org.apache.taglibs:taglibs-standard-impl   ------   MortBay   The following artifacts are ASL2 licensed.  Based on selected classes from   following Apache Tomcat jars, all ASL2 licensed.   org.mortbay.jasper:apache-jsp     org.apache.tomcat:tomcat-jasper     org.apache.tomcat:tomcat-juli     org.apache.tomcat:tomcat-jsp-api     org.apache.tomcat:tomcat-el-api     org.apache.tomcat:tomcat-jasper-el     org.apache.tomcat:tomcat-api     org.apache.tomcat:tomcat-util-scan     org.apache.tomcat:tomcat-util   org.mortbay.jasper:apache-el     org.apache.tomcat:tomcat-jasper-el     org.apache.tomcat:tomcat-el-api   ------   Mortbay   The following artifacts are CDDL + GPLv2 with classpath exception.   https://glassfish.dev.java.net/nonav/public/CDDL+GPL.html   org.eclipse.jetty.toolchain:jetty-schemas   ------   Assorted   The UnixCrypt.java code implements the one way cryptography used by   Unix systems for simple password protection.  Copyright 1996 Aki Yoshida,   modified April 2001  by Iris Van den Broeke, Daniel Deville.   Permission to use, copy, modify and distribute UnixCrypt   for non-commercial or commercial purposes and without fee is   granted provided that the copyright notice appears in all copies./The binary distribution of this product bundles binaries ofSnappy for Java 1.0.4.1,which has the following notices: * This product includes software developed by Google    Snappy: http://code.google.com/p/snappy/ (New BSD License)   This product includes software developed by Apache    PureJavaCrc32C from apache-hadoop-common http://hadoop.apache.org/    (Apache 2.0 license)   This library containd statically linked libstdc++. This inclusion is allowed by   "GCC RUntime Library Exception"   http://gcc.gnu.org/onlinedocs/libstdc++/manual/license.html   == Contributors ==     * Tatu Saloranta       * Providing benchmark suite     * Alec Wysoker       * Performance and memory usage improvementThe binary distribution of this product bundles binaries ofXerces2 Java Parser 2.9.1,which has the following notices: * =========================================================================   ==  NOTICE file corresponding to section 4(d) of the Apache License,   ==   ==  Version 2.0, in this case for the Apache Xerces Java distribution. ==   =========================================================================   Apache Xerces Java   Copyright 1999-2007 The Apache Software Foundation   This product includes software developed at   The Apache Software Foundation (http://www.apache.org/).   Portions of this software were originally based on the following:     - software copyright (c) 1999, IBM Corporation., http://www.ibm.com.     - software copyright (c) 1999, Sun Microsystems., http://www.sun.com.     - voluntary contributions made by Paul Eng on behalf of the       Apache Software Foundation that were originally developed at iClick, Inc.,       software copyright (c) 1999.
09:50:20.777 [Test worker] WARN org.apache.hadoop.hdfs.DFSClient - DFSInputStream has been closed already
Output : This product includes software developed by The Apache SoftwareFoundation (http://www.apache.org/).The binary distribution of this product bundles binaries oforg.iq80.leveldb:leveldb-api (https://github.com/dain/leveldb), which has thefollowing notices:* Copyright 2011 Dain Sundstrom <dain@iq80.com>* Copyright 2011 FuseSource Corp. http://fusesource.comThe binary distribution of this product bundles binaries oforg.fusesource.hawtjni:hawtjni-runtime (https://github.com/fusesource/hawtjni),which has the following notices:* This product includes software developed by FuseSource Corp.  http://fusesource.com* This product includes software developed at  Progress Software Corporation and/or its  subsidiaries or affiliates.* This product includes software developed by IBM Corporation and others.The binary distribution of this product bundles binaries ofGson 2.2.4,which has the following notices:                            The Netty Project                            =================Please visit the Netty web site for more information:  * http://netty.io/Copyright 2014 The Netty ProjectThe Netty Project licenses this file to you under the Apache License,version 2.0 (the "License"); you may not use this file except in compliancewith the License. You may obtain a copy of the License at:  http://www.apache.org/licenses/LICENSE-2.0Unless required by applicable law or agreed to in writing, softwaredistributed under the License is distributed on an "AS IS" BASIS, WITHOUTWARRANTIES OR CONDITIONS OF ANY KIND, either express or implied. See theLicense for the specific language governing permissions and limitationsunder the License.Also, please refer to each LICENSE.<component>.txt file, which is located inthe 'license' directory of the distribution file, for the license terms of thecomponents that this product depends on.-------------------------------------------------------------------------------This product contains the extensions to Java Collections Framework which hasbeen derived from the works by JSR-166 EG, Doug Lea, and Jason T. Greene:  * LICENSE:    * license/LICENSE.jsr166y.txt (Public Domain)  * HOMEPAGE:    * http://gee.cs.oswego.edu/cgi-bin/viewcvs.cgi/jsr166/    * http://viewvc.jboss.org/cgi-bin/viewvc.cgi/jbosscache/experimental/jsr166/This product contains a modified version of Robert Harder's Public DomainBase64 Encoder and Decoder, which can be obtained at:  * LICENSE:    * license/LICENSE.base64.txt (Public Domain)  * HOMEPAGE:    * http://iharder.sourceforge.net/current/java/base64/This product contains a modified portion of 'Webbit', an event basedWebSocket and HTTP server, which can be obtained at:  * LICENSE:    * license/LICENSE.webbit.txt (BSD License)  * HOMEPAGE:    * https://github.com/joewalnes/webbitThis product contains a modified portion of 'SLF4J', a simple loggingfacade for Java, which can be obtained at:  * LICENSE:    * license/LICENSE.slf4j.txt (MIT License)  * HOMEPAGE:    * http://www.slf4j.org/This product contains a modified portion of 'ArrayDeque', written by JoshBloch of Google, Inc:  * LICENSE:    * license/LICENSE.deque.txt (Public Domain)This product contains a modified portion of 'Apache Harmony', an open sourceJava SE, which can be obtained at:  * LICENSE:    * license/LICENSE.harmony.txt (Apache License 2.0)  * HOMEPAGE:    * http://archive.apache.org/dist/harmony/This product contains a modified version of Roland Kuhn's ASL2AbstractNodeQueue, which is based on Dmitriy Vyukov's non-intrusive MPSC queue.It can be obtained at:  * LICENSE:    * license/LICENSE.abstractnodequeue.txt (Public Domain)  * HOMEPAGE:    * https://github.com/akka/akka/blob/wip-2.2.3-for-scala-2.11/akka-actor/src/main/java/akka/dispatch/AbstractNodeQueue.javaThis product contains a modified portion of 'jbzip2', a Java bzip2 compressionand decompression library written by Matthew J. Francis. It can be obtained at:  * LICENSE:    * license/LICENSE.jbzip2.txt (MIT License)  * HOMEPAGE:    * https://code.google.com/p/jbzip2/This product contains a modified portion of 'libdivsufsort', a C API library to constructthe suffix array and the Burrows-Wheeler transformed string for any input string ofa constant-size alphabet written by Yuta Mori. It can be obtained at:  * LICENSE:    * license/LICENSE.libdivsufsort.txt (MIT License)  * HOMEPAGE:    * https://code.google.com/p/libdivsufsort/This product contains a modified portion of Nitsan Wakart's 'JCTools', Java Concurrency Tools for the JVM, which can be obtained at:  * LICENSE:    * license/LICENSE.jctools.txt (ASL2 License)  * HOMEPAGE:    * https://github.com/JCTools/JCToolsThis product optionally depends on 'JZlib', a re-implementation of zlib inpure Java, which can be obtained at:  * LICENSE:    * license/LICENSE.jzlib.txt (BSD style License)  * HOMEPAGE:    * http://www.jcraft.com/jzlib/This product optionally depends on 'Compress-LZF', a Java library for encoding anddecoding data in LZF format, written by Tatu Saloranta. It can be obtained at:  * LICENSE:    * license/LICENSE.compress-lzf.txt (Apache License 2.0)  * HOMEPAGE:    * https://github.com/ning/compressThis product optionally depends on 'lz4', a LZ4 Java compressionand decompression library written by Adrien Grand. It can be obtained at:  * LICENSE:    * license/LICENSE.lz4.txt (Apache License 2.0)  * HOMEPAGE:    * https://github.com/jpountz/lz4-javaThis product optionally depends on 'lzma-java', a LZMA Java compressionand decompression library, which can be obtained at:  * LICENSE:    * license/LICENSE.lzma-java.txt (Apache License 2.0)  * HOMEPAGE:    * https://github.com/jponge/lzma-javaThis product contains a modified portion of 'jfastlz', a Java port of FastLZ compressionand decompression library written by William Kinney. It can be obtained at:  * LICENSE:    * license/LICENSE.jfastlz.txt (MIT License)  * HOMEPAGE:    * https://code.google.com/p/jfastlz/This product contains a modified portion of and optionally depends on 'Protocol Buffers', Google's datainterchange format, which can be obtained at:  * LICENSE:    * license/LICENSE.protobuf.txt (New BSD License)  * HOMEPAGE:    * http://code.google.com/p/protobuf/This product optionally depends on 'Bouncy Castle Crypto APIs' to generatea temporary self-signed X.509 certificate when the JVM does not provide theequivalent functionality.  It can be obtained at:  * LICENSE:    * license/LICENSE.bouncycastle.txt (MIT License)  * HOMEPAGE:    * http://www.bouncycastle.org/This product optionally depends on 'Snappy', a compression library producedby Google Inc, which can be obtained at:  * LICENSE:    * license/LICENSE.snappy.txt (New BSD License)  * HOMEPAGE:    * http://code.google.com/p/snappy/This product optionally depends on 'JBoss Marshalling', an alternative Javaserialization API, which can be obtained at:  * LICENSE:    * license/LICENSE.jboss-marshalling.txt (GNU LGPL 2.1)  * HOMEPAGE:    * http://www.jboss.org/jbossmarshallingThis product optionally depends on 'Caliper', Google's micro-benchmarking framework, which can be obtained at:  * LICENSE:    * license/LICENSE.caliper.txt (Apache License 2.0)  * HOMEPAGE:    * http://code.google.com/p/caliper/This product optionally depends on 'Apache Commons Logging', a loggingframework, which can be obtained at:  * LICENSE:    * license/LICENSE.commons-logging.txt (Apache License 2.0)  * HOMEPAGE:    * http://commons.apache.org/logging/This product optionally depends on 'Apache Log4J', a logging framework, whichcan be obtained at:  * LICENSE:    * license/LICENSE.log4j.txt (Apache License 2.0)  * HOMEPAGE:    * http://logging.apache.org/log4j/This product optionally depends on 'Aalto XML', an ultra-high performancenon-blocking XML processor, which can be obtained at:  * LICENSE:    * license/LICENSE.aalto-xml.txt (Apache License 2.0)  * HOMEPAGE:    * http://wiki.fasterxml.com/AaltoHomeThis product contains a modified version of 'HPACK', a Java implementation ofthe HTTP/2 HPACK algorithm written by Twitter. It can be obtained at:  * LICENSE:    * license/LICENSE.hpack.txt (Apache License 2.0)  * HOMEPAGE:    * https://github.com/twitter/hpackThis product contains a modified portion of 'Apache Commons Lang', a Java libraryprovides utilities for the java.lang API, which can be obtained at:  * LICENSE:    * license/LICENSE.commons-lang.txt (Apache License 2.0)  * HOMEPAGE:    * https://commons.apache.org/proper/commons-lang/The binary distribution of this product bundles binaries ofCommons Codec 1.4,which has the following notices: * src/test/org/apache/commons/codec/language/DoubleMetaphoneTest.javacontains test data from http://aspell.net/test/orig/batch0.tab.Copyright (C) 2002 Kevin Atkinson (kevina@gnu.org)  ===============================================================================  The content of package org.apache.commons.codec.language.bm has been translated  from the original php source code available at http://stevemorse.org/phoneticinfo.htm  with permission from the original authors.  Original source copyright:Copyright (c) 2008 Alexander Beider & Stephen P. Morse.The binary distribution of this product bundles binaries ofCommons Lang 2.6,which has the following notices: * This product includes software from the Spring Framework,under the Apache License 2.0 (see: StringUtils.containsWhitespace())The binary distribution of this product bundles binaries ofApache Log4j 1.2.17,which has the following notices: * ResolverUtil.java    Copyright 2005-2006 Tim Fennell  Dumbster SMTP test server    Copyright 2004 Jason Paul Kitchen  TypeUtil.java    Copyright 2002-2012 Ramnivas Laddad, Juergen Hoeller, Chris BeamsThe binary distribution of this product bundles binaries ofJetty 6.1.26,which has the following notices: * ==============================================================    Jetty Web Container    Copyright 1995-2016 Mort Bay Consulting Pty Ltd.   ==============================================================   The Jetty Web Container is Copyright Mort Bay Consulting Pty Ltd   unless otherwise noted.   Jetty is dual licensed under both     * The Apache 2.0 License       http://www.apache.org/licenses/LICENSE-2.0.html         and     * The Eclipse Public 1.0 License       http://www.eclipse.org/legal/epl-v10.html   Jetty may be distributed under either license.   ------   Eclipse   The following artifacts are EPL.    * org.eclipse.jetty.orbit:org.eclipse.jdt.core   The following artifacts are EPL and ASL2.    * org.eclipse.jetty.orbit:javax.security.auth.message   The following artifacts are EPL and CDDL 1.0.    * org.eclipse.jetty.orbit:javax.mail.glassfish   ------   Oracle   The following artifacts are CDDL + GPLv2 with classpath exception.   https://glassfish.dev.java.net/nonav/public/CDDL+GPL.html    * javax.servlet:javax.servlet-api    * javax.annotation:javax.annotation-api    * javax.transaction:javax.transaction-api    * javax.websocket:javax.websocket-api   ------   Oracle OpenJDK   If ALPN is used to negotiate HTTP/2 connections, then the following   artifacts may be included in the distribution or downloaded when ALPN   module is selected.    * java.sun.security.ssl   These artifacts replace/modify OpenJDK classes.  The modififications   are hosted at github and both modified and original are under GPL v2 with   classpath exceptions.   http://openjdk.java.net/legal/gplv2+ce.html   ------   OW2   The following artifacts are licensed by the OW2 Foundation according to the   terms of http://asm.ow2.org/license.html   org.ow2.asm:asm-commons   org.ow2.asm:asm   ------   Apache   The following artifacts are ASL2 licensed.   org.apache.taglibs:taglibs-standard-spec   org.apache.taglibs:taglibs-standard-impl   ------   MortBay   The following artifacts are ASL2 licensed.  Based on selected classes from   following Apache Tomcat jars, all ASL2 licensed.   org.mortbay.jasper:apache-jsp     org.apache.tomcat:tomcat-jasper     org.apache.tomcat:tomcat-juli     org.apache.tomcat:tomcat-jsp-api     org.apache.tomcat:tomcat-el-api     org.apache.tomcat:tomcat-jasper-el     org.apache.tomcat:tomcat-api     org.apache.tomcat:tomcat-util-scan     org.apache.tomcat:tomcat-util   org.mortbay.jasper:apache-el     org.apache.tomcat:tomcat-jasper-el     org.apache.tomcat:tomcat-el-api   ------   Mortbay   The following artifacts are CDDL + GPLv2 with classpath exception.   https://glassfish.dev.java.net/nonav/public/CDDL+GPL.html   org.eclipse.jetty.toolchain:jetty-schemas   ------   Assorted   The UnixCrypt.java code implements the one way cryptography used by   Unix systems for simple password protection.  Copyright 1996 Aki Yoshida,   modified April 2001  by Iris Van den Broeke, Daniel Deville.   Permission to use, copy, modify and distribute UnixCrypt   for non-commercial or commercial purposes and without fee is   granted provided that the copyright notice appears in all copies./The binary distribution of this product bundles binaries ofSnappy for Java 1.0.4.1,which has the following notices: * This product includes software developed by Google    Snappy: http://code.google.com/p/snappy/ (New BSD License)   This product includes software developed by Apache    PureJavaCrc32C from apache-hadoop-common http://hadoop.apache.org/    (Apache 2.0 license)   This library containd statically linked libstdc++. This inclusion is allowed by   "GCC RUntime Library Exception"   http://gcc.gnu.org/onlinedocs/libstdc++/manual/license.html   == Contributors ==     * Tatu Saloranta       * Providing benchmark suite     * Alec Wysoker       * Performance and memory usage improvementThe binary distribution of this product bundles binaries ofXerces2 Java Parser 2.9.1,which has the following notices: * =========================================================================   ==  NOTICE file corresponding to section 4(d) of the Apache License,   ==   ==  Version 2.0, in this case for the Apache Xerces Java distribution. ==   =========================================================================   Apache Xerces Java   Copyright 1999-2007 The Apache Software Foundation   This product includes software developed at   The Apache Software Foundation (http://www.apache.org/).   Portions of this software were originally based on the following:     - software copyright (c) 1999, IBM Corporation., http://www.ibm.com.     - software copyright (c) 1999, Sun Microsystems., http://www.sun.com.     - voluntary contributions made by Paul Eng on behalf of the       Apache Software Foundation that were originally developed at iClick, Inc.,       software copyright (c) 1999.
Test2 End!
09:50:20.779 [Test worker] DEBUG org.springframework.test.context.cache.DefaultCacheAwareContextLoaderDelegate - Retrieved ApplicationContext from cache with key [[MergedContextConfiguration@797ab0fa testClass = HadoopClientControllerTest2, locations = '{}', classes = '{class ledger.hadoop.config.HadoopConfig}', contextInitializerClasses = '[]', activeProfiles = '{}', propertySourceLocations = '{}', propertySourceProperties = '{}', contextCustomizers = set[org.springframework.boot.test.context.filter.ExcludeFilterContextCustomizer@1765f62f, org.springframework.boot.test.mock.mockito.MockitoContextCustomizer@0, org.springframework.boot.test.autoconfigure.properties.PropertyMappingContextCustomizer@0, org.springframework.boot.test.autoconfigure.web.servlet.WebDriverContextCustomizerFactory$Customizer@4a74524], contextLoader = 'org.springframework.test.context.support.AnnotationConfigContextLoader', parent = [null]]]
09:50:20.779 [Test worker] DEBUG org.springframework.test.context.cache - Spring test ApplicationContext cache statistics: [DefaultContextCache@ee24acb size = 1, maxSize = 32, parentContextCount = 0, hitCount = 2, missCount = 1]
09:50:20.779 [Test worker] DEBUG org.springframework.test.context.cache.DefaultCacheAwareContextLoaderDelegate - Retrieved ApplicationContext from cache with key [[MergedContextConfiguration@797ab0fa testClass = HadoopClientControllerTest2, locations = '{}', classes = '{class ledger.hadoop.config.HadoopConfig}', contextInitializerClasses = '[]', activeProfiles = '{}', propertySourceLocations = '{}', propertySourceProperties = '{}', contextCustomizers = set[org.springframework.boot.test.context.filter.ExcludeFilterContextCustomizer@1765f62f, org.springframework.boot.test.mock.mockito.MockitoContextCustomizer@0, org.springframework.boot.test.autoconfigure.properties.PropertyMappingContextCustomizer@0, org.springframework.boot.test.autoconfigure.web.servlet.WebDriverContextCustomizerFactory$Customizer@4a74524], contextLoader = 'org.springframework.test.context.support.AnnotationConfigContextLoader', parent = [null]]]
09:50:20.780 [Test worker] DEBUG org.springframework.test.context.cache - Spring test ApplicationContext cache statistics: [DefaultContextCache@ee24acb size = 1, maxSize = 32, parentContextCount = 0, hitCount = 3, missCount = 1]
09:50:20.782 [Test worker] DEBUG org.springframework.test.context.cache.DefaultCacheAwareContextLoaderDelegate - Retrieved ApplicationContext from cache with key [[MergedContextConfiguration@797ab0fa testClass = HadoopClientControllerTest2, locations = '{}', classes = '{class ledger.hadoop.config.HadoopConfig}', contextInitializerClasses = '[]', activeProfiles = '{}', propertySourceLocations = '{}', propertySourceProperties = '{}', contextCustomizers = set[org.springframework.boot.test.context.filter.ExcludeFilterContextCustomizer@1765f62f, org.springframework.boot.test.mock.mockito.MockitoContextCustomizer@0, org.springframework.boot.test.autoconfigure.properties.PropertyMappingContextCustomizer@0, org.springframework.boot.test.autoconfigure.web.servlet.WebDriverContextCustomizerFactory$Customizer@4a74524], contextLoader = 'org.springframework.test.context.support.AnnotationConfigContextLoader', parent = [null]]]
09:50:20.782 [Test worker] DEBUG org.springframework.test.context.cache - Spring test ApplicationContext cache statistics: [DefaultContextCache@ee24acb size = 1, maxSize = 32, parentContextCount = 0, hitCount = 4, missCount = 1]
09:50:20.782 [Test worker] DEBUG org.springframework.beans.factory.support.DefaultListableBeanFactory - Returning cached instance of singleton bean 'org.springframework.boot.test.mock.mockito.MockitoBeans'
09:50:20.783 [Test worker] DEBUG org.springframework.test.context.support.AbstractDirtiesContextTestExecutionListener - After test method: context [DefaultTestContext@57926527 testClass = HadoopClientControllerTest2, testInstance = ledger.hadoop.client.HadoopClientControllerTest2@7bc6029a, testMethod = HadoopClient@HadoopClientControllerTest2, testException = [null], mergedContextConfiguration = [MergedContextConfiguration@797ab0fa testClass = HadoopClientControllerTest2, locations = '{}', classes = '{class ledger.hadoop.config.HadoopConfig}', contextInitializerClasses = '[]', activeProfiles = '{}', propertySourceLocations = '{}', propertySourceProperties = '{}', contextCustomizers = set[org.springframework.boot.test.context.filter.ExcludeFilterContextCustomizer@1765f62f, org.springframework.boot.test.mock.mockito.MockitoContextCustomizer@0, org.springframework.boot.test.autoconfigure.properties.PropertyMappingContextCustomizer@0, org.springframework.boot.test.autoconfigure.web.servlet.WebDriverContextCustomizerFactory$Customizer@4a74524], contextLoader = 'org.springframework.test.context.support.AnnotationConfigContextLoader', parent = [null]]], class annotated with @DirtiesContext [false] with mode [null], method annotated with @DirtiesContext [false] with mode [null].
09:50:20.785 [Test worker] DEBUG org.springframework.test.context.support.AbstractDirtiesContextTestExecutionListener - After test class: context [DefaultTestContext@57926527 testClass = HadoopClientControllerTest2, testInstance = [null], testMethod = [null], testException = [null], mergedContextConfiguration = [MergedContextConfiguration@797ab0fa testClass = HadoopClientControllerTest2, locations = '{}', classes = '{class ledger.hadoop.config.HadoopConfig}', contextInitializerClasses = '[]', activeProfiles = '{}', propertySourceLocations = '{}', propertySourceProperties = '{}', contextCustomizers = set[org.springframework.boot.test.context.filter.ExcludeFilterContextCustomizer@1765f62f, org.springframework.boot.test.mock.mockito.MockitoContextCustomizer@0, org.springframework.boot.test.autoconfigure.properties.PropertyMappingContextCustomizer@0, org.springframework.boot.test.autoconfigure.web.servlet.WebDriverContextCustomizerFactory$Customizer@4a74524], contextLoader = 'org.springframework.test.context.support.AnnotationConfigContextLoader', parent = [null]]], class annotated with @DirtiesContext [false] with mode [null].
]]></system-out>
  <system-err><![CDATA[]]></system-err>
</testsuite>
