<?xml version="1.0" encoding="UTF-8"?>
<testsuite name="ledger.hadoop.client.mapreduce.HadoopClientMapreduceWordcount" tests="1" skipped="0" failures="1" errors="0" timestamp="2017-04-14T04:39:06" hostname="kait-PC" time="4.903">
  <properties/>
  <testcase name="test1" classname="ledger.hadoop.client.mapreduce.HadoopClientMapreduceWordcount" time="4.903">
    <failure message="java.lang.NullPointerException" type="java.lang.NullPointerException">java.lang.NullPointerException
	at java.lang.ProcessBuilder.start(ProcessBuilder.java:1012)
	at org.apache.hadoop.util.Shell.runCommand(Shell.java:483)
	at org.apache.hadoop.util.Shell.run(Shell.java:456)
	at org.apache.hadoop.util.Shell$ShellCommandExecutor.execute(Shell.java:722)
	at org.apache.hadoop.util.Shell.execCommand(Shell.java:815)
	at org.apache.hadoop.util.Shell.execCommand(Shell.java:798)
	at org.apache.hadoop.fs.RawLocalFileSystem.setPermission(RawLocalFileSystem.java:728)
	at org.apache.hadoop.fs.RawLocalFileSystem.mkOneDirWithMode(RawLocalFileSystem.java:486)
	at org.apache.hadoop.fs.RawLocalFileSystem.mkdirsWithOptionalPermission(RawLocalFileSystem.java:527)
	at org.apache.hadoop.fs.RawLocalFileSystem.mkdirs(RawLocalFileSystem.java:504)
	at org.apache.hadoop.fs.FilterFileSystem.mkdirs(FilterFileSystem.java:305)
	at org.apache.hadoop.mapreduce.JobSubmissionFiles.getStagingDir(JobSubmissionFiles.java:133)
	at org.apache.hadoop.mapreduce.JobSubmitter.submitJobInternal(JobSubmitter.java:144)
	at org.apache.hadoop.mapreduce.Job$10.run(Job.java:1290)
	at org.apache.hadoop.mapreduce.Job$10.run(Job.java:1287)
	at java.security.AccessController.doPrivileged(Native Method)
	at javax.security.auth.Subject.doAs(Subject.java:422)
	at org.apache.hadoop.security.UserGroupInformation.doAs(UserGroupInformation.java:1657)
	at org.apache.hadoop.mapreduce.Job.submit(Job.java:1287)
	at org.apache.hadoop.mapreduce.Job.waitForCompletion(Job.java:1308)
	at ledger.hadoop.client.mapreduce.HadoopClientMapreduceWordcount.test1(HadoopClientMapreduceWordcount.java:56)
	at sun.reflect.NativeMethodAccessorImpl.invoke0(Native Method)
	at sun.reflect.NativeMethodAccessorImpl.invoke(NativeMethodAccessorImpl.java:62)
	at sun.reflect.DelegatingMethodAccessorImpl.invoke(DelegatingMethodAccessorImpl.java:43)
	at java.lang.reflect.Method.invoke(Method.java:498)
	at org.junit.runners.model.FrameworkMethod$1.runReflectiveCall(FrameworkMethod.java:50)
	at org.junit.internal.runners.model.ReflectiveCallable.run(ReflectiveCallable.java:12)
	at org.junit.runners.model.FrameworkMethod.invokeExplosively(FrameworkMethod.java:47)
	at org.junit.internal.runners.statements.InvokeMethod.evaluate(InvokeMethod.java:17)
	at org.springframework.test.context.junit4.statements.RunBeforeTestMethodCallbacks.evaluate(RunBeforeTestMethodCallbacks.java:75)
	at org.springframework.test.context.junit4.statements.RunAfterTestMethodCallbacks.evaluate(RunAfterTestMethodCallbacks.java:86)
	at org.springframework.test.context.junit4.statements.SpringRepeat.evaluate(SpringRepeat.java:84)
	at org.junit.runners.ParentRunner.runLeaf(ParentRunner.java:325)
	at org.springframework.test.context.junit4.SpringJUnit4ClassRunner.runChild(SpringJUnit4ClassRunner.java:252)
	at org.springframework.test.context.junit4.SpringJUnit4ClassRunner.runChild(SpringJUnit4ClassRunner.java:94)
	at org.junit.runners.ParentRunner$3.run(ParentRunner.java:290)
	at org.junit.runners.ParentRunner$1.schedule(ParentRunner.java:71)
	at org.junit.runners.ParentRunner.runChildren(ParentRunner.java:288)
	at org.junit.runners.ParentRunner.access$000(ParentRunner.java:58)
	at org.junit.runners.ParentRunner$2.evaluate(ParentRunner.java:268)
	at org.springframework.test.context.junit4.statements.RunBeforeTestClassCallbacks.evaluate(RunBeforeTestClassCallbacks.java:61)
	at org.springframework.test.context.junit4.statements.RunAfterTestClassCallbacks.evaluate(RunAfterTestClassCallbacks.java:70)
	at org.junit.runners.ParentRunner.run(ParentRunner.java:363)
	at org.springframework.test.context.junit4.SpringJUnit4ClassRunner.run(SpringJUnit4ClassRunner.java:191)
	at org.gradle.api.internal.tasks.testing.junit.JUnitTestClassExecuter.runTestClass(JUnitTestClassExecuter.java:112)
	at org.gradle.api.internal.tasks.testing.junit.JUnitTestClassExecuter.execute(JUnitTestClassExecuter.java:56)
	at org.gradle.api.internal.tasks.testing.junit.JUnitTestClassProcessor.processTestClass(JUnitTestClassProcessor.java:66)
	at org.gradle.api.internal.tasks.testing.SuiteTestClassProcessor.processTestClass(SuiteTestClassProcessor.java:51)
	at sun.reflect.NativeMethodAccessorImpl.invoke0(Native Method)
	at sun.reflect.NativeMethodAccessorImpl.invoke(NativeMethodAccessorImpl.java:62)
	at sun.reflect.DelegatingMethodAccessorImpl.invoke(DelegatingMethodAccessorImpl.java:43)
	at java.lang.reflect.Method.invoke(Method.java:498)
	at org.gradle.messaging.dispatch.ReflectionDispatch.dispatch(ReflectionDispatch.java:35)
	at org.gradle.messaging.dispatch.ReflectionDispatch.dispatch(ReflectionDispatch.java:24)
	at org.gradle.messaging.dispatch.ContextClassLoaderDispatch.dispatch(ContextClassLoaderDispatch.java:32)
	at org.gradle.messaging.dispatch.ProxyDispatchAdapter$DispatchingInvocationHandler.invoke(ProxyDispatchAdapter.java:93)
	at com.sun.proxy.$Proxy2.processTestClass(Unknown Source)
	at org.gradle.api.internal.tasks.testing.worker.TestWorker.processTestClass(TestWorker.java:109)
	at sun.reflect.NativeMethodAccessorImpl.invoke0(Native Method)
	at sun.reflect.NativeMethodAccessorImpl.invoke(NativeMethodAccessorImpl.java:62)
	at sun.reflect.DelegatingMethodAccessorImpl.invoke(DelegatingMethodAccessorImpl.java:43)
	at java.lang.reflect.Method.invoke(Method.java:498)
	at org.gradle.messaging.dispatch.ReflectionDispatch.dispatch(ReflectionDispatch.java:35)
	at org.gradle.messaging.dispatch.ReflectionDispatch.dispatch(ReflectionDispatch.java:24)
	at org.gradle.messaging.remote.internal.hub.MessageHub$Handler.run(MessageHub.java:364)
	at org.gradle.internal.concurrent.ExecutorPolicy$CatchAndRecordFailures.onExecute(ExecutorPolicy.java:54)
	at org.gradle.internal.concurrent.StoppableExecutorImpl$1.run(StoppableExecutorImpl.java:40)
	at java.util.concurrent.ThreadPoolExecutor.runWorker(ThreadPoolExecutor.java:1142)
	at java.util.concurrent.ThreadPoolExecutor$Worker.run(ThreadPoolExecutor.java:617)
	at java.lang.Thread.run(Thread.java:745)
</failure>
  </testcase>
  <system-out><![CDATA[13:39:06.708 [Test worker] DEBUG org.springframework.test.context.junit4.SpringJUnit4ClassRunner - SpringJUnit4ClassRunner constructor called with [class ledger.hadoop.client.mapreduce.HadoopClientMapreduceWordcount]
13:39:06.708 [Test worker] DEBUG org.springframework.test.context.BootstrapUtils - Instantiating CacheAwareContextLoaderDelegate from class [org.springframework.test.context.cache.DefaultCacheAwareContextLoaderDelegate]
13:39:06.708 [Test worker] DEBUG org.springframework.test.context.BootstrapUtils - Instantiating BootstrapContext using constructor [public org.springframework.test.context.support.DefaultBootstrapContext(java.lang.Class,org.springframework.test.context.CacheAwareContextLoaderDelegate)]
13:39:06.708 [Test worker] DEBUG org.springframework.test.context.BootstrapUtils - Instantiating TestContextBootstrapper for test class [ledger.hadoop.client.mapreduce.HadoopClientMapreduceWordcount] from class [org.springframework.test.context.support.DefaultTestContextBootstrapper]
13:39:06.710 [Test worker] DEBUG org.springframework.test.context.support.DefaultTestContextBootstrapper - Found explicit ContextLoader class [org.springframework.test.context.support.AnnotationConfigContextLoader] for context configuration attributes [ContextConfigurationAttributes@1e1721fa declaringClass = 'ledger.hadoop.client.mapreduce.HadoopClientMapreduceWordcount', classes = '{class ledger.hadoop.config.HadoopConfig}', locations = '{}', inheritLocations = true, initializers = '{}', inheritInitializers = true, name = [null], contextLoaderClass = 'org.springframework.test.context.support.AnnotationConfigContextLoader']
13:39:06.717 [Test worker] DEBUG org.springframework.test.context.support.ActiveProfilesUtils - Could not find an 'annotation declaring class' for annotation type [org.springframework.test.context.ActiveProfiles] and class [ledger.hadoop.client.mapreduce.HadoopClientMapreduceWordcount]
13:39:06.717 [Test worker] DEBUG org.springframework.test.context.support.DefaultTestContextBootstrapper - @TestExecutionListeners is not present for class [ledger.hadoop.client.mapreduce.HadoopClientMapreduceWordcount]: using defaults.
13:39:06.721 [Test worker] INFO org.springframework.test.context.support.DefaultTestContextBootstrapper - Loaded default TestExecutionListener class names from location [META-INF/spring.factories]: [org.springframework.boot.test.mock.mockito.MockitoTestExecutionListener, org.springframework.boot.test.mock.mockito.ResetMocksTestExecutionListener, org.springframework.boot.test.autoconfigure.restdocs.RestDocsTestExecutionListener, org.springframework.boot.test.autoconfigure.web.client.MockRestServiceServerResetTestExecutionListener, org.springframework.boot.test.autoconfigure.web.servlet.MockMvcPrintOnlyOnFailureTestExecutionListener, org.springframework.boot.test.autoconfigure.web.servlet.WebDriverTestExecutionListener, org.springframework.test.context.web.ServletTestExecutionListener, org.springframework.test.context.support.DirtiesContextBeforeModesTestExecutionListener, org.springframework.test.context.support.DependencyInjectionTestExecutionListener, org.springframework.test.context.support.DirtiesContextTestExecutionListener, org.springframework.test.context.transaction.TransactionalTestExecutionListener, org.springframework.test.context.jdbc.SqlScriptsTestExecutionListener]
13:39:06.727 [Test worker] INFO org.springframework.test.context.support.DefaultTestContextBootstrapper - Using TestExecutionListeners: [org.springframework.test.context.web.ServletTestExecutionListener@79754125, org.springframework.test.context.support.DirtiesContextBeforeModesTestExecutionListener@6a9f1ab1, org.springframework.test.context.support.DependencyInjectionTestExecutionListener@1b884e21, org.springframework.test.context.support.DirtiesContextTestExecutionListener@2d7c3846, org.springframework.test.context.transaction.TransactionalTestExecutionListener@7ed328a5, org.springframework.test.context.jdbc.SqlScriptsTestExecutionListener@6c8bef5c, org.springframework.boot.test.autoconfigure.web.servlet.WebDriverTestExecutionListener@352b4daa, org.springframework.boot.test.mock.mockito.MockitoTestExecutionListener@7959ed41, org.springframework.boot.test.mock.mockito.ResetMocksTestExecutionListener@1ea874cf, org.springframework.boot.test.autoconfigure.web.servlet.MockMvcPrintOnlyOnFailureTestExecutionListener@2dea8949, org.springframework.boot.test.autoconfigure.web.client.MockRestServiceServerResetTestExecutionListener@4243c743, org.springframework.boot.test.autoconfigure.restdocs.RestDocsTestExecutionListener@74c619af]
13:39:06.728 [Test worker] DEBUG org.springframework.test.annotation.ProfileValueUtils - Retrieved @ProfileValueSourceConfiguration [null] for test class [ledger.hadoop.client.mapreduce.HadoopClientMapreduceWordcount]
13:39:06.729 [Test worker] DEBUG org.springframework.test.annotation.ProfileValueUtils - Retrieved ProfileValueSource type [class org.springframework.test.annotation.SystemProfileValueSource] for class [ledger.hadoop.client.mapreduce.HadoopClientMapreduceWordcount]
13:39:06.729 [Test worker] DEBUG org.springframework.test.annotation.ProfileValueUtils - Retrieved @ProfileValueSourceConfiguration [null] for test class [ledger.hadoop.client.mapreduce.HadoopClientMapreduceWordcount]
13:39:06.729 [Test worker] DEBUG org.springframework.test.annotation.ProfileValueUtils - Retrieved ProfileValueSource type [class org.springframework.test.annotation.SystemProfileValueSource] for class [ledger.hadoop.client.mapreduce.HadoopClientMapreduceWordcount]
13:39:06.730 [Test worker] DEBUG org.springframework.test.context.support.AbstractDirtiesContextTestExecutionListener - Before test class: context [DefaultTestContext@299505f4 testClass = HadoopClientMapreduceWordcount, testInstance = [null], testMethod = [null], testException = [null], mergedContextConfiguration = [MergedContextConfiguration@50cc714e testClass = HadoopClientMapreduceWordcount, locations = '{}', classes = '{class ledger.hadoop.config.HadoopConfig}', contextInitializerClasses = '[]', activeProfiles = '{}', propertySourceLocations = '{}', propertySourceProperties = '{}', contextCustomizers = set[org.springframework.boot.test.context.filter.ExcludeFilterContextCustomizer@7269a7d6, org.springframework.boot.test.mock.mockito.MockitoContextCustomizer@0, org.springframework.boot.test.autoconfigure.properties.PropertyMappingContextCustomizer@0, org.springframework.boot.test.autoconfigure.web.servlet.WebDriverContextCustomizerFactory$Customizer@1e305a31], contextLoader = 'org.springframework.test.context.support.AnnotationConfigContextLoader', parent = [null]]], class annotated with @DirtiesContext [false] with mode [null].
13:39:06.731 [Test worker] DEBUG org.springframework.test.annotation.ProfileValueUtils - Retrieved @ProfileValueSourceConfiguration [null] for test class [ledger.hadoop.client.mapreduce.HadoopClientMapreduceWordcount]
13:39:06.731 [Test worker] DEBUG org.springframework.test.annotation.ProfileValueUtils - Retrieved ProfileValueSource type [class org.springframework.test.annotation.SystemProfileValueSource] for class [ledger.hadoop.client.mapreduce.HadoopClientMapreduceWordcount]
13:39:06.731 [Test worker] DEBUG org.springframework.test.context.support.DependencyInjectionTestExecutionListener - Performing dependency injection for test context [[DefaultTestContext@299505f4 testClass = HadoopClientMapreduceWordcount, testInstance = ledger.hadoop.client.mapreduce.HadoopClientMapreduceWordcount@ce9ddcb, testMethod = [null], testException = [null], mergedContextConfiguration = [MergedContextConfiguration@50cc714e testClass = HadoopClientMapreduceWordcount, locations = '{}', classes = '{class ledger.hadoop.config.HadoopConfig}', contextInitializerClasses = '[]', activeProfiles = '{}', propertySourceLocations = '{}', propertySourceProperties = '{}', contextCustomizers = set[org.springframework.boot.test.context.filter.ExcludeFilterContextCustomizer@7269a7d6, org.springframework.boot.test.mock.mockito.MockitoContextCustomizer@0, org.springframework.boot.test.autoconfigure.properties.PropertyMappingContextCustomizer@0, org.springframework.boot.test.autoconfigure.web.servlet.WebDriverContextCustomizerFactory$Customizer@1e305a31], contextLoader = 'org.springframework.test.context.support.AnnotationConfigContextLoader', parent = [null]]]].
13:39:06.731 [Test worker] DEBUG org.springframework.test.context.cache.DefaultCacheAwareContextLoaderDelegate - Retrieved ApplicationContext from cache with key [[MergedContextConfiguration@50cc714e testClass = HadoopClientMapreduceWordcount, locations = '{}', classes = '{class ledger.hadoop.config.HadoopConfig}', contextInitializerClasses = '[]', activeProfiles = '{}', propertySourceLocations = '{}', propertySourceProperties = '{}', contextCustomizers = set[org.springframework.boot.test.context.filter.ExcludeFilterContextCustomizer@7269a7d6, org.springframework.boot.test.mock.mockito.MockitoContextCustomizer@0, org.springframework.boot.test.autoconfigure.properties.PropertyMappingContextCustomizer@0, org.springframework.boot.test.autoconfigure.web.servlet.WebDriverContextCustomizerFactory$Customizer@1e305a31], contextLoader = 'org.springframework.test.context.support.AnnotationConfigContextLoader', parent = [null]]]
13:39:06.731 [Test worker] DEBUG org.springframework.test.context.cache - Spring test ApplicationContext cache statistics: [DefaultContextCache@44999164 size = 2, maxSize = 32, parentContextCount = 0, hitCount = 19, missCount = 2]
13:39:06.734 [Test worker] DEBUG org.springframework.beans.factory.annotation.InjectionMetadata - Processing injected element of bean 'ledger.hadoop.client.mapreduce.HadoopClientMapreduceWordcount': ResourceElement for private ledger.hadoop.config.LedgerHdfsClient ledger.hadoop.client.mapreduce.HadoopClientMapreduceWordcount.ledgerHdfsClient
13:39:06.735 [Test worker] DEBUG org.springframework.beans.factory.support.DefaultListableBeanFactory - Returning cached instance of singleton bean 'LedgerHdfsClient'
13:39:06.737 [Test worker] DEBUG org.springframework.test.context.support.AbstractDirtiesContextTestExecutionListener - Before test method: context [DefaultTestContext@299505f4 testClass = HadoopClientMapreduceWordcount, testInstance = ledger.hadoop.client.mapreduce.HadoopClientMapreduceWordcount@ce9ddcb, testMethod = test1@HadoopClientMapreduceWordcount, testException = [null], mergedContextConfiguration = [MergedContextConfiguration@50cc714e testClass = HadoopClientMapreduceWordcount, locations = '{}', classes = '{class ledger.hadoop.config.HadoopConfig}', contextInitializerClasses = '[]', activeProfiles = '{}', propertySourceLocations = '{}', propertySourceProperties = '{}', contextCustomizers = set[org.springframework.boot.test.context.filter.ExcludeFilterContextCustomizer@7269a7d6, org.springframework.boot.test.mock.mockito.MockitoContextCustomizer@0, org.springframework.boot.test.autoconfigure.properties.PropertyMappingContextCustomizer@0, org.springframework.boot.test.autoconfigure.web.servlet.WebDriverContextCustomizerFactory$Customizer@1e305a31], contextLoader = 'org.springframework.test.context.support.AnnotationConfigContextLoader', parent = [null]]], class annotated with @DirtiesContext [false] with mode [null], method annotated with @DirtiesContext [false] with mode [null].
13:39:06.738 [Test worker] DEBUG org.springframework.test.context.cache.DefaultCacheAwareContextLoaderDelegate - Retrieved ApplicationContext from cache with key [[MergedContextConfiguration@50cc714e testClass = HadoopClientMapreduceWordcount, locations = '{}', classes = '{class ledger.hadoop.config.HadoopConfig}', contextInitializerClasses = '[]', activeProfiles = '{}', propertySourceLocations = '{}', propertySourceProperties = '{}', contextCustomizers = set[org.springframework.boot.test.context.filter.ExcludeFilterContextCustomizer@7269a7d6, org.springframework.boot.test.mock.mockito.MockitoContextCustomizer@0, org.springframework.boot.test.autoconfigure.properties.PropertyMappingContextCustomizer@0, org.springframework.boot.test.autoconfigure.web.servlet.WebDriverContextCustomizerFactory$Customizer@1e305a31], contextLoader = 'org.springframework.test.context.support.AnnotationConfigContextLoader', parent = [null]]]
13:39:06.739 [Test worker] DEBUG org.springframework.test.context.cache - Spring test ApplicationContext cache statistics: [DefaultContextCache@44999164 size = 2, maxSize = 32, parentContextCount = 0, hitCount = 20, missCount = 2]
13:39:06.741 [Test worker] DEBUG org.springframework.beans.factory.support.DefaultListableBeanFactory - Returning cached instance of singleton bean 'org.springframework.boot.test.mock.mockito.MockitoBeans'
13:39:06.761 [Test worker] DEBUG org.apache.hadoop.security.UserGroupInformation - PrivilegedAction as:kait (auth:SIMPLE) from:org.apache.hadoop.mapreduce.Job.connect(Job.java:1256)
13:39:06.769 [Test worker] DEBUG org.apache.hadoop.mapreduce.Cluster - Trying ClientProtocolProvider : org.apache.hadoop.mapred.YarnClientProtocolProvider
13:39:06.769 [Test worker] DEBUG org.apache.hadoop.mapreduce.Cluster - Cannot pick org.apache.hadoop.mapred.YarnClientProtocolProvider as the ClientProtocolProvider - returned null protocol
13:39:06.771 [Test worker] DEBUG org.apache.hadoop.mapreduce.Cluster - Trying ClientProtocolProvider : org.apache.hadoop.mapred.LocalClientProtocolProvider
13:39:06.781 [Test worker] INFO org.apache.hadoop.conf.Configuration.deprecation - session.id is deprecated. Instead, use dfs.metrics.session-id
13:39:06.782 [Test worker] INFO org.apache.hadoop.metrics.jvm.JvmMetrics - Initializing JVM Metrics with processName=JobTracker, sessionId=
13:39:06.796 [Test worker] DEBUG org.apache.hadoop.mapreduce.Cluster - Picked org.apache.hadoop.mapred.LocalClientProtocolProvider as the ClientProtocolProvider
13:39:06.796 [Test worker] DEBUG org.apache.hadoop.security.UserGroupInformation - PrivilegedAction as:kait (auth:SIMPLE) from:org.apache.hadoop.mapreduce.Cluster.getFileSystem(Cluster.java:162)
13:39:06.804 [Test worker] DEBUG org.apache.hadoop.security.UserGroupInformation - PrivilegedAction as:kait (auth:SIMPLE) from:org.apache.hadoop.mapreduce.Job.submit(Job.java:1287)
13:39:11.617 [IPC Parameter Sending Thread #0] DEBUG org.apache.hadoop.ipc.Client - IPC Client (1384379791) connection to /192.168.1.129:9000 from kait sending #6
13:39:11.619 [IPC Client (1384379791) connection to /192.168.1.129:9000 from kait] DEBUG org.apache.hadoop.ipc.Client - IPC Client (1384379791) connection to /192.168.1.129:9000 from kait got value #6
13:39:11.620 [Test worker] DEBUG org.apache.hadoop.ipc.ProtobufRpcEngine - Call: getFileInfo took 3ms
13:39:11.633 [Test worker] DEBUG org.springframework.test.context.cache.DefaultCacheAwareContextLoaderDelegate - Retrieved ApplicationContext from cache with key [[MergedContextConfiguration@50cc714e testClass = HadoopClientMapreduceWordcount, locations = '{}', classes = '{class ledger.hadoop.config.HadoopConfig}', contextInitializerClasses = '[]', activeProfiles = '{}', propertySourceLocations = '{}', propertySourceProperties = '{}', contextCustomizers = set[org.springframework.boot.test.context.filter.ExcludeFilterContextCustomizer@7269a7d6, org.springframework.boot.test.mock.mockito.MockitoContextCustomizer@0, org.springframework.boot.test.autoconfigure.properties.PropertyMappingContextCustomizer@0, org.springframework.boot.test.autoconfigure.web.servlet.WebDriverContextCustomizerFactory$Customizer@1e305a31], contextLoader = 'org.springframework.test.context.support.AnnotationConfigContextLoader', parent = [null]]]
13:39:11.633 [Test worker] DEBUG org.springframework.test.context.cache - Spring test ApplicationContext cache statistics: [DefaultContextCache@44999164 size = 2, maxSize = 32, parentContextCount = 0, hitCount = 21, missCount = 2]
13:39:11.633 [Test worker] DEBUG org.springframework.test.context.cache.DefaultCacheAwareContextLoaderDelegate - Retrieved ApplicationContext from cache with key [[MergedContextConfiguration@50cc714e testClass = HadoopClientMapreduceWordcount, locations = '{}', classes = '{class ledger.hadoop.config.HadoopConfig}', contextInitializerClasses = '[]', activeProfiles = '{}', propertySourceLocations = '{}', propertySourceProperties = '{}', contextCustomizers = set[org.springframework.boot.test.context.filter.ExcludeFilterContextCustomizer@7269a7d6, org.springframework.boot.test.mock.mockito.MockitoContextCustomizer@0, org.springframework.boot.test.autoconfigure.properties.PropertyMappingContextCustomizer@0, org.springframework.boot.test.autoconfigure.web.servlet.WebDriverContextCustomizerFactory$Customizer@1e305a31], contextLoader = 'org.springframework.test.context.support.AnnotationConfigContextLoader', parent = [null]]]
13:39:11.633 [Test worker] DEBUG org.springframework.test.context.cache - Spring test ApplicationContext cache statistics: [DefaultContextCache@44999164 size = 2, maxSize = 32, parentContextCount = 0, hitCount = 22, missCount = 2]
13:39:11.635 [Test worker] DEBUG org.springframework.test.context.cache.DefaultCacheAwareContextLoaderDelegate - Retrieved ApplicationContext from cache with key [[MergedContextConfiguration@50cc714e testClass = HadoopClientMapreduceWordcount, locations = '{}', classes = '{class ledger.hadoop.config.HadoopConfig}', contextInitializerClasses = '[]', activeProfiles = '{}', propertySourceLocations = '{}', propertySourceProperties = '{}', contextCustomizers = set[org.springframework.boot.test.context.filter.ExcludeFilterContextCustomizer@7269a7d6, org.springframework.boot.test.mock.mockito.MockitoContextCustomizer@0, org.springframework.boot.test.autoconfigure.properties.PropertyMappingContextCustomizer@0, org.springframework.boot.test.autoconfigure.web.servlet.WebDriverContextCustomizerFactory$Customizer@1e305a31], contextLoader = 'org.springframework.test.context.support.AnnotationConfigContextLoader', parent = [null]]]
13:39:11.635 [Test worker] DEBUG org.springframework.test.context.cache - Spring test ApplicationContext cache statistics: [DefaultContextCache@44999164 size = 2, maxSize = 32, parentContextCount = 0, hitCount = 23, missCount = 2]
13:39:11.635 [Test worker] DEBUG org.springframework.beans.factory.support.DefaultListableBeanFactory - Returning cached instance of singleton bean 'org.springframework.boot.test.mock.mockito.MockitoBeans'
13:39:11.635 [Test worker] DEBUG org.springframework.test.context.cache.DefaultCacheAwareContextLoaderDelegate - Retrieved ApplicationContext from cache with key [[MergedContextConfiguration@50cc714e testClass = HadoopClientMapreduceWordcount, locations = '{}', classes = '{class ledger.hadoop.config.HadoopConfig}', contextInitializerClasses = '[]', activeProfiles = '{}', propertySourceLocations = '{}', propertySourceProperties = '{}', contextCustomizers = set[org.springframework.boot.test.context.filter.ExcludeFilterContextCustomizer@7269a7d6, org.springframework.boot.test.mock.mockito.MockitoContextCustomizer@0, org.springframework.boot.test.autoconfigure.properties.PropertyMappingContextCustomizer@0, org.springframework.boot.test.autoconfigure.web.servlet.WebDriverContextCustomizerFactory$Customizer@1e305a31], contextLoader = 'org.springframework.test.context.support.AnnotationConfigContextLoader', parent = [null]]]
13:39:11.636 [Test worker] DEBUG org.springframework.test.context.cache - Spring test ApplicationContext cache statistics: [DefaultContextCache@44999164 size = 2, maxSize = 32, parentContextCount = 0, hitCount = 24, missCount = 2]
13:39:11.639 [Test worker] DEBUG org.springframework.test.context.support.AbstractDirtiesContextTestExecutionListener - After test method: context [DefaultTestContext@299505f4 testClass = HadoopClientMapreduceWordcount, testInstance = ledger.hadoop.client.mapreduce.HadoopClientMapreduceWordcount@ce9ddcb, testMethod = test1@HadoopClientMapreduceWordcount, testException = java.lang.NullPointerException, mergedContextConfiguration = [MergedContextConfiguration@50cc714e testClass = HadoopClientMapreduceWordcount, locations = '{}', classes = '{class ledger.hadoop.config.HadoopConfig}', contextInitializerClasses = '[]', activeProfiles = '{}', propertySourceLocations = '{}', propertySourceProperties = '{}', contextCustomizers = set[org.springframework.boot.test.context.filter.ExcludeFilterContextCustomizer@7269a7d6, org.springframework.boot.test.mock.mockito.MockitoContextCustomizer@0, org.springframework.boot.test.autoconfigure.properties.PropertyMappingContextCustomizer@0, org.springframework.boot.test.autoconfigure.web.servlet.WebDriverContextCustomizerFactory$Customizer@1e305a31], contextLoader = 'org.springframework.test.context.support.AnnotationConfigContextLoader', parent = [null]]], class annotated with @DirtiesContext [false] with mode [null], method annotated with @DirtiesContext [false] with mode [null].
13:39:11.641 [Test worker] DEBUG org.springframework.test.context.support.AbstractDirtiesContextTestExecutionListener - After test class: context [DefaultTestContext@299505f4 testClass = HadoopClientMapreduceWordcount, testInstance = [null], testMethod = [null], testException = [null], mergedContextConfiguration = [MergedContextConfiguration@50cc714e testClass = HadoopClientMapreduceWordcount, locations = '{}', classes = '{class ledger.hadoop.config.HadoopConfig}', contextInitializerClasses = '[]', activeProfiles = '{}', propertySourceLocations = '{}', propertySourceProperties = '{}', contextCustomizers = set[org.springframework.boot.test.context.filter.ExcludeFilterContextCustomizer@7269a7d6, org.springframework.boot.test.mock.mockito.MockitoContextCustomizer@0, org.springframework.boot.test.autoconfigure.properties.PropertyMappingContextCustomizer@0, org.springframework.boot.test.autoconfigure.web.servlet.WebDriverContextCustomizerFactory$Customizer@1e305a31], contextLoader = 'org.springframework.test.context.support.AnnotationConfigContextLoader', parent = [null]]], class annotated with @DirtiesContext [false] with mode [null].
]]></system-out>
  <system-err><![CDATA[HDFS CONF : Configuration: core-default.xml, core-site.xml, mapred-default.xml, mapred-site.xml, yarn-default.xml, yarn-site.xml, hdfs-default.xml, hdfs-site.xml
]]></system-err>
</testsuite>
