<?xml version="1.0" encoding="UTF-8"?>
<testsuite name="ledger.hadoop.client.file.HadoopClientFileReadFromHDFSTest" tests="1" skipped="0" failures="0" errors="0" timestamp="2017-04-14T05:34:02" hostname="kait-PC" time="0.014">
  <properties/>
  <testcase name="HadoopClient" classname="ledger.hadoop.client.file.HadoopClientFileReadFromHDFSTest" time="0.014"/>
  <system-out><![CDATA[14:34:02.885 [Test worker] DEBUG org.springframework.test.context.junit4.SpringJUnit4ClassRunner - SpringJUnit4ClassRunner constructor called with [class ledger.hadoop.client.file.HadoopClientFileReadFromHDFSTest]
14:34:02.885 [Test worker] DEBUG org.springframework.test.context.BootstrapUtils - Instantiating CacheAwareContextLoaderDelegate from class [org.springframework.test.context.cache.DefaultCacheAwareContextLoaderDelegate]
14:34:02.885 [Test worker] DEBUG org.springframework.test.context.BootstrapUtils - Instantiating BootstrapContext using constructor [public org.springframework.test.context.support.DefaultBootstrapContext(java.lang.Class,org.springframework.test.context.CacheAwareContextLoaderDelegate)]
14:34:02.886 [Test worker] DEBUG org.springframework.test.context.BootstrapUtils - Instantiating TestContextBootstrapper for test class [ledger.hadoop.client.file.HadoopClientFileReadFromHDFSTest] from class [org.springframework.test.context.support.DefaultTestContextBootstrapper]
14:34:02.887 [Test worker] DEBUG org.springframework.test.context.support.DefaultTestContextBootstrapper - Found explicit ContextLoader class [org.springframework.test.context.support.AnnotationConfigContextLoader] for context configuration attributes [ContextConfigurationAttributes@167503bb declaringClass = 'ledger.hadoop.client.file.HadoopClientFileReadFromHDFSTest', classes = '{class ledger.hadoop.config.HadoopConfig}', locations = '{}', inheritLocations = true, initializers = '{}', inheritInitializers = true, name = [null], contextLoaderClass = 'org.springframework.test.context.support.AnnotationConfigContextLoader']
14:34:02.900 [Test worker] DEBUG org.springframework.test.context.support.ActiveProfilesUtils - Could not find an 'annotation declaring class' for annotation type [org.springframework.test.context.ActiveProfiles] and class [ledger.hadoop.client.file.HadoopClientFileReadFromHDFSTest]
14:34:02.900 [Test worker] DEBUG org.springframework.test.context.support.DefaultTestContextBootstrapper - @TestExecutionListeners is not present for class [ledger.hadoop.client.file.HadoopClientFileReadFromHDFSTest]: using defaults.
14:34:02.920 [Test worker] INFO org.springframework.test.context.support.DefaultTestContextBootstrapper - Loaded default TestExecutionListener class names from location [META-INF/spring.factories]: [org.springframework.boot.test.mock.mockito.MockitoTestExecutionListener, org.springframework.boot.test.mock.mockito.ResetMocksTestExecutionListener, org.springframework.boot.test.autoconfigure.restdocs.RestDocsTestExecutionListener, org.springframework.boot.test.autoconfigure.web.client.MockRestServiceServerResetTestExecutionListener, org.springframework.boot.test.autoconfigure.web.servlet.MockMvcPrintOnlyOnFailureTestExecutionListener, org.springframework.boot.test.autoconfigure.web.servlet.WebDriverTestExecutionListener, org.springframework.test.context.web.ServletTestExecutionListener, org.springframework.test.context.support.DirtiesContextBeforeModesTestExecutionListener, org.springframework.test.context.support.DependencyInjectionTestExecutionListener, org.springframework.test.context.support.DirtiesContextTestExecutionListener, org.springframework.test.context.transaction.TransactionalTestExecutionListener, org.springframework.test.context.jdbc.SqlScriptsTestExecutionListener]
14:34:02.923 [Test worker] INFO org.springframework.test.context.support.DefaultTestContextBootstrapper - Using TestExecutionListeners: [org.springframework.test.context.web.ServletTestExecutionListener@6206d569, org.springframework.test.context.support.DirtiesContextBeforeModesTestExecutionListener@b432d71, org.springframework.test.context.support.DependencyInjectionTestExecutionListener@6730c37a, org.springframework.test.context.support.DirtiesContextTestExecutionListener@435cc693, org.springframework.test.context.transaction.TransactionalTestExecutionListener@1725ee0c, org.springframework.test.context.jdbc.SqlScriptsTestExecutionListener@59f613c, org.springframework.boot.test.mock.mockito.ResetMocksTestExecutionListener@64d549e6, org.springframework.boot.test.mock.mockito.MockitoTestExecutionListener@419863b1, org.springframework.boot.test.autoconfigure.web.servlet.MockMvcPrintOnlyOnFailureTestExecutionListener@79f5a000, org.springframework.boot.test.autoconfigure.restdocs.RestDocsTestExecutionListener@71da883, org.springframework.boot.test.autoconfigure.web.client.MockRestServiceServerResetTestExecutionListener@49c95bff, org.springframework.boot.test.autoconfigure.web.servlet.WebDriverTestExecutionListener@4b4e2c9c]
14:34:02.923 [Test worker] DEBUG org.springframework.test.annotation.ProfileValueUtils - Retrieved @ProfileValueSourceConfiguration [null] for test class [ledger.hadoop.client.file.HadoopClientFileReadFromHDFSTest]
14:34:02.924 [Test worker] DEBUG org.springframework.test.annotation.ProfileValueUtils - Retrieved ProfileValueSource type [class org.springframework.test.annotation.SystemProfileValueSource] for class [ledger.hadoop.client.file.HadoopClientFileReadFromHDFSTest]
14:34:02.924 [Test worker] DEBUG org.springframework.test.annotation.ProfileValueUtils - Retrieved @ProfileValueSourceConfiguration [null] for test class [ledger.hadoop.client.file.HadoopClientFileReadFromHDFSTest]
14:34:02.924 [Test worker] DEBUG org.springframework.test.annotation.ProfileValueUtils - Retrieved ProfileValueSource type [class org.springframework.test.annotation.SystemProfileValueSource] for class [ledger.hadoop.client.file.HadoopClientFileReadFromHDFSTest]
14:34:02.925 [Test worker] DEBUG org.springframework.test.context.support.AbstractDirtiesContextTestExecutionListener - Before test class: context [DefaultTestContext@1fef6055 testClass = HadoopClientFileReadFromHDFSTest, testInstance = [null], testMethod = [null], testException = [null], mergedContextConfiguration = [MergedContextConfiguration@75dc9a9b testClass = HadoopClientFileReadFromHDFSTest, locations = '{}', classes = '{class ledger.hadoop.config.HadoopConfig}', contextInitializerClasses = '[]', activeProfiles = '{}', propertySourceLocations = '{}', propertySourceProperties = '{}', contextCustomizers = set[org.springframework.boot.test.context.filter.ExcludeFilterContextCustomizer@682484a5, org.springframework.boot.test.mock.mockito.MockitoContextCustomizer@0, org.springframework.boot.test.autoconfigure.properties.PropertyMappingContextCustomizer@0, org.springframework.boot.test.autoconfigure.web.servlet.WebDriverContextCustomizerFactory$Customizer@b3f373], contextLoader = 'org.springframework.test.context.support.AnnotationConfigContextLoader', parent = [null]]], class annotated with @DirtiesContext [false] with mode [null].
14:34:02.926 [Test worker] DEBUG org.springframework.test.annotation.ProfileValueUtils - Retrieved @ProfileValueSourceConfiguration [null] for test class [ledger.hadoop.client.file.HadoopClientFileReadFromHDFSTest]
14:34:02.926 [Test worker] DEBUG org.springframework.test.annotation.ProfileValueUtils - Retrieved ProfileValueSource type [class org.springframework.test.annotation.SystemProfileValueSource] for class [ledger.hadoop.client.file.HadoopClientFileReadFromHDFSTest]
14:34:02.926 [Test worker] DEBUG org.springframework.test.context.support.DependencyInjectionTestExecutionListener - Performing dependency injection for test context [[DefaultTestContext@1fef6055 testClass = HadoopClientFileReadFromHDFSTest, testInstance = ledger.hadoop.client.file.HadoopClientFileReadFromHDFSTest@7649317c, testMethod = [null], testException = [null], mergedContextConfiguration = [MergedContextConfiguration@75dc9a9b testClass = HadoopClientFileReadFromHDFSTest, locations = '{}', classes = '{class ledger.hadoop.config.HadoopConfig}', contextInitializerClasses = '[]', activeProfiles = '{}', propertySourceLocations = '{}', propertySourceProperties = '{}', contextCustomizers = set[org.springframework.boot.test.context.filter.ExcludeFilterContextCustomizer@682484a5, org.springframework.boot.test.mock.mockito.MockitoContextCustomizer@0, org.springframework.boot.test.autoconfigure.properties.PropertyMappingContextCustomizer@0, org.springframework.boot.test.autoconfigure.web.servlet.WebDriverContextCustomizerFactory$Customizer@b3f373], contextLoader = 'org.springframework.test.context.support.AnnotationConfigContextLoader', parent = [null]]]].
14:34:02.927 [Test worker] DEBUG org.springframework.test.context.cache.DefaultCacheAwareContextLoaderDelegate - Retrieved ApplicationContext from cache with key [[MergedContextConfiguration@75dc9a9b testClass = HadoopClientFileReadFromHDFSTest, locations = '{}', classes = '{class ledger.hadoop.config.HadoopConfig}', contextInitializerClasses = '[]', activeProfiles = '{}', propertySourceLocations = '{}', propertySourceProperties = '{}', contextCustomizers = set[org.springframework.boot.test.context.filter.ExcludeFilterContextCustomizer@682484a5, org.springframework.boot.test.mock.mockito.MockitoContextCustomizer@0, org.springframework.boot.test.autoconfigure.properties.PropertyMappingContextCustomizer@0, org.springframework.boot.test.autoconfigure.web.servlet.WebDriverContextCustomizerFactory$Customizer@b3f373], contextLoader = 'org.springframework.test.context.support.AnnotationConfigContextLoader', parent = [null]]]
14:34:02.927 [Test worker] DEBUG org.springframework.test.context.cache - Spring test ApplicationContext cache statistics: [DefaultContextCache@799a9518 size = 2, maxSize = 32, parentContextCount = 0, hitCount = 9, missCount = 2]
14:34:02.930 [Test worker] DEBUG org.springframework.beans.factory.annotation.InjectionMetadata - Processing injected element of bean 'ledger.hadoop.client.file.HadoopClientFileReadFromHDFSTest': ResourceElement for private ledger.hadoop.config.LedgerHdfsClient ledger.hadoop.client.file.HadoopClientFileReadFromHDFSTest.ledgerHdfsClient
14:34:02.930 [Test worker] DEBUG org.springframework.beans.factory.support.DefaultListableBeanFactory - Returning cached instance of singleton bean 'LedgerHdfsClient'
14:34:02.933 [Test worker] DEBUG org.springframework.test.context.support.AbstractDirtiesContextTestExecutionListener - Before test method: context [DefaultTestContext@1fef6055 testClass = HadoopClientFileReadFromHDFSTest, testInstance = ledger.hadoop.client.file.HadoopClientFileReadFromHDFSTest@7649317c, testMethod = HadoopClient@HadoopClientFileReadFromHDFSTest, testException = [null], mergedContextConfiguration = [MergedContextConfiguration@75dc9a9b testClass = HadoopClientFileReadFromHDFSTest, locations = '{}', classes = '{class ledger.hadoop.config.HadoopConfig}', contextInitializerClasses = '[]', activeProfiles = '{}', propertySourceLocations = '{}', propertySourceProperties = '{}', contextCustomizers = set[org.springframework.boot.test.context.filter.ExcludeFilterContextCustomizer@682484a5, org.springframework.boot.test.mock.mockito.MockitoContextCustomizer@0, org.springframework.boot.test.autoconfigure.properties.PropertyMappingContextCustomizer@0, org.springframework.boot.test.autoconfigure.web.servlet.WebDriverContextCustomizerFactory$Customizer@b3f373], contextLoader = 'org.springframework.test.context.support.AnnotationConfigContextLoader', parent = [null]]], class annotated with @DirtiesContext [false] with mode [null], method annotated with @DirtiesContext [false] with mode [null].
14:34:02.934 [Test worker] DEBUG org.springframework.test.context.cache.DefaultCacheAwareContextLoaderDelegate - Retrieved ApplicationContext from cache with key [[MergedContextConfiguration@75dc9a9b testClass = HadoopClientFileReadFromHDFSTest, locations = '{}', classes = '{class ledger.hadoop.config.HadoopConfig}', contextInitializerClasses = '[]', activeProfiles = '{}', propertySourceLocations = '{}', propertySourceProperties = '{}', contextCustomizers = set[org.springframework.boot.test.context.filter.ExcludeFilterContextCustomizer@682484a5, org.springframework.boot.test.mock.mockito.MockitoContextCustomizer@0, org.springframework.boot.test.autoconfigure.properties.PropertyMappingContextCustomizer@0, org.springframework.boot.test.autoconfigure.web.servlet.WebDriverContextCustomizerFactory$Customizer@b3f373], contextLoader = 'org.springframework.test.context.support.AnnotationConfigContextLoader', parent = [null]]]
14:34:02.934 [Test worker] DEBUG org.springframework.test.context.cache - Spring test ApplicationContext cache statistics: [DefaultContextCache@799a9518 size = 2, maxSize = 32, parentContextCount = 0, hitCount = 10, missCount = 2]
14:34:02.934 [Test worker] DEBUG org.springframework.beans.factory.support.DefaultListableBeanFactory - Returning cached instance of singleton bean 'org.springframework.boot.test.mock.mockito.MockitoBeans'
File Transfers (Reads) From HDFS Start!
14:34:02.936 [IPC Parameter Sending Thread #0] DEBUG org.apache.hadoop.ipc.Client - IPC Client (625835514) connection to /192.168.1.129:9000 from kait sending #3
14:34:02.939 [IPC Client (625835514) connection to /192.168.1.129:9000 from kait] DEBUG org.apache.hadoop.ipc.Client - IPC Client (625835514) connection to /192.168.1.129:9000 from kait got value #3
14:34:02.939 [Test worker] DEBUG org.apache.hadoop.ipc.ProtobufRpcEngine - Call: getBlockLocations took 4ms
14:34:02.940 [Test worker] DEBUG org.apache.hadoop.hdfs.DFSClient - newInfo = LocatedBlocks{
  fileLength=28
  underConstruction=false
  blocks=[LocatedBlock{BP-1570460884-127.0.1.1-1492130562839:blk_1073741831_1007; getBlockSize()=28; corrupt=false; offset=0; locs=[DatanodeInfoWithStorage[192.168.1.129:50010,DS-240452f0-89de-4ce4-895d-43ca9884bd8c,DISK]]}]
  lastLocatedBlock=LocatedBlock{BP-1570460884-127.0.1.1-1492130562839:blk_1073741831_1007; getBlockSize()=28; corrupt=false; offset=0; locs=[DatanodeInfoWithStorage[192.168.1.129:50010,DS-240452f0-89de-4ce4-895d-43ca9884bd8c,DISK]]}
  isLastBlockComplete=true}
14:34:02.940 [Test worker] DEBUG org.apache.hadoop.hdfs.DFSClient - Connecting to datanode 192.168.1.129:50010
14:34:02.943 [Test worker] WARN org.apache.hadoop.hdfs.DFSClient - DFSInputStream has been closed already
Output : Hello, I'm Youngseok Joung.
File Transfers (Reads) From HDFS End!
14:34:02.943 [Test worker] DEBUG org.springframework.test.context.cache.DefaultCacheAwareContextLoaderDelegate - Retrieved ApplicationContext from cache with key [[MergedContextConfiguration@75dc9a9b testClass = HadoopClientFileReadFromHDFSTest, locations = '{}', classes = '{class ledger.hadoop.config.HadoopConfig}', contextInitializerClasses = '[]', activeProfiles = '{}', propertySourceLocations = '{}', propertySourceProperties = '{}', contextCustomizers = set[org.springframework.boot.test.context.filter.ExcludeFilterContextCustomizer@682484a5, org.springframework.boot.test.mock.mockito.MockitoContextCustomizer@0, org.springframework.boot.test.autoconfigure.properties.PropertyMappingContextCustomizer@0, org.springframework.boot.test.autoconfigure.web.servlet.WebDriverContextCustomizerFactory$Customizer@b3f373], contextLoader = 'org.springframework.test.context.support.AnnotationConfigContextLoader', parent = [null]]]
14:34:02.944 [Test worker] DEBUG org.springframework.test.context.cache - Spring test ApplicationContext cache statistics: [DefaultContextCache@799a9518 size = 2, maxSize = 32, parentContextCount = 0, hitCount = 11, missCount = 2]
14:34:02.944 [Test worker] DEBUG org.springframework.test.context.cache.DefaultCacheAwareContextLoaderDelegate - Retrieved ApplicationContext from cache with key [[MergedContextConfiguration@75dc9a9b testClass = HadoopClientFileReadFromHDFSTest, locations = '{}', classes = '{class ledger.hadoop.config.HadoopConfig}', contextInitializerClasses = '[]', activeProfiles = '{}', propertySourceLocations = '{}', propertySourceProperties = '{}', contextCustomizers = set[org.springframework.boot.test.context.filter.ExcludeFilterContextCustomizer@682484a5, org.springframework.boot.test.mock.mockito.MockitoContextCustomizer@0, org.springframework.boot.test.autoconfigure.properties.PropertyMappingContextCustomizer@0, org.springframework.boot.test.autoconfigure.web.servlet.WebDriverContextCustomizerFactory$Customizer@b3f373], contextLoader = 'org.springframework.test.context.support.AnnotationConfigContextLoader', parent = [null]]]
14:34:02.944 [Test worker] DEBUG org.springframework.test.context.cache - Spring test ApplicationContext cache statistics: [DefaultContextCache@799a9518 size = 2, maxSize = 32, parentContextCount = 0, hitCount = 12, missCount = 2]
14:34:02.945 [Test worker] DEBUG org.springframework.test.context.cache.DefaultCacheAwareContextLoaderDelegate - Retrieved ApplicationContext from cache with key [[MergedContextConfiguration@75dc9a9b testClass = HadoopClientFileReadFromHDFSTest, locations = '{}', classes = '{class ledger.hadoop.config.HadoopConfig}', contextInitializerClasses = '[]', activeProfiles = '{}', propertySourceLocations = '{}', propertySourceProperties = '{}', contextCustomizers = set[org.springframework.boot.test.context.filter.ExcludeFilterContextCustomizer@682484a5, org.springframework.boot.test.mock.mockito.MockitoContextCustomizer@0, org.springframework.boot.test.autoconfigure.properties.PropertyMappingContextCustomizer@0, org.springframework.boot.test.autoconfigure.web.servlet.WebDriverContextCustomizerFactory$Customizer@b3f373], contextLoader = 'org.springframework.test.context.support.AnnotationConfigContextLoader', parent = [null]]]
14:34:02.946 [Test worker] DEBUG org.springframework.test.context.cache - Spring test ApplicationContext cache statistics: [DefaultContextCache@799a9518 size = 2, maxSize = 32, parentContextCount = 0, hitCount = 13, missCount = 2]
14:34:02.946 [Test worker] DEBUG org.springframework.beans.factory.support.DefaultListableBeanFactory - Returning cached instance of singleton bean 'org.springframework.boot.test.mock.mockito.MockitoBeans'
14:34:02.946 [Test worker] DEBUG org.springframework.test.context.support.AbstractDirtiesContextTestExecutionListener - After test method: context [DefaultTestContext@1fef6055 testClass = HadoopClientFileReadFromHDFSTest, testInstance = ledger.hadoop.client.file.HadoopClientFileReadFromHDFSTest@7649317c, testMethod = HadoopClient@HadoopClientFileReadFromHDFSTest, testException = [null], mergedContextConfiguration = [MergedContextConfiguration@75dc9a9b testClass = HadoopClientFileReadFromHDFSTest, locations = '{}', classes = '{class ledger.hadoop.config.HadoopConfig}', contextInitializerClasses = '[]', activeProfiles = '{}', propertySourceLocations = '{}', propertySourceProperties = '{}', contextCustomizers = set[org.springframework.boot.test.context.filter.ExcludeFilterContextCustomizer@682484a5, org.springframework.boot.test.mock.mockito.MockitoContextCustomizer@0, org.springframework.boot.test.autoconfigure.properties.PropertyMappingContextCustomizer@0, org.springframework.boot.test.autoconfigure.web.servlet.WebDriverContextCustomizerFactory$Customizer@b3f373], contextLoader = 'org.springframework.test.context.support.AnnotationConfigContextLoader', parent = [null]]], class annotated with @DirtiesContext [false] with mode [null], method annotated with @DirtiesContext [false] with mode [null].
14:34:02.947 [Test worker] DEBUG org.springframework.test.context.support.AbstractDirtiesContextTestExecutionListener - After test class: context [DefaultTestContext@1fef6055 testClass = HadoopClientFileReadFromHDFSTest, testInstance = [null], testMethod = [null], testException = [null], mergedContextConfiguration = [MergedContextConfiguration@75dc9a9b testClass = HadoopClientFileReadFromHDFSTest, locations = '{}', classes = '{class ledger.hadoop.config.HadoopConfig}', contextInitializerClasses = '[]', activeProfiles = '{}', propertySourceLocations = '{}', propertySourceProperties = '{}', contextCustomizers = set[org.springframework.boot.test.context.filter.ExcludeFilterContextCustomizer@682484a5, org.springframework.boot.test.mock.mockito.MockitoContextCustomizer@0, org.springframework.boot.test.autoconfigure.properties.PropertyMappingContextCustomizer@0, org.springframework.boot.test.autoconfigure.web.servlet.WebDriverContextCustomizerFactory$Customizer@b3f373], contextLoader = 'org.springframework.test.context.support.AnnotationConfigContextLoader', parent = [null]]], class annotated with @DirtiesContext [false] with mode [null].
]]></system-out>
  <system-err><![CDATA[]]></system-err>
</testsuite>
