<?xml version="1.0" encoding="UTF-8"?>
<testsuite name="ledger.ApplicationTest" tests="1" skipped="0" failures="0" errors="0" timestamp="2017-04-12T02:49:40" hostname="kait-PC" time="0.063">
  <properties/>
  <testcase name="contextLoads" classname="ledger.ApplicationTest" time="0.063"/>
  <system-out><![CDATA[11:49:33.774 [Test worker] DEBUG org.springframework.test.context.junit4.SpringJUnit4ClassRunner - SpringJUnit4ClassRunner constructor called with [class ledger.ApplicationTest]
11:49:33.790 [Test worker] DEBUG org.springframework.test.context.BootstrapUtils - Instantiating CacheAwareContextLoaderDelegate from class [org.springframework.test.context.cache.DefaultCacheAwareContextLoaderDelegate]
11:49:33.790 [Test worker] DEBUG org.springframework.test.context.BootstrapUtils - Instantiating BootstrapContext using constructor [public org.springframework.test.context.support.DefaultBootstrapContext(java.lang.Class,org.springframework.test.context.CacheAwareContextLoaderDelegate)]
11:49:33.852 [Test worker] DEBUG org.springframework.test.context.BootstrapUtils - Instantiating TestContextBootstrapper for test class [ledger.ApplicationTest] from class [org.springframework.boot.test.context.SpringBootTestContextBootstrapper]
11:49:33.868 [Test worker] INFO org.springframework.boot.test.context.SpringBootTestContextBootstrapper - Neither @ContextConfiguration nor @ContextHierarchy found for test class [ledger.ApplicationTest], using SpringBootContextLoader
11:49:33.868 [Test worker] DEBUG org.springframework.test.context.support.AbstractContextLoader - Did not detect default resource location for test class [ledger.ApplicationTest]: class path resource [ledger/ApplicationTest-context.xml] does not exist
11:49:33.868 [Test worker] DEBUG org.springframework.test.context.support.AbstractContextLoader - Did not detect default resource location for test class [ledger.ApplicationTest]: class path resource [ledger/ApplicationTestContext.groovy] does not exist
11:49:33.868 [Test worker] INFO org.springframework.test.context.support.AbstractContextLoader - Could not detect default resource locations for test class [ledger.ApplicationTest]: no resource found for suffixes {-context.xml, Context.groovy}.
11:49:33.868 [Test worker] INFO org.springframework.test.context.support.AnnotationConfigContextLoaderUtils - Could not detect default configuration classes for test class [ledger.ApplicationTest]: ApplicationTest does not declare any static, non-private, non-final, nested classes annotated with @Configuration.
11:49:33.915 [Test worker] DEBUG org.springframework.test.context.support.ActiveProfilesUtils - Could not find an 'annotation declaring class' for annotation type [org.springframework.test.context.ActiveProfiles] and class [ledger.ApplicationTest]
11:49:33.915 [Test worker] DEBUG org.springframework.core.env.StandardEnvironment - Adding [systemProperties] PropertySource with lowest search precedence
11:49:33.915 [Test worker] DEBUG org.springframework.core.env.StandardEnvironment - Adding [systemEnvironment] PropertySource with lowest search precedence
11:49:33.915 [Test worker] DEBUG org.springframework.core.env.StandardEnvironment - Initialized StandardEnvironment with PropertySources [systemProperties,systemEnvironment]
11:49:33.930 [Test worker] DEBUG org.springframework.core.io.support.PathMatchingResourcePatternResolver - Resolved classpath location [ledger/] to resources [URL [file:/C:/Users/kait/git/hadoopfirstapp/firsthadoopapp/build/classes/test/ledger/], URL [file:/C:/Users/kait/git/hadoopfirstapp/firsthadoopapp/build/classes/main/ledger/]]
11:49:33.930 [Test worker] DEBUG org.springframework.core.io.support.PathMatchingResourcePatternResolver - Looking for matching resources in directory tree [C:\Users\kait\git\hadoopfirstapp\firsthadoopapp\build\classes\test\ledger]
11:49:33.930 [Test worker] DEBUG org.springframework.core.io.support.PathMatchingResourcePatternResolver - Searching directory [C:\Users\kait\git\hadoopfirstapp\firsthadoopapp\build\classes\test\ledger] for files matching pattern [C:/Users/kait/git/hadoopfirstapp/firsthadoopapp/build/classes/test/ledger/*.class]
11:49:33.930 [Test worker] DEBUG org.springframework.core.io.support.PathMatchingResourcePatternResolver - Looking for matching resources in directory tree [C:\Users\kait\git\hadoopfirstapp\firsthadoopapp\build\classes\main\ledger]
11:49:33.930 [Test worker] DEBUG org.springframework.core.io.support.PathMatchingResourcePatternResolver - Searching directory [C:\Users\kait\git\hadoopfirstapp\firsthadoopapp\build\classes\main\ledger] for files matching pattern [C:/Users/kait/git/hadoopfirstapp/firsthadoopapp/build/classes/main/ledger/*.class]
11:49:33.946 [Test worker] DEBUG org.springframework.core.io.support.PathMatchingResourcePatternResolver - Resolved location pattern [classpath*:ledger/*.class] to resources [file [C:\Users\kait\git\hadoopfirstapp\firsthadoopapp\build\classes\test\ledger\ApplicationTest.class], file [C:\Users\kait\git\hadoopfirstapp\firsthadoopapp\build\classes\main\ledger\Application.class]]
11:49:34.008 [Test worker] DEBUG org.springframework.context.annotation.ClassPathScanningCandidateComponentProvider - Identified candidate component class: file [C:\Users\kait\git\hadoopfirstapp\firsthadoopapp\build\classes\main\ledger\Application.class]
11:49:34.008 [Test worker] INFO org.springframework.boot.test.context.SpringBootTestContextBootstrapper - Found @SpringBootConfiguration ledger.Application for test class ledger.ApplicationTest
11:49:34.008 [Test worker] DEBUG org.springframework.boot.test.context.SpringBootTestContextBootstrapper - @TestExecutionListeners is not present for class [ledger.ApplicationTest]: using defaults.
11:49:34.024 [Test worker] INFO org.springframework.boot.test.context.SpringBootTestContextBootstrapper - Loaded default TestExecutionListener class names from location [META-INF/spring.factories]: [org.springframework.boot.test.mock.mockito.MockitoTestExecutionListener, org.springframework.boot.test.mock.mockito.ResetMocksTestExecutionListener, org.springframework.boot.test.autoconfigure.restdocs.RestDocsTestExecutionListener, org.springframework.boot.test.autoconfigure.web.client.MockRestServiceServerResetTestExecutionListener, org.springframework.boot.test.autoconfigure.web.servlet.MockMvcPrintOnlyOnFailureTestExecutionListener, org.springframework.boot.test.autoconfigure.web.servlet.WebDriverTestExecutionListener, org.springframework.test.context.web.ServletTestExecutionListener, org.springframework.test.context.support.DirtiesContextBeforeModesTestExecutionListener, org.springframework.test.context.support.DependencyInjectionTestExecutionListener, org.springframework.test.context.support.DirtiesContextTestExecutionListener, org.springframework.test.context.transaction.TransactionalTestExecutionListener, org.springframework.test.context.jdbc.SqlScriptsTestExecutionListener]
11:49:34.055 [Test worker] INFO org.springframework.boot.test.context.SpringBootTestContextBootstrapper - Using TestExecutionListeners: [org.springframework.test.context.web.ServletTestExecutionListener@1b7f6af, org.springframework.test.context.support.DirtiesContextBeforeModesTestExecutionListener@563689b0, org.springframework.boot.test.autoconfigure.SpringBootDependencyInjectionTestExecutionListener@58be45c1, org.springframework.test.context.support.DirtiesContextTestExecutionListener@18b5fe36, org.springframework.test.context.transaction.TransactionalTestExecutionListener@26897101, org.springframework.test.context.jdbc.SqlScriptsTestExecutionListener@44900769, org.springframework.boot.test.autoconfigure.restdocs.RestDocsTestExecutionListener@6e2ad277, org.springframework.boot.test.autoconfigure.web.servlet.MockMvcPrintOnlyOnFailureTestExecutionListener@59d9d5ca, org.springframework.boot.test.autoconfigure.web.servlet.WebDriverTestExecutionListener@34b5b689, org.springframework.boot.test.mock.mockito.MockitoTestExecutionListener@70da4439, org.springframework.boot.test.mock.mockito.ResetMocksTestExecutionListener@485b993f, org.springframework.boot.test.autoconfigure.web.client.MockRestServiceServerResetTestExecutionListener@5f3b627b]
11:49:34.055 [Test worker] DEBUG org.springframework.test.annotation.ProfileValueUtils - Retrieved @ProfileValueSourceConfiguration [null] for test class [ledger.ApplicationTest]
11:49:34.055 [Test worker] DEBUG org.springframework.test.annotation.ProfileValueUtils - Retrieved ProfileValueSource type [class org.springframework.test.annotation.SystemProfileValueSource] for class [ledger.ApplicationTest]
11:49:34.055 [Test worker] DEBUG org.springframework.test.annotation.ProfileValueUtils - Retrieved @ProfileValueSourceConfiguration [null] for test class [ledger.ApplicationTest]
11:49:34.055 [Test worker] DEBUG org.springframework.test.annotation.ProfileValueUtils - Retrieved ProfileValueSource type [class org.springframework.test.annotation.SystemProfileValueSource] for class [ledger.ApplicationTest]
11:49:34.071 [Test worker] DEBUG org.springframework.test.context.support.AbstractDirtiesContextTestExecutionListener - Before test class: context [DefaultTestContext@2b8db763 testClass = ApplicationTest, testInstance = [null], testMethod = [null], testException = [null], mergedContextConfiguration = [WebMergedContextConfiguration@5f7acd02 testClass = ApplicationTest, locations = '{}', classes = '{class ledger.Application}', contextInitializerClasses = '[]', activeProfiles = '{}', propertySourceLocations = '{}', propertySourceProperties = '{org.springframework.boot.test.context.SpringBootTestContextBootstrapper=true}', contextCustomizers = set[org.springframework.boot.test.context.SpringBootTestContextCustomizer@49def54d, org.springframework.boot.test.context.filter.ExcludeFilterContextCustomizer@54611cdd, org.springframework.boot.test.mock.mockito.MockitoContextCustomizer@0, org.springframework.boot.test.autoconfigure.properties.PropertyMappingContextCustomizer@0, org.springframework.boot.test.autoconfigure.web.servlet.WebDriverContextCustomizerFactory$Customizer@6e96d38c], resourceBasePath = 'src/main/webapp', contextLoader = 'org.springframework.boot.test.context.SpringBootContextLoader', parent = [null]]], class annotated with @DirtiesContext [false] with mode [null].
11:49:34.071 [Test worker] DEBUG org.springframework.test.annotation.ProfileValueUtils - Retrieved @ProfileValueSourceConfiguration [null] for test class [ledger.ApplicationTest]
11:49:34.071 [Test worker] DEBUG org.springframework.test.annotation.ProfileValueUtils - Retrieved ProfileValueSource type [class org.springframework.test.annotation.SystemProfileValueSource] for class [ledger.ApplicationTest]
11:49:34.180 [Test worker] DEBUG org.springframework.core.env.StandardEnvironment - Adding [systemProperties] PropertySource with lowest search precedence
11:49:34.180 [Test worker] DEBUG org.springframework.core.env.StandardEnvironment - Adding [systemEnvironment] PropertySource with lowest search precedence
11:49:34.180 [Test worker] DEBUG org.springframework.core.env.StandardEnvironment - Initialized StandardEnvironment with PropertySources [systemProperties,systemEnvironment]
11:49:34.180 [Test worker] DEBUG org.springframework.core.env.MutablePropertySources - Adding [inline] PropertySource with highest search precedence
11:49:34.180 [Test worker] DEBUG org.springframework.test.context.support.TestPropertySourceUtils - Adding inlined properties to environment: {spring.jmx.enabled=false, org.springframework.boot.test.context.SpringBootTestContextBootstrapper=true, server.port=-1}
11:49:34.180 [Test worker] DEBUG org.springframework.core.env.StandardEnvironment - Adding [Inlined Test Properties] PropertySource with highest search precedence

  .   ____          _            __ _ _
 /\\ / ___'_ __ _ _(_)_ __  __ _ \ \ \ \
( ( )\___ | '_ | '_| | '_ \/ _` | \ \ \ \
 \\/  ___)| |_)| | | | | || (_| |  ) ) ) )
  '  |____| .__|_| |_|_| |_\__, | / / / /
 =========|_|==============|___/=/_/_/_/
 :: Spring Boot ::        (v1.5.2.RELEASE)

2017-04-12 11:49:34.696  INFO 1460 --- [    Test worker] ledger.ApplicationTest                   : Starting ApplicationTest on kait-PC with PID 1460 (started by kait in C:\Users\kait\git\hadoopfirstapp\firsthadoopapp)
2017-04-12 11:49:34.696  INFO 1460 --- [    Test worker] ledger.ApplicationTest                   : No active profile set, falling back to default profiles: default
2017-04-12 11:49:34.758  INFO 1460 --- [    Test worker] o.s.w.c.s.GenericWebApplicationContext   : Refreshing org.springframework.web.context.support.GenericWebApplicationContext@4a161d83: startup date [Wed Apr 12 11:49:34 KST 2017]; root of context hierarchy
2017-04-12 11:49:36.621  INFO 1460 --- [    Test worker] f.a.AutowiredAnnotationBeanPostProcessor : JSR-330 'javax.inject.Inject' annotation found and supported for autowiring
2017-04-12 11:49:36.761  INFO 1460 --- [    Test worker] trationDelegate$BeanPostProcessorChecker : Bean 'dataSource' of type [org.apache.commons.dbcp2.BasicDataSource] is not eligible for getting processed by all BeanPostProcessors (for example: not eligible for auto-proxying)
2017-04-12 11:49:36.824  INFO 1460 --- [    Test worker] j.LocalContainerEntityManagerFactoryBean : Building JPA container EntityManagerFactory for persistence unit 'default'
2017-04-12 11:49:36.839  INFO 1460 --- [    Test worker] o.hibernate.jpa.internal.util.LogHelper  : HHH000204: Processing PersistenceUnitInfo [
	name: default
	...]
2017-04-12 11:49:36.949  INFO 1460 --- [    Test worker] org.hibernate.Version                    : HHH000412: Hibernate Core {5.2.9.Final}
2017-04-12 11:49:36.949  INFO 1460 --- [    Test worker] org.hibernate.cfg.Environment            : HHH000206: hibernate.properties not found
2017-04-12 11:49:37.011  INFO 1460 --- [    Test worker] o.hibernate.annotations.common.Version   : HCANN000001: Hibernate Commons Annotations {5.0.1.Final}
2017-04-12 11:49:37.449  INFO 1460 --- [    Test worker] org.hibernate.dialect.Dialect            : HHH000400: Using dialect: org.hibernate.dialect.Oracle10gDialect
2017-04-12 11:49:37.964  INFO 1460 --- [    Test worker] j.LocalContainerEntityManagerFactoryBean : Initialized JPA EntityManagerFactory for persistence unit 'default'
2017-04-12 11:49:37.964  INFO 1460 --- [    Test worker] trationDelegate$BeanPostProcessorChecker : Bean 'entityManagerFactory' of type [org.springframework.orm.jpa.LocalContainerEntityManagerFactoryBean] is not eligible for getting processed by all BeanPostProcessors (for example: not eligible for auto-proxying)
2017-04-12 11:49:37.964  INFO 1460 --- [    Test worker] trationDelegate$BeanPostProcessorChecker : Bean 'hibernateConfig' of type [ledger.config.HibernateConfig$$EnhancerBySpringCGLIB$$940e2e55] is not eligible for getting processed by all BeanPostProcessors (for example: not eligible for auto-proxying)
2017-04-12 11:49:38.089  INFO 1460 --- [    Test worker] trationDelegate$BeanPostProcessorChecker : Bean 'org.springframework.transaction.annotation.ProxyTransactionManagementConfiguration' of type [org.springframework.transaction.annotation.ProxyTransactionManagementConfiguration$$EnhancerBySpringCGLIB$$8c3978c3] is not eligible for getting processed by all BeanPostProcessors (for example: not eligible for auto-proxying)
2017-04-12 11:49:39.246  INFO 1460 --- [    Test worker] s.w.s.m.m.a.RequestMappingHandlerAdapter : Looking for @ControllerAdvice: org.springframework.web.context.support.GenericWebApplicationContext@4a161d83: startup date [Wed Apr 12 11:49:34 KST 2017]; root of context hierarchy
2017-04-12 11:49:39.386  INFO 1460 --- [    Test worker] s.w.s.m.m.a.RequestMappingHandlerMapping : Mapped "{[/hadoop/client]}" onto public java.lang.String ledger.hadoop.client.web.HadoopClientController.HadoopClient(java.lang.String) throws java.io.IOException
2017-04-12 11:49:39.386  INFO 1460 --- [    Test worker] s.w.s.m.m.a.RequestMappingHandlerMapping : Mapped "{[/ysindex]}" onto public ledger.index.domain.Index ledger.index.web.IndexController.index(java.lang.String)
2017-04-12 11:49:39.386  INFO 1460 --- [    Test worker] s.w.s.m.m.a.RequestMappingHandlerMapping : Mapped "{[/error]}" onto public org.springframework.http.ResponseEntity<java.util.Map<java.lang.String, java.lang.Object>> org.springframework.boot.autoconfigure.web.BasicErrorController.error(javax.servlet.http.HttpServletRequest)
2017-04-12 11:49:39.386  INFO 1460 --- [    Test worker] s.w.s.m.m.a.RequestMappingHandlerMapping : Mapped "{[/error],produces=[text/html]}" onto public org.springframework.web.servlet.ModelAndView org.springframework.boot.autoconfigure.web.BasicErrorController.errorHtml(javax.servlet.http.HttpServletRequest,javax.servlet.http.HttpServletResponse)
2017-04-12 11:49:39.449  INFO 1460 --- [    Test worker] o.s.w.s.handler.SimpleUrlHandlerMapping  : Mapped URL path [/webjars/**] onto handler of type [class org.springframework.web.servlet.resource.ResourceHttpRequestHandler]
2017-04-12 11:49:39.449  INFO 1460 --- [    Test worker] o.s.w.s.handler.SimpleUrlHandlerMapping  : Mapped URL path [/**] onto handler of type [class org.springframework.web.servlet.resource.ResourceHttpRequestHandler]
2017-04-12 11:49:39.511  INFO 1460 --- [    Test worker] o.s.w.s.handler.SimpleUrlHandlerMapping  : Mapped URL path [/**/favicon.ico] onto handler of type [class org.springframework.web.servlet.resource.ResourceHttpRequestHandler]
2017-04-12 11:49:39.558  INFO 1460 --- [    Test worker] oConfiguration$WelcomePageHandlerMapping : Adding welcome page: ServletContext resource [/index.html]
2017-04-12 11:49:40.167  INFO 1460 --- [    Test worker] ledger.ApplicationTest                   : Started ApplicationTest in 5.971 seconds (JVM running for 7.372)
]]></system-out>
  <system-err><![CDATA[]]></system-err>
</testsuite>
